Running as regular user pi
 16777215

     4452     4357      570     1622      569      556
      539     1626      566     1653      539      561
      545      554      541     1650      541      560
      546      553      542     1622      570      556
      539      560      545     1621      571     1647
      548      552      540     1627      564      559
      546      553      542      557      538     1627
      565     1652      540     1626      564     1653
      539     1629      572     1618      567     1625
      574     1619      573      553      542      558
      537      562      544      556      539      562
      544      554      543      556      537      561
      544      555      540     1651      541      559
      547     1619      573     1624      568      553
      542      557      538      561      544      555
      540      559      546      553      542      557
      538     1654      538     5221     4441     4361
      564     1628      564      562      544     1623
      569     1622      570      556      540      559
      545     1620      572      556      539      562
      544     1618      573      552      543      557
      539     1627      565     1628      564      565
      541     1624      568      556      539      561
      545      555      541     1625      567     1625
      569     1622      566     1626      566     1628
      564     1626      566     1627      565     1626
      566      560      546      554      541      558
      537      562      544      558      548      550
      548      551      541      558      538      561
      544     1647      566      533      540     1625
      567     1628      564      558      547      552
      595      504      592      508      598      502
      593      506      590      510      596     1601
      538    18815-pulse  1558863-space

  1535888-space

     4437     4354      571     1621      571      555
      540     1654      538     1652      540      533
      572      553      542     1623      568      559
      546      533      562     1620      571      555
      540      559      546     1619      573     1646
      546      557      538     1626      566      558
      547      552      543      556      539     1626
      566     1652      541     1625      565     1626
      566     1627      574     1616      565     1627
      564     1628      564      562      544      555
      540      559      547      553      543      558
      547      550      547      552      541      557
      538      561      545     1647      545      554
      541     1624      567     1629      563      558
      547      552      544      555      540      559
      546      553      542      557      538     1653
      539     1653      539     5221     4441     4362
      573     1619      572      554      542     1623
      568     1624      567      558      548      551
      543     1622      569      558      547      554
      542     1621      571      555      540      560
      546     1620      572     1620      571      556
      539     1627      564      560      546      553
      542      558      538     1628      574     1621
      561     1628      574     1619      573     1621
      570     1620      572     1622      570     1621
      570      556      540      560      546      554
      541      558      547      554      541      559
      536      561      545      554      541      558
      548     1644      539      561      544     1621
      571     1624      568      555      540      560
      598      501      594      506      590      510
      596      503      592     1600      595     1572
      616    17365-pulse  1427370-space

  1407219-space

     4431     4385      571     1623      568      555
      540     1626      566     1626      566      560
      546      554      541     1625      567      560
      546      552      543     1623      569      557
      538      535      571     1647      548     1645
      544      556      539     1629      573      550
      545      555      540      559      546     1647
      545     1646      546     1621      571     1621
      570     1625      567     1627      565     1651
      541     1624      566      559      546      553
      542      557      538      562      544      556
      539      558      547      552      543      556
      539      560      546     1645      547      553
      542     1626      565     1626      566      558
      548      551      544      555      540      560
      546      553      542     1651      541      558
      547     1617      575     5216     4433     4367
      571     1622      570      555      540     1625
      566     1626      566      560      545      554
      541     1628      564      561      545      552
      542     1624      568      558      538      562
      544     1621      572     1621      570      556
      540     1628      564      560      546      554
      541      558      547     1621      570     1619
      572     1620      572     1621      571     1624
      569     1622      569     1623      568     1624
      567      559      547      553      542      558
      538      562      544      558      538      560
      546      554      541      558      547      552
      543     1649      543      557      539     1628
      564     1630      572      552      543      557
      591      509      597      503      592      507
      599     1570      569      553      594     1574
      566    14589-pulse  1374625-space

  1350852-space

     4427     4368      568     1624      568      558
      547     1621      571     1619      573      553
      542      557      538     1653      539      563
      543      554      541     1626      566      558
      547      552      543     1623      569     1649
      542      558      538     1660      542      552
      543      557      539      561      545     1621
      592     1627      544     1622      569     1621
      570     1624      568     1622      570     1652
      541     1623      568      557      538      562
      544      555      540      559      546      555
      540      557      538      565      542      554
      540      559      546     1646      546      554
      541     1625      567     1628      567      557
      546      554      541      558      548      552
      544      556      539     1652      571     1621
      540     1625      566     5221     4438     4364
      564     1628      574      552      544     1622
      569     1623      569      557      539      561
      545     1621      571      557      543      555
      547     1618      573      552      543      556
      539     1626      565     1626      567      559
      545     1621      570      553      541      558
      548      551      544     1622      570     1626
      566     1623      569     1624      568     1626
      565     1625      567     1627      565     1626
      565      560      545      555      540      559
      546      553      543      559      547      553
      542      554      541      558      547      552
      543     1648      543      556      539     1627
      565     1630      573      550      544      556
      592      508      598      501      594      506
      590     1602      590     1579      561     1630
      624    15965-pulse  1366028-space

  1338972-space

     4456     4361      567     1622      569      556
      539     1653      539     1627      567      558
      545      554      541     1624      588      540
      545      553      543     1623      569      557
      538      563      543     1621      592     1600
      572      554      539     1628      564      560
      546      557      538      558      538     1627
      596     1596      565     1627      564     1628
      564     1629      573     1616      565     1627
      566     1626      564      565      541      555
      540      559      546      553      542      560
      546      551      544      555      540      559
      546      553      542     1651      562      537
      548     1618      574     1620      571      552
      543      557      538      561      548      551
      541     1651      572      528      547      553
      543     1622      570     5218     4430     4375
      563     1627      565      561      544     1621
      571     1621      572      554      540      559
      547     1619      595      533      540      557
      538     1627      565      561      548      552
      540     1625      598     1593      567      559
      547     1621      571      553      543      556
      538      561      544     1621      592     1600
      571     1621      571     1624      568     1623
      569     1621      570     1621      570     1621
      570      556      539      559      546      553
      542      557      538      563      543      555
      540      559      547      553      543      557
      538     1630      593      530      545     1621
      572     1622      569      555      540      559
      599      502      593      505      590     1575
      595      530      596      504      592     1576
      573    21453-pulse  1251552-space

  1226359-space

     4428     4381      567     1622      570      530
      566     1652      540     1628      564      560
      546      554      541     1624      588      540
      545      552      543     1623      570      556
      538      561      545     1620      592     1600
      571      555      540     1657      535      560
      546      554      541      558      548     1618
      595     1597      564     1628      575     1617
      573     1621      571     1619      573     1620
      572     1624      567      554      541      559
      547      553      543      556      539      562
      544      553      543      556      539      560
      547      553      541     1623      589      536
      538     1627      564     1630      572      552
      547      553      539      560      546      553
      542     1624      589      537      548     1618
      564     1628      574     5212     4439     4363
      572     1620      571      554      541     1626
      566     1625      566      560      546      553
      541     1623      590      538      546      551
      544     1621      592      534      540      559
      547     1618      594     1597      574      552
      543     1625      567      556      539      560
      546      553      542     1623      590     1602
      569     1625      566     1622      570     1624
      568     1622      570     1623      569     1621
      571      555      540      559      546      553
      543      557      538      563      543      554
      541      561      544      552      543      556
      539     1626      597      528      546     1619
      573     1621      571      552      542      558
      590      509      596      503      593     1573
      598      528      599     1566      576     1617
      623    17333-pulse  1367345-space

  1346824-space

     4427     4372      566     1629      562      560
      545     1647      545     1621      571      555
      540      559      546     1646      567      533
      541      557      538     1627      596      529
      545      555      540     1625      598     1597
      564      559      546     1621      570      554
      541      558      547      552      543     1624
      589     1602      569     1623      569     1624
      568     1627      565     1628      564     1625
      566     1626      566      561      545      553
      541      558      538      561      545      556
      538      559      547      552      543      556
      539      560      545     1646      567      533
      541     1627      564     1627      565      559
      546      553      542      558      548      552
      544     1649      565     1601      569      556
      539     1625      566     5222     4426     4371
      568     1624      567      559      547     1619
      573     1619      572      554      541      558
      551     1614      595      532      542      555
      540     1626      597      528      547      553
      542     1624      589     1602      568      558
      538     1630      572      552      544      556
      539      560      546     1623      589     1600
      571     1622      570     1623      569     1626
      565     1624      568     1624      568     1624
      567      559      547      552      543      559
      536      560      545      556      539      558
      538      561      544      555      540      559
      546     1619      593      534      541     1624
      567     1627      565      559      546      552
      595      504      591      508      598     1570
      590     1599      572      554      593     1574
      565    12808-pulse  1362840-space

  1334904-space

     4434     4372      566     1624      568      558
      548     1618      574     1618      574      552
      543      556      539     1627      596      532
      543      555      540     1625      598      528
      546      553      554     1612      588     1603
      567      558      547     1620      571      552
      543      556      542      557      545     1620
      593     1599      571     1621      571     1620
      571     1624      568     1621      571     1621
      571     1621      572      555      540      563
      543      554      541      558      537      564
      542      556      539      560      546      554
      541      558      548     1619      594      531
      544     1648      543     1625      567      557
      538      561      545      555      540      562
      544     1619      594     1598      573     1619
      573     1619      573     5215     4434     4371
      567     1623      569      557      538     1628
      574     1619      572      553      542      557
      538     1628      564      564      541      556
      540     1626      600      526      545      554
      540     1625      598     1594      566      560
      546     1622      571      553      541      558
      547      552      543     1623      590     1602
      569     1623      572     1621      568     1627
      565     1626      566     1626      566     1627
      565      560      545      554      541      558
      548      551      544      558      538      559
      546      553      542      558      541      559
      544     1622      591      535      539     1627
      596     1598      574      550      544      557
      591      508      598      502      593     1573
      598     1594      566     1627      617     1580
      622    17932-pulse  1327944-space

  1302765-space

     4430     4376      572     1620      572      554
      541     1651      541     1628      563      559
      546      553      542     1624      589      539
      546      552      544     1626      587      535
      539      561      545     1621      592     1601
      570      556      539     1632      570      551
      544      555      540      559      546     1619
      593     1599      571     1621      572     1621
      569     1624      568     1623      569     1622
      569     1626      566      556      539      561
      545      555      540      559      547      555
      540      557      538      561      545      555
      541      558      546     1619      594      532
      542     1624      589     1605      566      558
      550      549      543      556      539     1627
      596      529      545      555      540      559
      547     1617      574     5213     4436     4366
      561     1628      564      562      544     1622
      574     1618      569      557      538      561
      545     1621      592      536      539      559
      546     1622      590      532      542      558
      548     1618      594     1598      572      553
      542     1627      565      558      547      552
      543      556      539     1627      597     1595
      566     1629      563     1626      566     1628
      564     1625      566     1625      566     1627
      565      560      546      554      541      558
      547      552      543      559      547      550
      545      554      541      562      544      553
      543     1623      589      535      539     1627
      565     1629      572      552      545      555
      539      560      598     1567      594      532
      594      505      590      509      597     1571
      572    19626-pulse  1379670-space

  1350836-space

     4435     4371      567     1623      568      558
      538     1655      547     1618      573      553
      543      557      541     1624      596      532
      543      555      540     1626      597      529
      545      554      541     1626      597     1594
      566      559      546     1621      570      554
      542      558      548      551      547     1619
      591     1602      569     1623      569     1623
      568     1627      565     1625      567     1626
      567     1626      565      561      545      555
      543      556      546      553      542      560
      546      552      543      556      539      560
      545      554      541     1625      598      529
      546     1619      593     1601      569      555
      540      559      546      553      542     1626
      587      536      538      561      545     1621
      592     1600      571     5219     4429     4376
      562     1626      565      561      545     1621
      571     1621      570      557      539      560
      546     1620      592      536      539      558
      546     1619      594      532      542      561
      535     1627      596     1597      564      562
      544     1625      567      557      538      561
      545      555      539     1626      597     1596
      565     1627      564     1628      577     1618
      571     1619      573     1619      572     1619
      572      553      543      557      538      561
      544      555      540      561      545      553
      543      556      539      560      545      554
      541     1624      589      537      547     1619
      594     1601      571      553      541      558
      547      552      597     1568      591      534
      592      507      598     1567      593     1601
      622    21004-pulse  1331039-space

  1310776-space

     4440     4355      570     1625      567      556
      539     1653      570     1596      564      562
      544      556      539     1628      596      531
      543      554      541     1625      598      528
      546      553      542     1624      592     1601
      567      559      547     1647      545      553
      542      558      548      552      544     1623
      590     1601      570     1623      569     1623
      569     1625      567     1627      565     1624
      568     1625      567      559      547      552
      543      556      538      562      544      556
      539      558      547      552      543      556
      539      560      545     1620      593      533
      541     1628      563     1628      564      560
      546      554      541      558      547     1645
      568      532      543     1623      567      558
      547     1617      575     5216     4432     4370
      568     1623      568      558      547     1619
      573     1620      572      554      541      559
      548     1619      593      535      539      558
      548     1617      594      532      543      557
      539     1631      592     1597      574      552
      543     1625      566      557      538      562
      544      556      540     1625      597     1595
      566     1626      566     1626      566     1629
      573     1616      565     1627      565     1627
      564      562      544      555      542      558
      545      553      542      559      546      551
      545      554      540      558      547      552
      543     1621      591      538      537     1625
      566     1627      565      559      547      552
      594      505      590     1577      594      530
      596     1570      590      535      591     1577
      573    22506-pulse  1312537-space

  1286811-space

     4432     4380      568     1621      570      529
      566     1652      571     1598      563      561
      545      555      541     1625      597      531
      544      553      542     1624      590      536
      547      552      543     1622      591     1601
      570      556      539     1655      551      547
      545      555      540      560      546     1620
      592     1600      571     1622      570     1624
      568     1625      566     1624      568     1625
      567     1629      563      561      545      553
      541      558      548      552      543      558
      547      550      545      555      540      559
      546      554      542     1623      590      536
      538     1628      564     1630      572      552
      543      560      535      561      545     1621
      592      534      540     1626      597     1595
      566     1626      566     5220     4441     4361
      564     1628      573      553      543     1624
      567     1624      567      559      547      553
      542     1624      589      540      545      556
      539     1623      590      536      539      561
      545     1621      592     1601      570      556
      541     1627      574      550      545      555
      540      559      547     1619      594     1598
      575     1617      572     1620      572     1623
      569     1621      570     1623      569     1622
      570      556      570      529      545      554
      541      558      547      554      541      556
      542      558      545      554      541      558
      548     1617      595      530      544     1622
      591     1604      567      557      591      508
      597      502      593     1573      598      528
      598     1568      592     1603      568     1623
      620    15717-pulse  1375727-space

  1351097-space

     4462     4364      564     1626      566      560
      545     1648      547     1646      543      557
      538      562      544     1649      564      512
      573      552      544     1651      563      536
      538      562      544     1623      590     1601
      569      557      538     1634      568      552
      543      557      538      561      544     1622
      591     1602      569     1624      567     1625
      567     1629      573     1618      574     1620
      572     1623      568      555      540      560
      546      554      541      559      547      555
      540      558      538      562      544      557
      539      560      546     1620      592      534
      540     1626      597     1598      573      552
      544      556      539      561      545     1622
      591     1602      568      558      547      553
      543     1623      569     5218     4433     4373
      573     1620      572      554      541     1626
      597     1595      566      560      545      555
      540     1627      596      531      543      558
      537     1627      596      530      544      556
      539     1627      596     1597      573      553
      543     1625      565      559      547      553
      542      558      538     1628      595     1597
      576     1616      573     1619      572     1623
      569     1622      570     1624      567     1625
      567      560      567      533      541      559
      547      553      543      559      547      551
      547      553      540      560      546      554
      541     1625      598      528      547     1620
      592     1603      569      554      540      559
      546      554      593     1573      598     1595
      565      561      597      506      589     1576
      574    16817-pulse  1406831-space

  1383174-space

     4431     4370      566     1627      565      561
      545     1649      542     1621      571      555
      540      559      547     1645      568      534
      540      557      537     1630      595      530
      544      555      540     1626      597     1595
      565      560      545     1651      540      554
      541      558      547      552      543     1623
      590     1602      569     1624      568     1622
      569     1625      567     1623      569     1626
      567     1622      569      556      570      529
      545      554      541      558      538      563
      542      555      540      561      546      552
      542      556      539     1626      597      529
      546     1619      593     1601      573      551
      541      558      547      552      543     1622
      591     1601      570      556      539     1627
      596     1594      566     5221     4440     4360
      565     1627      566      560      545     1621
      592     1600      571      555      540      559
      546     1619      597      531      541      557
      538     1628      595      530      544      555
      540     1626      597     1596      565      560
      546     1621      570      553      542      558
      538      561      544     1621      595     1597
      571     1620      571     1621      571     1624
      568     1624      568     1622      569     1622
      569      556      570      529      545      554
      541      558      547      558      538      557
      538      561      545      555      540      559
      546     1619      594      532      542     1624
      589     1604      566      557      538      561
      596      503      592     1574      597     1599
      562      561      597     1569      592     1603
      620    13698-pulse  1223733-space

  1194191-space

     4431     4362      565     1630      562      562
      544     1649      564     1602      568      557
      538      536      570     1625      588      538
      547      551      544     1622      591      535
      540      560      545     1648      565     1600
      570      556      571     1624      547      551
      544      555      540      560      546     1624
      589     1601      570     1622      570     1623
      569     1625      568     1623      567     1625
      567     1625      567      559      546      553
      543      557      548      552      543      558
      548      550      545      554      541      558
      547      552      543     1623      590      536
      540     1626      595     1598      572      552
      544      556      539      560      546     1646
      570     1596      572     1620      572      554
      541     1623      568     5220     4429     4377
      562     1628      574      552      544     1623
      590     1602      570      556      538      561
      545     1621      592      536      538      559
      546     1619      593      533      545      555
      547     1619      594     1599      572      554
      541     1627      565      559      547      554
      542      557      538     1627      596     1597
      564     1628      574     1622      570     1622
      570     1620      571     1621      570     1623
      569      558      538      561      544      555
      540      560      546      556      539      558
      537      562      544      556      539      560
      546     1622      591      532      542     1624
      589     1605      565      558      547      552
      595      507      589     1574      595     1597
      574     1619      573      553      594     1574
      569    19590-pulse  1249601-space

  1226437-space

     4432     4375      573     1619      573      553
      562     1630      541     1625      567      559
      546      553      542     1624      589      539
      546      551      545     1620      591      535
      539      560      545     1621      592     1601
      570      556      571     1597      573      551
      544      555      540      560      546     1647
      566     1601      572     1622      569     1623
      568     1626      566     1625      567     1627
      565     1627      564      562      544      555
      540      559      546      553      542      560
      546      551      546      554      539      560
      546      553      542     1624      589      537
      538     1628      596     1599      571      552
      543      557      539      561      545     1621
      591     1602      569     1624      567     1624
      567     1625      567     5222     4436     4367
      571     1621      570      554      541     1624
      567     1625      567      559      546      553
      542     1624      589      538      547      550
      544     1621      591      534      540      560
      546     1621      592     1599      572      554
      541     1627      565      559      547      553
      542      557      538     1628      595     1596
      564     1628      574     1618      573     1621
      572     1619      571     1621      570     1622
      569      557      538      561      544      555
      540      559      546      555      540      557
      538      562      544      556      539      560
      546     1620      592      534      541     1625
      597     1597      574      549      597      502
      593      507      599     1567      594     1598
      572     1620      572     1621      623     1571
      620    20989-pulse  1291035-space

  1262621-space

     4427     4373      565     1625      567      559
      546     1646      567     1599      571      555
      541      535      570     1619      594      534
      540      558      538     1627      596      530
      544      555      540     1629      595     1595
      565      563      544     1649      541      555
      540      560      546      559      536     1625
      598     1594      567     1625      566     1626
      566     1630      572     1617      565     1627
      574     1619      573      553      542      558
      541      558      544      555      540      562
      544      554      541      558      548      552
      544      556      539     1626      598      528
      545     1621      592     1602      569      555
      540      560      546     1620      596      530
      541      559      546      553      542      558
      538     1627      575     5213     4435     4369
      570     1622      569      557      538     1628
      564     1629      573      553      544      557
      538     1628      595      533      540      557
      538     1628      595      531      544      556
      542     1623      597     1595      565      560
      545     1623      569      555      540      559
      546      554      541     1624      589     1604
      566     1626      566     1627      565     1633
      569     1618      573     1619      573     1619
      573      553      542      558      537      561
      544      555      540      561      544      553
      542      557      538      562      544      555
      540     1628      595      527      547     1619
      594     1600      570      553      563      537
      538     1632      592      529      596      503
      592      507      599      500      595     1572
      568    12826-pulse  1272846-space

  1246720-space

     4460     4361      567     1623      569      557
      538     1654      538     1628      564      561
      544      555      540     1651      572      530
      545      553      542     1623      590      537
      538      560      545     1646      566     1599
      572      554      541     1627      565      559
      546      553      542      558      538     1628
      595     1597      574     1618      573     1620
      572     1621      571     1619      572     1620
      572     1620      574      552      541      559
      546      553      543      556      539      562
      543      554      541      558      538      561
      544      555      542     1624      588      537
      547     1619      594     1600      570      554
      541      558      550     1616      594      532
      542      558      538      562      544     1622
      591     1600      572     5215     4432     4372
      566     1623      568      557      538     1628
      596     1596      574      552      543      556
      539     1626      597      531      544      554
      541     1627      586      536      547      552
      543     1623      590     1602      569      556
      539     1630      572      551      544      555
      540      560      546     1620      592     1600
      571     1625      567     1622      569     1624
      567     1623      569     1623      569     1624
      568      557      538      562      544      555
      540      559      546      555      540      557
      538      561      545      557      538      558
      548     1617      595      530      544     1622
      591     1603      568      557      571      528
      545     1620      592      533      593      506
      599      500      595     1570      590     1607
      564    18377-pulse  1278414-space

  1250546-space

     4458     4365      563     1627      565      561
      545     1620      592     1600      571      555
      542      557      546     1646      567      535
      539      558      547     1618      594      532
      542      558      539     1627      594     1598
      573      553      542     1625      566      557
      538      561      548      552      540     1625
      598     1594      567     1626      566     1627
      575     1620      572     1617      564     1628
      574     1620      572      554      541      558
      547      552      544      556      539      562
      543      554      541      558      547      552
      543      556      539     1654      569      530
      545     1621      591     1603      568      556
      539      560      545     1620      592      533
      541      558      547     1618      594      531
      543     1622      570     5217     4431     4372
      566     1626      566      560      545     1620
      571     1622      569      555      540      560
      546     1620      592      535      539      560
      546     1619      593      536      538      558
      548     1618      594     1598      573      553
      563     1605      566      558      548      552
      542      557      538     1628      595     1597
      573     1619      572     1621      571     1623
      568     1622      570     1622      570     1623
      570      556      538      561      544      555
      540      560      546      555      540      558
      538      562      544      555      540      560
      549     1617      592      534      541     1626
      597     1598      573      550      597      503
      592     1575      596      529      597      503
      592     1574      618      508      598     1570
      570    20075-pulse  1390089-space

  1363316-space

     4434     4379      569     1621      571      530
      566     1652      571     1596      567      559
      544      555      540     1626      597      531
      544      555      541     1626      597      529
      546      553      540     1626      597     1595
      565      561      544     1623      568      555
      543      557      546      554      541     1624
      588     1631      540     1626      566     1628
      564     1629      573     1618      574     1619
      572     1620      572      557      539      557
      547      552      543      556      539      562
      543      554      541      559      547      553
      543      557      538     1629      594      531
      544     1623      569     1626      566      558
      548      552      543     1627      586      537
      547      552      543     1623      590     1602
      569     1625      569     5217     4433     4369
      566     1627      565      561      545     1622
      591     1601      570      556      570      529
      545     1621      592      537      538      560
      546     1624      590      533      540      559
      546     1619      593     1599      572      554
      541     1629      564      559      546      553
      542      558      548     1618      595     1598
      573     1620      571     1622      570     1625
      567     1624      567     1626      567     1626
      565      561      544      556      540      560
      545      555      540      561      544      553
      542      558      551      549      543      556
      539     1627      596      531      544     1623
      590     1604      566      559      538      561
      596     1570      590      536      591      509
      597     1569      623     1572      619     1572
      620    16754-pulse  1236818-space

  1214485-space

     4425     4368      568     1624      568      558
      551     1641      538     1628      564      562
      544      556      539     1626      597      531
      543      556      539     1625      598      528
      546      554      541     1623      589     1603
      572      554      547     1647      545      553
      542      558      538      562      544     1622
      591     1603      568     1623      569     1623
      569     1625      567     1623      569     1626
      566     1623      569      557      538      561
      544      555      540      559      546      555
      540      558      537      561      545      554
      541      558      548     1618      594      531
      543     1623      589     1608      563      558
      547      552      543     1622      590      535
      539     1627      596      531      543     1622
      591     1601      570     5220     4428     4371
      567     1626      566      559      546     1620
      593     1600      571      555      571      529
      546     1623      589      536      538      560
      547     1619      593      533      541      558
      547     1619      595     1598      571      554
      541     1628      564      560      546      554
      541      559      547     1622      590     1599
      572     1621      571     1622      570     1624
      568     1622      568     1624      568     1624
      567      559      547      553      543      557
      541      558      544      557      539      558
      547      552      543      556      539      559
      546     1619      593      532      543     1623
      588     1605      567      557      589      510
      596     1570      590      535      592     1574
      597      529      597     1568      592     1602
      621    22314-pulse  1322360-space

  1294706-space

     4426     4374      564     1625      566      560
      546     1646      546     1621      571      557
      538      560      546     1620      593      535
      539      559      547     1619      594      532
      542      558      549     1617      594     1598
      573      554      542     1626      565      558
      547      552      546      553      539     1626
      597     1595      565     1627      565     1628
      565     1629      572     1618      573     1619
      573     1620      572      554      542      557
      547      552      543      556      539      563
      543      554      541      559      547      553
      543      557      538     1629      594      531
      543     1623      590     1604      567      557
      538      561      544     1625      588      534
      540     1626      597     1595      566     1626
      565     1627      565     5222     4439     4364
      571     1621      570      556      571     1597
      595     1596      564      561      545      554
      541     1625      598      530      545      553
      544     1625      587      535      539      561
      545     1620      592     1599      571      554
      541     1628      564      559      547      553
      543      557      538     1627      596     1596
      565     1631      561     1628      564     1630
      572     1617      564     1628      565     1628
      574      552      543      557      538      561
      545      555      540      561      545      553
      542      558      541      558      544      555
      540     1625      597      528      546     1620
      592     1602      570      555      571      528
      598     1568      592      534      593     1573
      598     1594      569     1624      617     1577
      625    15455-pulse  1435485-space

  1411347-space

     4431     4357      569     1623      569      556
      539     1655      568     1595      565      561
      545      554      541     1625      598      530
      544      553      542     1625      587      537
      547      552      543     1622      590     1601
      570      556      539     1632      570      550
      545      555      540      559      546     1619
      594     1598      573     1620      571     1620
      571     1623      568     1622      570     1623
      572     1621      568      558      548      552
      544      556      539      560      545      556
      539      558      548      552      545      555
      539      560      546     1620      593      533
      541     1625      598     1597      567      557
      545      554      541     1625      598     1594
      566      559      546      553      542     1624
      588     1602      569     5218     4433     4369
      566     1625      570      557      546     1645
      567     1598      573      553      542      557
      538     1627      596      535      540      555
      540     1624      588      538      547      553
      543     1623      590     1603      568      556
      539     1629      573      551      544      555
      540      559      546     1619      593     1601
      569     1619      573     1619      573     1621
      571     1619      574     1618      573     1619
      572      553      563      537      538      562
      544      555      540      562      547      550
      542      558      538      562      544      556
      539     1626      597      529      545     1620
      593     1602      569      554      593      506
      599     1566      594     1597      573      552
      598      501      591     1575      617     1577
      573    14213-pulse  1204258-space

  1174236-space

     4435     4372      566     1629      563      560
      545     1647      566     1600      571      555
      540      559      547     1620      593      532
      542      555      540     1625      598      528
      546      553      542     1623      591     1601
      569      557      539     1655      547      551
      544      555      540      560      546     1623
      590     1599      571     1621      571     1621
      571     1624      568     1623      568     1624
      567     1626      566      560      546      553
      541      558      547      552      543      558
      537      560      546      554      541      558
      548      552      544     1648      565      535
      540     1627      596     1597      573      551
      544      555      540     1626      597     1599
      562      562      544     1623      569     1623
      568     1623      569     5220     4429     4375
      564     1627      565      561      544     1622
      591     1602      569      556      539      561
      545     1621      591      537      548      550
      546     1620      593      536      538      559
      547     1619      594     1598      573      553
      563     1605      566      558      549      550
      543      556      539     1626      597     1595
      565     1628      564     1632      570     1621
      571     1620      572     1621      571     1622
      571      555      570      529      545      554
      541      558      547      554      541      556
      539      560      545      554      541      558
      550     1615      594      532      543     1623
      589     1605      566      558      590      510
      601     1565      590     1601      570      556
      591     1574      597     1595      618     1579
      613    17822-pulse  1257853-space

  1230606-space

     4427     4365      563     1627      565      561
      544     1648      565     1601      570      559
      536      560      545     1621      592      536
      538      559      546     1619      593      533
      542      560      546     1618      594     1598
      573      553      542     1627      565      559
      547      557      538      558      538     1654
      569     1597      574     1619      573     1621
      572     1621      570     1620      572     1621
      570     1624      569      557      542      558
      544      556      539      560      545      556
      539      559      547      553      543      557
      538      561      545     1622      591      534
      540     1625      597     1597      564      560
      546      554      541     1628      595     1595
      566     1627      565      561      544     1622
      570     1622      569     5216     4435     4367
      569     1623      569      557      539     1628
      564     1627      564      562      544      555
      540     1626      598      531      543      553
      545     1620      589      536      538      562
      544     1621      592     1601      570      556
      539     1630      572      550      545      555
      540      559      546     1619      594     1599
      572     1624      568     1621      570     1624
      567     1623      569     1624      567     1625
      567      559      546      553      541      558
      547      552      543      558      547      550
      545      557      538      558      547      552
      543     1622      590      535      539     1626
      597     1598      573      549      545      555
      593     1573      598     1594      566     1626
      617      509      600     1565      623     1571
      621    15066-pulse  1255136-space

  1234580-space

     4451     4365      572     1623      569      554
      541     1651      572     1595      566      560
      545      554      541     1653      571      530
      544      553      542     1624      588      537
      547      552      543     1622      590     1604
      566      556      570     1623      548      550
      545      554      541      558      537     1629
      594     1623      538     1628      564     1628
      574     1621      571     1623      569     1621
      571     1622      570      557      570      529
      545      554      541      558      549      553
      541      556      539      560      545      554
      541      558      548     1644      569      530
      544     1624      588     1603      568      556
      539      560      546     1619      593     1599
      573     1619      571     1621      571     1622
      570     1622      570     5221     4428     4373
      566     1626      566      560      546     1620
      593     1603      568      555      540      559
      546     1619      593      535      540      558
      547     1619      594      531      543      557
      539     1627      596     1597      564      562
      544     1625      570      554      538      562
      544      556      539     1627      596     1596
      564     1628      564     1630      573     1621
      570     1619      573     1619      572     1623
      569      554      541      558      549      551
      543      556      539      563      543      554
      541      558      547      552      543      558
      538     1627      596      530      545     1621
      592     1603      569      555      591      509
      597     1569      623     1569      571     1622
      622     1570      622     1572      620     1573
      618    16123-pulse  1206153-space

  1182276-space

     4433     4371      566     1626      566      560
      545     1624      589     1601      570      556
      539      561      545     1620      592      536
      539      559      547     1620      592      532
      542      557      538     1627      596     1596
      564      561      544     1653      539      555
      540      560      546      553      542     1623
      589     1602      569     1625      567     1624
      568     1627      565     1625      567     1625
      567     1626      566      560      546      554
      542      557      538      561      544      557
      538      559      547      552      544      555
      539      560      546     1619      593      533
      541     1624      588     1606      568      556
      547     1645      567      532      542      557
      538      561      545      554      541     1624
      589     1601      569     5217     4434     4369
      566     1626      565      561      546     1620
      591     1601      570      556      571      529
      546     1620      593      535      543      555
      548     1617      596      530      544      555
      540     1626      597     1595      567      560
      545     1622      570      554      541      558
      537      562      544     1621      591     1604
      567     1622      570     1622      570     1624
      567     1623      569     1624      568     1622
      569      557      538      561      545      554
      541      559      547      554      541      560
      536      561      545      555      540      559
      546     1620      593      533      541     1625
      598     1597      563      560      567     1600
      593      533      592      507      598      501
      594      506      599     1569      591     1601
      570    16128-pulse  1296163-space

  1266701-space

     4427     4369      569     1626      566      557
      538     1654      538     1628      564      562
      565      534      540     1629      595      531
      543      554      541     1625      588      538
      547      553      543     1624      589     1602
      569      557      538     1656      547      551
      544      556      539      560      546     1620
      593     1599      572     1620      571     1621
      571     1626      567     1620      571     1621
      571     1621      571      554      573      527
      546      553      546      554      538      563
      543      555      540      559      546      553
      542      557      538     1628      596      530
      545     1621      591     1603      567      556
      570     1596      596      530      545      555
      541      559      547     1619      593     1599
      572     1619      572     5217     4432     4374
      564     1625      566      560      567     1599
      592     1600      571      555      571      529
      545     1620      592      536      538      559
      546     1620      594      533      544      556
      547     1619      594     1598      573      553
      563     1605      566      558      547      554
      542      556      539     1626      597     1595
      597     1595      565     1630      561     1630
      572     1618      574     1619      573     1620
      572      555      561      537      547      552
      543      556      539      562      543      554
      541      558      548      552      543      556
      539     1630      593      530      544     1622
      591     1604      567      557      570     1596
      597      529      596      503      592      507
      599     1567      594     1598      572     1622
      625    19459-pulse  1249466-space

  1226488-space

     4433     4377      570     1622      570      556
      570     1625      567     1596      564      562
      565      535      539     1627      596      532
      543      556      539     1625      597      529
      546      554      541     1625      598     1594
      566      562      543     1647      545      553
      543      557      538      561      545     1621
      592     1601      592     1600      570     1622
      569     1625      567     1623      568     1628
      564     1625      566      560      566      532
      542      558      548      552      544      558
      538      560      547      553      541      558
      537      562      544     1621      591      534
      540     1652      571     1597      564      560
      567     1625      567      533      541      558
      547     1618      594      532      543     1624
      588     1602      568     5221     4441     4363
      572     1621      570      555      572     1620
      572     1595      566      560      566      533
      541     1627      585      539      545      553
      542     1622      590      535      570      529
      545     1620      592     1601      570      555
      572     1623      538      560      546      554
      541      558      548     1621      592     1597
      574     1619      573     1620      572     1623
      569     1622      570     1622      569     1623
      569      557      569      530      544      555
      540      563      543      555      540      558
      538      561      544      555      540      559
      546     1619      593      533      542     1625
      587     1606      565      561      597     1568
      598      528      593      507      599     1570
      622      501      594     1571      620     1574
      566    13042-pulse  1323055-space

  1294703-space

     4455     4360      567     1622      569      556
      570     1622      570     1596      564      561
      565      537      537     1626      597      530
      544      553      542     1623      589      537
      538      562      544     1623      590     1602
      569      557      570     1625      546      552
      543      557      538      564      542     1621
      592     1601      591     1601      570     1622
      568     1627      565     1624      567     1625
      567     1625      566      559      567      532
      545      554      538      562      544      557
      538      559      546      553      543      557
      539      561      545     1621      593      533
      540     1652      571     1597      574      549
      567     1626      566      534      575      525
      546     1620      593     1599      592     1600
      592     1599      573     5215     4433     4374
      565     1625      588      538      568     1624
      568     1598      594      533      562      538
      547     1619      594      534      540      557
      538     1631      592      531      565      535
      539     1627      596     1596      564      562
      565     1631      540      556      570      529
      545      554      541     1624      589     1603
      589     1603      589     1604      598     1596
      565     1626      597     1595      597     1596
      596      529      566      533      541      558
      547      552      543      558      547      550
      545      554      541      561      545      551
      543     1622      591      534      571     1594
      597     1597      564      560      599     1567
      592      534      593      507      599     1567
      593     1600      592     1603      620     1571
      569    16226-pulse  1386285-space

  1363119-space

     4434     4370      568     1624      588      538
      568     1627      565     1598      594      532
      564      536      538     1627      596      532
      542      558      538     1625      597      529
      566      533      541     1624      589     1603
      589      537      572     1622      545      552
      564      536      538      561      545     1622
      591     1601      592     1601      569     1623
      569     1625      567     1623      569     1626
      587     1602      590      536      571      529
      545      555      540      559      547      555
      540      557      539      561      544      554
      541      559      547     1619      594      531
      543     1649      564     1607      564      557
      569     1623      569      531      565     1628
      564      536      570      530      545     1622
      591     1599      571     5217     4434     4368
      568     1626      597      527      568     1624
      568     1598      593      533      562      537
      548     1621      592      533      541      557
      539     1627      595      530      565      535
      540     1625      598     1596      596      528
      567     1600      570      553      562      537
      548      551      544     1624      589     1600
      591     1601      591     1602      590     1605
      566     1626      597     1594      597     1595
      596      530      566      534      540      559
      547      552      546      555      547      550
      545      554      541      558      547      552
      543     1623      590      536      570     1597
      595     1598      573      552      564     1603
      589      537      569     1597      597      529
      594      506      590     1577      594     1600
      571    13185-pulse  1473219-space

  1451380-space

     4429     4375      572     1620      592      537
      569     1621      571     1596      596      530
      565      534      540     1626      597      532
      543      554      541     1624      588      538
      547      553      543     1623      590     1605
      566      556      570     1624      547      550
      566      533      541      559      547     1618
      594     1599      593     1598      593     1599
      592     1602      568     1622      591     1601
      570     1622      571      555      570      529
      545      555      540      559      546      555
      541      556      538      561      544      555
      540      559      546     1619      593      533
      541     1650      565     1603      565      559
      568     1624      568      532      563     1629
      563      537      568     1625      567     1598
      594     1598      573     5217     4431     4370
      569     1623      569      557      570     1623
      569     1597      594      532      566      534
      547     1618      594      534      540      557
      539     1627      595      531      565      535
      539     1630      593     1596      596      530
      565     1629      541      556      570      529
      545      556      539     1625      598     1594
      597     1595      596     1596      595     1602
      568     1619      594     1599      593     1599
      571      555      572      532      542      553
      542      558      538      564      542      555
      540      559      546      553      542      557
      539     1627      600      526      566     1599
      592     1601      570      553      593     1572
      588      537      601     1565      594      532
      595     1597      563     1603      620     1574
      568    19697-pulse  1379758-space

  1359100-space

     4428     4359      567     1625      566      559
      567     1625      567     1598      593      533
      562      537      548     1645      568      532
      542      555      540     1625      598      527
      547      553      543     1649      564     1606
      586      537      569     1625      546      552
      564      535      539      561      545     1620
      594     1598      592     1599      593     1599
      592     1602      569     1626      587     1601
      591     1601      591      535      570      530
      545      555      540      559      547      554
      540      557      538      561      545      555
      540      559      547     1619      594      532
      543     1652      561     1604      567      557
      570     1623      569      531      564     1628
      565     1602      589      537      569     1623
      568     1597      573     5218     4431     4371
      567     1624      598      528      567     1625
      567     1599      595      531      561      538
      547     1620      593      534      540      558
      548     1618      595      531      568      533
      539     1626      597     1596      596      530
      565     1629      542      556      571      532
      542      554      541     1625      588     1604
      598     1594      597     1596      595     1597
      573     1617      595     1597      595     1597
      574      556      561      536      538      561
      544      555      540      561      544      553
      543      556      539      560      545      554
      541     1625      587      538      546     1619
      594     1601      570      554      562     1603
      592      534      590     1602      569     1597
      595      530      596     1569      591     1604
      567    18508-pulse  1548547-space

  1519792-space

     4436     4376      563     1627      596      529
      566     1625      566     1600      592      534
      572      528      547     1619      593      535
      540      558      547     1619      594      532
      563      537      548     1645      568     1597
      595      531      565     1629      542      556
      571      529      546      554      545     1621
      589     1603      589     1602      589     1603
      589     1607      564     1625      598     1594
      597     1595      598      528      566      534
      541      559      547      553      543      559
      547      550      545      554      541      559
      547      553      543     1622      600      526
      569     1622      570     1598      573      551
      565     1627      565      535      571     1624
      568     1595      597     1595      596     1596
      596     1596      565     5221     4440     4362
      574     1619      594      532      564     1603
      589     1602      589      536      569      530
      544     1622      591      537      549      549
      545     1623      590      534      572      528
      546     1619      594     1598      593      532
      563     1607      564      559      567      532
      543      557      539     1627      596     1596
      596     1600      592     1597      595     1599
      572     1618      594     1597      596     1596
      594      531      564      535      539      560
      546      553      542      559      546      551
      544      555      543      556      547      552
      543     1622      590      535      570     1595
      596     1598      574      550      564     1601
      591      535      592     1574      597     1595
      597     1597      594     1594      597     1596
      574    14429-pulse  1744442-space

  1720684-space

     4458     4358      591     1601      590      535
      570     1624      568     1595      597      529
      567      533      542     1650      563      539
      546      552      544     1649      564      534
      571      502      572     1645      568     1598
      594      532      564     1633      538      557
      570     1622      570     1596      595     1597
      595     1598      594      530      566     1600
      591     1603      568     1623      590      539
      567      529      545      555      540      559
      546     1619      594      532      563      538
      546     1617      598     1595      596     1596
      596      530      565      535      540      560
      546      554      541      560      548      549
      543      556      539      560      546     1620
      593     1599      593     1599      594     1598
      592     1598      573     5214     4437     4363
      593     1599      593      531      564     1601
      592     1600      591      535      571      528
      546     1622      591      533      541      556
      539     1625      598      528      567      532
      542     1624      590     1601      589      536
      570     1597      574      550      566     1599
      593     1601      590     1599      593     1599
      592      534      562     1604      588     1606
      565     1624      588      537      568      531
      543      556      539      560      546     1619
      594      532      563      539      546     1617
      596     1596      595     1597      596      530
      565      536      539      559      546      553
      594      507      599      498      597      502
      593      506      599     1566      594     1601
      591     1598      594     1598      594     1600
      571    21662-pulse