Running as regular user pi
 16777215

     4426     4378      569     1623      589      539
      566     1623      568     1598      593      533
      562      538      546     1619      593      535
      541      557      546     1646      566      533
      572      527      546     1619      593     1599
      596      530      561     1632      538      559
      567      532      542      558      548     1644
      568     1599      592     1599      592     1600
      591     1603      567     1623      589     1604
      598     1595      597      529      566      534
      540      560      546      554      541      560
      545     1620      593      531      563     1629
      562     1604      598     1594      597      531
      564      533      541      560      545      552
      543     1622      591      535      570      529
      545      554      541     1625      587     1604
      598     1594      566     5223     4434     4365
      572     1620      592      534      572     1620
      571     1596      564      562      565      536
      538     1627      596      532      542      556
      539     1626      597      529      566      533
      541     1626      597     1596      596      529
      566     1629      542      556      570      530
      544      556      540     1625      597     1595
      596     1596      595     1597      594     1604
      567     1620      592     1601      591     1602
      589      537      569      530      545      555
      539      560      545      556      539     1624
      588      537      568     1598      594     1601
      590     1600      592      534      571      529
      598      504      591      506      599     1566
      594      531      594      505      590      509
      596     1569      591     1601      590     1604
      569    19967-pulse  2380024-space

  2358919-space

     4427     4363      594     1597      596      529
      564     1628      564     1601      590      535
      570      529      545     1645      569      533
      539      558      538     1653      570      530
      565      533      541     1650      562     1603
      589      536      569     1623      547      550
      566      533      541      558      547     1617
      597     1595      595     1595      596     1596
      596     1597      573     1618      594     1594
      597     1594      597      528      567      532
      542      557      538      561      544      557
      538     1623      589      536      569     1621
      570     1594      597     1597      595      528
      567      532      542      559      547      550
      545     1620      593      533      562      537
      548      553      543     1620      592     1600
      592     1599      572     5216     4431     4367
      591     1599      592      534      572     1593
      588     1603      588      539      567      531
      543     1621      591      536      538      559
      547     1617      595      530      565      537
      537     1623      588     1603      589      537
      569     1598      573      551      565      534
      541      558      546     1618      594     1597
      595     1596      596     1596      599     1594
      573     1616      597     1595      597     1595
      597      529      567      532      541      558
      548      551      544      557      538     1624
      588      538      568     1597      597     1594
      594     1597      595      530      565      534
      540      561      597      500      595     1571
      589      535      591      508      597      502
      593     1571      588     1604      598     1598
      562    19049-pulse  1749055-space

  1723953-space

     4431     4362      595     1594      598      528
      567     1624      567     1598      593      532
      563      537      538     1654      569      532
      542      555      540     1652      571      527
      567      532      543     1648      564     1601
      591      535      571     1626      545      549
      566      533      541      558      548     1617
      595     1596      595     1596      596     1596
      594     1600      571     1619      594     1598
      593     1602      590      533      562      537
      548      551      544      555      540      561
      545     1618      594      532      565     1627
      564     1602      590     1602      589      536
      569      530      544      557      538      559
      547     1618      594      531      564      535
      539      560      545     1619      593     1599
      592     1597      573     5211     4438     4361
      594     1598      595      531      563     1602
      589     1602      589      537      569      530
      544     1646      566      538      537      557
      538     1627      596      529      566      533
      541     1624      588     1604      587      537
      568     1599      571      552      564      535
      539      560      545     1619      593     1601
      590     1598      593     1599      593     1600
      570     1618      595     1597      593     1598
      593      532      563      537      538      561
      544      555      540      564      541     1617
      594      531      564     1600      591     1600
      592     1600      593      533      572      527
      547      554      593      503      592     1573
      598      527      599      500      595      504
      594     1571      597     1595      596     1597
      573    13072-pulse  3093109-space

  3065124-space

     4426     4359      568     1623      568      531
      565     1626      565     1652      539      560
      548      551      541     1624      568      560
      546      551      544     1647      544      555
      540      559      548     1644      546     1646
      545      553      542     1626      565      557
      538      561      545      557      538     1649
      542     1649      543     1622      570     1647
      545     1623      569     1619      573     1617
      574     1617      564      561      544      557
      538      557      538      561      545      556
      539     1648      543      556      539     1624
      567      559      546     1617      564      561
      544      555      540      561      545      552
      543     1647      545      554      541     1624
      568      558      547     1618      574     1618
      573     1617      576     5209     4438     4359
      566     1625      566      559      546     1618
      574     1617      573      552      543      556
      539     1652      539      561      544      552
      543     1624      567      555      540      559
      547     1617      564     1627      564      561
      545     1623      568      554      541      558
      547      552      543     1647      544     1647
      544     1623      568     1620      571     1622
      570     1620      572     1619      575     1617
      571      554      541      558      547      552
      543      555      540      561      597     1592
      547      555      540     1621      570      555
      592     1572      567      558      599      500
      595      506      599      499      597     1567
      624      501      593     1571      620      505
      590     1575      616     1578      613     1577
      625    15912-pulse  1845952-space

  1824170-space

     4425     4366      571     1620      571      555
      540     1625      567     1651      540      559
      547      552      543     1622      570      559
      537      559      546     1644      547      552
      543      555      539     1651      540     1654
      538      558      547     1619      572      551
      544      555      540      559      547     1643
      538     1654      538     1626      565     1626
      566     1628      574     1616      568     1623
      565     1626      565      560      545      554
      541      558      537      561      544      556
      540     1648      541      557      538      561
      544      554      541     1623      568      557
      538      561      544      557      538      558
      547     1644      547     1644      547     1619
      573      553      541     1624      569     1622
      569     1620      571     5217     4429     4365
      572     1618      573      552      543     1622
      570     1621      570      555      539      561
      545     1618      573      555      540      557
      538     1626      565      560      546      553
      542     1625      566     1621      570      555
      540     1626      565      558      547      552
      543      557      538     1625      566     1651
      540     1625      566     1625      566     1629
      562     1624      567     1625      567     1624
      566      559      547      553      543      555
      539      559      546      555      592     1596
      543      556      539      560      598      501
      593     1600      539      557      590      509
      597      504      591      506      599     1591
      590     1575      617     1574      564      561
      596     1568      623     1568      623     1570
      624    19694-pulse  1749742-space

  1719784-space

     4433     4380      567     1627      564      558
      547     1617      564     1654      538      561
      544      555      540     1627      564      561
      544      553      542     1648      543      556
      539      560      545     1646      547     1645
      545      554      541     1626      565      558
      547      552      543      556      539     1655
      536     1651      540     1626      566     1626
      565     1628      573     1618      563     1628
      564     1627      564      561      545      554
      540      558      547      555      540      558
      537     1651      540      559      546      553
      542     1623      568     1651      540      558
      547      552      543      558      537      559
      546     1645      546     1645      546      556
      539      557      538     1627      565     1653
      538     1626      565     5222     4434     4366
      570     1618      573      552      543     1622
      569     1623      568      556      538      561
      545     1620      571      557      538      559
      547     1644      547      556      539      557
      538     1627      564     1654      538      561
      544     1623      569      556      541      557
      547      551      544     1647      544     1621
      570     1621      570     1624      567     1623
      568     1622      569     1622      569     1622
      571      555      539      559      546      553
      542      557      538      563      595     1594
      545      554      541      558      593     1572
      565     1626      565      560      598      501
      594      507      598      498      597     1595
      597     1567      624      501      593      506
      599     1565      626     1565      629     1564
      624    17819-pulse  2077860-space

  2053129-space

     4425     4380      567     1621      570      555
      540     1624      570     1647      541      558
      538      561      544     1620      571      556
      539      557      538     1654      538      560
      545      553      541     1623      568     1649
      543      556      539     1631      561      560
      546      553      541      557      538     1653
      538     1652      539     1626      565     1625
      566     1627      564     1625      566     1624
      567     1627      564      559      547      552
      543      556      539      559      546      555
      540     1648      543     1649      542      556
      539     1626      565     1653      538      561
      545      554      540      561      545      552
      543      556      539     1652      539      560
      545      554      541     1624      568     1651
      540     1623      568     5217     4432     4365
      569     1622      570      555      539     1626
      565     1625      566      559      546      553
      542     1622      572      555      547      550
      545     1620      571      554      541      559
      547     1644      547     1645      546      551
      543     1623      568      555      540      559
      547      552      543     1621      573     1619
      570     1621      570     1621      570     1623
      568     1623      569     1621      570     1621
      570      555      540      559      546      553
      542      556      591      513      592     1593
      545     1620      572      554      593     1571
      568     1624      567      557      590      509
      597      504      590      506      599      500
      595     1595      596      503      592      510
      596     1566      625     1565      616     1577
      625    22623-pulse  1932677-space

  1904463-space

     4451     4369      568     1621      571      555
      540     1625      566     1651      540      560
      548      551      541     1650      542      560
      546      552      543     1647      545      554
      541      558      547     1619      563     1653
      538      561      545     1622      570      553
      542      557      538      564      542     1619
      572     1645      547     1618      573     1619
      573     1621      570     1618      573     1618
      573     1618      573      552      543      559
      536      560      546      553      542      558
      547     1641      540     1625      566      559
      546      553      543     1648      542      557
      538      561      544      556      538      559
      547      552      543     1649      546     1619
      569      556      539     1626      565     1626
      565     1625      567     5218     4427     4369
      568     1623      568      557      538     1626
      566     1625      565      560      545      553
      541     1623      568      559      546      551
      544     1651      541      555      540      559
      549     1641      537     1653      539      560
      545     1623      569      553      542      557
      538      560      545     1645      546     1618
      573     1621      570     1617      564     1629
      572     1616      565     1626      565     1627
      565      559      546      553      542      556
      539      560      545      555      592     1597
      543     1625      566      556      591      508
      598     1573      620      499      594      504
      590      510      595      502      593      505
      590     1601      591     1574      617      508
      598     1567      624     1571      621     1570
      622    16088-pulse  1666098-space

  1639471-space

     4428     4371      566     1623      568      557
      538     1627      564     1654      540      559
      544      555      540     1651      540      561
      544      553      542     1649      543      556
      540      560      545     1646      545     1646
      545      554      541     1626      566      558
      541      558      544      555      540     1650
      541     1624      568     1650      542     1625
      567     1625      566     1623      568     1623
      568     1623      569      556      539      560
      545      553      541      557      538      563
      542      554      541     1650      541      558
      547      553      542     1648      543      556
      539      560      545      556      539     1650
      541      558      547     1647      544     1645
      546      553      542     1623      568     1649
      542     1623      568     5216     4433     4366
      568     1623      568      557      538     1628
      563     1653      538      562      544      555
      539     1626      566      562      544      557
      538     1650      541      558      547      552
      543     1649      543     1623      569      557
      540     1628      573      551      545      555
      540      559      546     1645      546     1619
      575     1617      572     1620      571     1622
      569     1620      571     1621      571     1619
      572      553      541      558      537      562
      544      555      540      561      544      553
      594     1597      542      557      590      509
      596     1595      545      555      592      507
      598      503      592     1598      594      505
      590     1575      616     1575      616      509
      597     1571      620     1568      623     1571
      620    14534-pulse  1664576-space

  1635448-space

     4431     4376      574     1618      571      555
      540     1625      566     1651      540      559
      546      553      543     1623      569      558
      547      550      545     1620      571      554
      541      558      547     1645      546     1618
      574      552      543     1624      567      556
      539      561      544      555      540     1653
      538     1649      542     1649      542     1649
      542     1627      565     1624      568     1624
      568     1624      568      558      537      562
      544      558      537      559      546      555
      540      557      538     1653      539      560
      545     1619      572     1647      545      553
      542      557      538      563      543     1646
      545      554      541     1623      571      554
      538      561      544     1646      545     1620
      571     1619      572     5215     4432     4368
      569     1619      572      554      541     1650
      541     1651      540      558      547      552
      543     1621      570      557      538      559
      546     1645      549      550      542      557
      538     1654      538     1627      564      562
      544     1623      569      555      539      559
      546      553      542     1648      543     1622
      569     1622      573     1619      570     1623
      568     1621      570     1621      570     1623
      569      555      540      560      546      553
      594      505      590      510      595      502
      593     1597      541      558      590     1575
      564     1627      565      561      597      502
      593      508      598     1593      589      509
      596     1569      623      502      592      506
      599     1565      616     1578      614     1576
      626    16996-pulse  1667049-space

  1643414-space

     4432     4364      572     1619      572      553
      542     1626      565     1650      542      558
      538      562      544     1621      570      558
      538      560      547     1645      545      553
      541      558      547     1644      547     1619
      572      553      542     1628      563      558
      538      562      544      555      540     1651
      540     1625      566     1654      538     1653
      538     1629      572     1618      573     1621
      570     1618      573      553      542      558
      537      561      544      555      540      561
      545      552      543     1650      542     1622
      569     1648      543     1623      568      557
      538      564      541      557      538     1651
      540      559      546      553      542      557
      538      561      545     1620      572     1620
      571     1620      571     5215     4431     4368
      570     1622      569      555      539     1626
      566     1652      539      560      545      554
      541     1653      538      560      545      552
      543     1622      569      556      538      561
      545     1647      546     1620      570      555
      540     1628      574      549      545      554
      541      558      547     1645      547     1618
      573     1619      572     1619      572     1622
      570     1621      570     1621      570     1622
      569      556      539      560      545      554
      541      561      544      554      593      504
      591     1600      539     1626      565     1626
      565     1627      564      560      597      502
      593      508      597     1566      625      501
      594      505      590      512      593      503
      592     1599      592     1574      618     1575
      616    21485-pulse  1771494-space

  1744124-space

     4431     4379      568     1620      571      554
      541     1624      568     1649      542      560
      535      561      544     1620      571      556
      539      558      537     1628      564      562
      544      557      539     1625      566     1652
      540      560      546     1622      570      554
      541      561      544      552      543     1647
      544     1647      545     1621      571     1621
      572     1622      568     1621      571     1620
      571     1620      571      555      543      556
      547      553      542      557      538      563
      543      554      541     1650      542     1649
      543      556      538     1627      564      561
      545      554      540      561      545     1618
      573      552      546      553      539     1626
      566      559      546     1619      573     1618
      573     1618      573     5209     4439     4361
      564     1628      573      552      543     1623
      568     1622      569      556      539      561
      544     1621      571      556      539      558
      547     1621      570      552      543      556
      539     1626      565     1626      565      561
      545     1623      568      554      540      559
      547      552      543     1622      570     1648
      543     1625      566     1622      569     1624
      567     1622      569     1623      569     1622
      568      557      538      561      544      554
      540      559      546      555      593      504
      538     1656      536     1627      565      561
      597     1568      571      554      593      506
      599      501      595     1568      622      503
      592      507      598     1592      599      500
      594     1571      624     1568      620     1574
      618    15274-pulse  1745322-space

  1715978-space

     4432     4369      571     1621      568      558
      547     1618      573     1618      573      553
      542      557      538     1629      594      532
      543      555      540     1650      562      538
      547      552      543     1650      563     1627
      544      557      538     1628      563      559
      546      553      542      557      538     1627
      595     1596      564     1627      564     1627
      564     1630      572     1617      564     1628
      564     1628      564      562      544      555
      540      560      546      553      542      560
      546      551      544      555      540     1625
      598      527      547     1618      575      551
      543      556      539      562      543     1646
      566     1599      571      554      540     1628
      564      559      546     1619      572     1620
      571     1620      572     5215     4430     4370
      577     1611      570      555      540     1624
      567     1626      566      558      547      552
      543     1621      591      536      538      559
      546     1619      597      529      542      557
      538     1627      595     1596      564      562
      544     1624      568      556      540      559
      545      554      541     1624      588     1603
      567     1624      567     1628      564     1627
      565     1625      566     1625      566     1626
      567      559      545      554      541      558
      547      553      543      558      547      550
      545      554      541     1627      585      537
      547     1617      564      561      596      503
      592      509      597     1566      594     1599
      571      553      594     1571      589      536
      590     1575      617     1574      620     1573
      615    17213-pulse  1827247-space

  1804449-space

     4432     4366      570     1621      570      555
      540     1654      537     1625      566      560
      546      554      541     1624      589      539
      545      552      545     1621      590      535
      539      560      545     1645      567     1599
      572      557      538     1626      565      558
      547      552      543      555      539     1625
      598     1598      562     1625      566     1623
      568     1626      566     1624      568     1628
      564     1625      567      559      547      552
      542      557      539      560      545      556
      539      558      547      553      542     1648
      564     1601      569     1622      569      556
      539      560      545      556      539     1650
      562     1604      567      559      546      553
      542      557      538     1627      598     1594
      565     1625      566     5221     4425     4372
      565     1628      564      560      545     1620
      592     1600      571      555      540      559
      550     1615      594      534      540      557
      538     1627      596      530      544      555
      540     1624      590     1602      567      558
      547     1620      572      552      543      556
      539      560      545     1623      589     1599
      572     1619      572     1619      572     1621
      572     1617      572     1619      573     1619
      572      554      541      558      547      552
      543      556      539      562      543      554
      541      558      548     1617      595     1596
      564     1629      569      556      596      503
      592      509      596     1566      593     1598
      572      553      597      501      590      509
      597     1567      624     1567      624     1568
      571    20732-pulse  1680771-space

  1655833-space

     4433     4368      569     1620      572      553
      562     1629      541     1627      565      558
      547      552      543     1622      590      537
      547      550      545     1620      593      533
      540      559      546     1645      567     1599
      572      554      541     1656      535      559
      546      553      542      558      538     1628
      595     1596      564     1627      564     1629
      563     1630      572     1617      573     1619
      572     1623      569      554      541      558
      548      551      544      556      539      562
      543      554      541      558      548      551
      543     1623      589     1601      569      556
      570      529      545      556      539     1624
      591     1601      566     1625      566      559
      546      553      542     1622      590     1601
      571     1619      570     5214     4435     4363
      570     1621      571      556      569     1595
      596     1596      564      561      565      534
      540     1625      601      527      544      553
      543     1622      590      535      539      560
      545     1619      593     1599      573      552
      541     1652      539      558      547      552
      543      555      539     1625      598     1596
      564     1624      567     1624      567     1627
      564     1624      568     1624      566     1626
      565      560      566      534      541      559
      546      553      543      562      543      550
      544      555      540      559      546     1619
      593     1599      572      554      541      558
      599      504      592     1570      590     1602
      569     1623      568      557      590      513
      592     1569      622     1570      621     1573
      566    12857-pulse  1803031-space

  1776319-space

     4424     4360      597     1594      597      529
      566     1599      592     1600      594      532
      571      528      546     1619      592      535
      539      558      547     1618      594      531
      564      536      570     1594      596     1596
      595      530      564     1629      541      556
      571      529      545      554      541     1624
      588     1603      588     1604      598     1593
      599     1594      565     1624      588     1603
      588     1603      588      540      566      530
      543      557      538      559      546      555
      540      557      538      561      545      554
      541      557      538     1629      594      529
      565      534      540      561      544     1619
      593     1599      593     1600      591     1600
      592      534      571     1594      598     1594
      598     1594      566     5217     4429     4370
      598     1593      598      527      567     1600
      592     1598      593      532      562      537
      538     1627      596      531      543      554
      541     1623      589      536      569      529
      545     1620      593     1599      593      533
      562     1606      565      557      569      530
      545      554      541     1624      588     1603
      588     1603      598     1593      598     1595
      565     1624      598     1595      597     1594
      598      528      567      532      541      557
      538      561      544      556      539      558
      551      548      544      555      540      559
      547     1618      594      531      564      535
      539      561      544     1618      596     1596
      594     1598      593     1598      593      533
      562     1606      585     1603      598     1596
      574    14514-pulse  1704530-space

  1683980-space

     4433     4359      588     1606      595      527
      568     1598      594     1598      593      533
      562      537      548     1643      571      531
      541      556      539     1652      571      529
      566      532      541     1649      563     1606
      585      537      569     1598      572      551
      565      534      540      558      547     1643
      569     1597      595     1595      596     1595
      596     1597      573     1619      593     1596
      596     1596      596      530      565      534
      540      559      547      552      543      559
      547      549      546      553      542      556
      539      560      545     1645      567      532
      563      537      551      550      542     1647
      565     1600      591     1600      591     1601
      591      534      573     1593      597     1594
      597     1593      567     5222     4435     4364
      595     1595      596      530      565     1600
      591     1600      595      530      572      528
      547     1618      594      533      541      556
      539     1627      596      529      566      532
      542     1623      588     1603      598      528
      567     1600      571      553      563      540
      535      561      545     1620      592     1599
      592     1600      591     1600      593     1601
      568     1622      590     1601      591     1602
      590      539      567      529      545      554
      540      559      547      554      541      556
      539      560      545      554      541      558
      547     1645      567      531      564      535
      539      562      595     1568      592     1599
      592     1603      588     1600      591      535
      571     1595      597     1595      596     1599
      571    18497-pulse  1868546-space

  1840481-space

     4460     4362      585     1604      598      527
      568     1598      593     1598      593      533
      565      534      548     1643      569      532
      542      555      540     1651      571      528
      567      532      542     1650      563     1602
      589      536      569     1598      572      551
      565      534      540      563      543     1645
      567     1598      593     1598      593     1599
      593     1602      569     1619      593     1599
      592     1599      592      534      572      530
      544      552      543      556      539      562
      543      553      542      557      538      561
      544      554      540     1651      561      537
      568      532      543      559      547     1642
      571     1594      597     1594      600     1592
      597      529      566     1599      593     1599
      592     1598      573     5212     4436     4362
      594     1597      594      532      564     1602
      591     1600      590      535      570      529
      545     1619      593      534      540      558
      538     1630      593      530      565      534
      540     1625      598     1593      598      527
      568     1600      571      551      564      535
      539      559      546     1645      568     1598
      594     1598      593     1598      594     1600
      571     1619      593     1598      593     1600
      592      533      562      537      538      561
      544      555      540      561      545      552
      543      556      539      562      543      553
      543     1622      590      536      570      529
      545      557      539     1650      562     1604
      587     1603      588     1603      588      538
      568     1597      594     1600      591     1599
      572    15958-pulse  1776011-space

  1752139-space

     4456     4354      593     1598      593      533
      562     1632      560     1603      588      537
      569      530      544     1647      565      536
      538      559      547     1620      593      531
      564      538      537     1654      569     1596
      595      530      565     1634      536      556
      570      529      545      555      540     1625
      598     1594      598     1595      596     1593
      598     1595      564     1625      598     1597
      594     1594      598      528      567      532
      543      556      539      560      545      556
      539      558      547      552      545      554
      539      560      545     1619      593      532
      562      537      538      563      542     1621
      594     1597      592     1600      592     1600
      592      533      572     1593      589     1602
      588     1602      568     5217     4431     4368
      588     1604      587      537      568     1597
      594     1597      594      531      564      535
      539     1630      593      531      543      555
      540     1625      598      528      567      532
      542     1623      590     1602      588      537
      568     1599      571      553      564      536
      539      561      545     1623      589     1600
      591     1601      590     1602      590     1604
      566     1625      588     1603      588     1604
      598      528      567      532      542      558
      538      565      541      558      548      549
      545      554      541      558      547      552
      543     1623      589      537      569      540
      534      558      548     1615      597     1595
      596     1596      595     1600      591      531
      595     1571      590     1602      590     1604
      566    21756-pulse