Running as regular user pi
  4187175

  4164101-space

     4457     4356      569     1623      569      557
      539     1627      565     1627      564      562
      544      555      540     1653      539      536
      569      555      541     1624      567      559
      547      552      543     1649      543     1622
      569      556      542     1625      564     1625
      566     1625      566     1625      566      559
      547      552      542      557      539      560
      545      556      539      558      547      552
      543      556      539     1653      539     1652
      540     1626      566     1625      566     1627
      564      559      547      552      543      556
      539      560      545      554      542      557
      538     1653      539     1655      550     1613
      565     1626      566     1652      540     1626
      566     1628      564     1626      566      559
      546      552      543     5220     4429     4369
      569     1624      568      556      539     1627
      565     1627      564      561      545      555
      540     1654      537      561      544      552
      543     1648      544      555      540      559
      546     1646      546     1619      573      553
      542     1651      541     1623      568      557
      538     1630      561     1627      564     1627
      565     1627      565     1626      567     1627
      573      550      545     1620      571      554
      541      558      599      500      595      504
      594      505      598      503      592      505
      590      509      597      502      593      506
      599     1592      599     1594      546      553
      594      507      598     1591      590     1576
      616     1576      619     1573      626      500
      595      504      591     1601      591     1574
      566     5222     4457     4346      613     1575
      617      509      597     1568      623     1569
      623      502      541      558      547     1619
      615      513      541      556      539     1652
      542      557      546      553      542     1649
      543     1622      622      504      539     1629
      573     1617      616      508      545     1646
      545     1620      613     1579      571     1624
      620     1569      623     1571      568      556
      539     1652      539      561      544      554
      541      558      537      561      544      555
      540      561      545      552      543      555
      540      559      546      556      540     1648
      544     1621      570      555      540      561
      545     1644      538     1629      563     1628
      564     1628      564      562      544      555
      540     1652      543     1624      564    17355-pulse  1527406-space

  1503504-space

     4432     4361      565     1627      564      561
      545     1649      543     1621      571      554
      541      532      573     1618      574      554
      541      529      566     1653      539      559
      546      552      543     1649      543     1649
      543      556      539     1658      534     1625
      566      559      547     1645      547     1644
      547     1619      573     1617      574     1618
      574     1620      571      526      569     1652
      540      556      539      560      545      553
      542      557      538      561      544      556
      539      558      547      552      545      554
      540      559      546     1645      546     1646
      546      553      542      560      546     1620
      561     1654      538     1628      564     1628
      564      562      544      555      541     1650
      540     1624      568     5218     4433     4367
      568     1625      567      532      574     1644
      547     1644      547      552      544      555
      540     1654      538      560      545      551
      544     1647      545      554      541      558
      547     1644      538     1654      538      560
      545     1648      544     1619      572      553
      542     1652      540     1623      569     1623
      568     1624      568     1624      568     1628
      564      558      547     1645      547      553
      543      557      539      560      545      554
      593      508      587      511      594      504
      592      508      598      502      594      506
      600     1592      547     1644      549      551
      595      506      590     1599      592     1573
      619     1573      619     1575      617      506
      599      499      596     1595      596     1571
      621    21757-pulse  1501789-space

  1479023-space

     4457     4357      568     1650      542      558
      547     1646      545     1618      574      552
      544      555      540     1651      540      561
      545      553      542     1647      544      555
      540      559      547     1644      547     1618
      574      529      566     1651      541     1623
      569     1623      569     1623      569      558
      538      560      545      554      541      558
      547      554      541      556      539      560
      545      553      541     1653      539     1623
      569     1622      570     1622      570     1624
      568      556      541      559      546      553
      542      557      538      561      545      554
      541     1650      541     1652      542     1621
      567     1625      567     1625      567     1625
      566     1626      566     1625      567      559
      547      551      544     5219     4429     4369
      571     1622      569      556      539     1626
      566     1626      566      560      546      553
      542     1649      543      558      547      550
      545     1645      546      553      542      557
      538     1654      539     1625      566      559
      547     1620      571     1618      573      552
      543     1626      566     1622      569     1649
      543     1649      543     1624      568     1625
      567      557      539     1627      565      561
      545      555      593      506      599      503
      592      504      591      510      596      501
      593      506      589      510      596      503
      592     1600      592     1575      565      560
      598      503      592     1597      595     1571
      620     1572      623     1569      620      506
      600      500      596     1596      596     1569
      570     5218     4462     4341      618     1571
      621      504      591     1575      617     1576
      616      509      545      555      541     1651
      540      561      544      553      542     1623
      571      555      538      562      544     1648
      544     1621      571      555      540     1628
      565     1625      565      560      545     1620
      571     1620      572     1620      617     1576
      613     1579      623     1571      568      555
      540     1626      565      561      545      553
      542      557      538      561      545      554
      541      560      546      551      544      555
      540      559      546      555      539     1649
      543     1622      569      556      539      562
      543     1647      545     1622      570     1621
      570     1622      570      556      539      560
      545     1650      542     1622      569    17020-pulse  1337068-space

  1314538-space

     4435     4361      564     1654      547      526
      572     1620      569     1623      568      557
      538      535      570     1622      570      558
      538      561      545     1645      546      555
      541      558      537     1654      538     1654
      548      556      539     1651      540     1624
      568      558      547     1618      573     1620
      572     1619      572     1620      572     1621
      571     1624      568      559      536     1663
      529      560      545      554      541      559
      547      552      543      556      539      563
      543      555      540      558      547      552
      543      530      566     1626      566     1652
      540      559      546      558      537     1649
      543     1622      570     1622      569     1622
      569      557      540      560      545     1621
      571     1620      571     5219     4429     4371
      568     1624      567      559      546     1645
      546     1620      572      554      542      558
      540     1651      538      564      542      555
      540     1625      566      559      547      553
      543     1650      542     1623      569      556
      539     1655      547     1617      564      561
      548     1644      545     1621      571     1621
      571     1621      570     1623      569     1624
      568      556      539     1652      539      560
      545      554      541      559      602      497
      595      503      592      510      596      501
      594      505      590      509      596      503
      592     1600      592     1575      565      560
      598      504      592     1598      594     1572
      620     1574      617     1571      621      505
      591      509      597     1594      598     1570
      622    20348-pulse  1390386-space

  1362989-space

     4426     4373      565     1651      541      559
      547     1645      546     1620      572      556
      539      532      573     1618      573      554
      541      556      539     1653      539      561
      545      555      541     1650      541     1624
      567      558      547     1646      546     1647
      535     1628      564     1628      564      535
      570      529      566      559      547      553
      543      558      549      549      545      554
      541      558      538     1654      538     1627
      564     1627      567     1624      564     1629
      573      551      544      555      540      559
      546      553      542      557      539      560
      544     1647      545     1649      542     1622
      570     1622      573     1619      570     1623
      569     1623      569     1623      569      530
      565      561      545     5213     4437     4364
      571     1647      544      555      540     1653
      539     1626      566      560      545      554
      541     1650      541      560      545      552
      543     1652      540      557      539      561
      545     1647      545     1621      571      554
      541     1653      539     1624      568      558
      538     1654      538     1628      564     1631
      561     1628      564     1629      574     1620
      571      552      543     1624      568      556
      539      560      545      553      594      505
      590      509      597      504      591      506
      590      510      596      502      593      506
      599     1592      600     1565      564      562
      596      505      591     1600      592     1573
      619     1573      618     1574      618      508
      598      502      596     1595      593     1571
      568     5218     4462     4337      621     1573
      619      504      592     1573      618     1573
      618      507      546      553      542     1650
      562      538      546      551      544     1647
      545      555      540      559      547     1645
      550     1616      573      553      543     1650
      542     1621      623      503      540     1652
      540     1624      568     1624      620     1571
      620     1572      568     1629      563      558
      547     1644      538      561      544      555
      540      559      547      552      543      557
      538      562      544      553      542      558
      538      561      544      555      540     1652
      540     1655      537      559      546      555
      540     1649      542     1623      568     1624
      568     1625      567      558      547      552
      543     1648      544     1623      569    21664-pulse  1611714-space

  1587548-space

     4429     4371      564     1654      538      562
      544     1624      568     1622      570      530
      566      560      546     1646      546      555
      540      558      538     1629      563      561
      544      555      540     1625      567     1624
      567      558      538     1659      544     1643
      538      561      544     1621      571     1647
      545     1648      544     1647      544     1622
      570     1624      568      556      539     1629
      563      560      546      554      541      558
      548      551      544      555      540      562
      544      553      542      557      539      560
      545      554      541     1650      541     1624
      568      558      538      563      542     1624
      568     1646      545     1620      571     1620
      571      554      541      558      547     1645
      537     1626      565     5220     4432     4370
      566     1627      565      560      545     1620
      571     1646      545      554      541      558
      547     1644      547      554      541      556
      539     1625      566      559      546      553
      542     1623      568     1624      567      557
      538     1629      573     1642      539      560
      545     1623      569     1619      572     1619
      573     1618      574     1618      573     1621
      570      552      543     1622      569      556
      539      560      546      553      594      505
      590      509      600      501      591      505
      590      509      597      502      593      506
      599     1592      600     1566      574      551
      595      506      600     1564      618     1574
      618     1574      618     1576      615      507
      598      501      595     1570      622     1571
      620    22012-pulse  1572070-space

  1547508-space

     4426     4378      570     1645      546      554
      541     1624      570     1622      567      558
      547      552      544     1649      543      558
      547      550      545     1649      543      553
      541      558      538     1655      536     1627
      564      561      545     1653      539     1620
      571     1620      571     1647      545      528
      566      559      548      552      541      557
      538      563      543      554      540      559
      547      552      543     1649      543     1651
      540     1621      570     1621      570     1623
      568      555      540      559      546      554
      542      556      539      560      545      554
      542     1650      542     1652      540     1652
      539     1623      568     1623      568     1623
      569     1622      570     1623      569      555
      540      558      547     5212     4439     4363
      572     1621      571      554      541     1650
      541     1624      567      558      547      552
      543     1651      540      558      538      559
      546     1645      546      553      542      557
      539     1653      539     1654      538      561
      545     1649      543     1621      571      555
      540     1652      540     1652      540     1626
      566     1626      566     1626      566     1629
      563      559      546     1619      572      553
      542      557      538      561      545      554
      593      506      602      499      593      504
      591      508      598      501      594      505
      590     1601      591     1600      550      550
      597      476      618     1597      594     1597
      594     1571      620     1575      617      505
      590      509      596     1569      623     1593
      546     5215     4454     4348      622     1567
      624      475      620     1598      593     1572
      619      507      588      510      543     1649
      595      506      547      550      545     1646
      545      554      541      560      535     1628
      564     1628      564      535      570     1650
      542     1621      572      555      539     1652
      540     1626      566     1626      566     1626
      569     1622      618     1575      565      558
      547     1618      563      561      544      555
      541      558      547      552      543      556
      540      561      544      553      542      557
      538      561      545      554      541     1654
      538     1650      541      557      538      537
      569     1646      545     1619      573     1618
      572     1619      573      527      568      557
      539     1653      539     1631      570    18815-pulse  1628843-space

  1599637-space

     4449     4365      573     1618      573      552
      543     1649      543     1623      569      556
      539      561      548     1644      545      557
      539      558      547     1645      547      552
      543      530      565     1653      539     1651
      540      559      546     1647      545     1619
      573      553      542     1627      565     1650
      542     1624      568     1624      568     1625
      567     1625      566      557      538     1653
      539      561      545      554      541      558
      547      554      541      555      540      561
      545      552      543      556      539      560
      546      554      541     1650      541     1651
      541      557      538      563      542     1647
      545     1621      571     1620      574     1617
      571      554      541      558      547     1644
      538     1627      565     5222     4428     4375
      563     1626      566      560      546     1620
      572     1621      571      554      541      532
      573     1644      547      554      541      556
      539     1652      543      557      546      553
      542     1649      542     1649      543      556
      539     1654      549     1641      539      561
      545     1647      545     1647      545     1621
      574     1618      571     1621      571     1623
      569      554      541     1625      567      560
      546      552      543      556      592      507
      598      501      594      507      599      498
      597      502      593      505      590      512
      594     1568      623     1567      572      553
      594      507      599     1564      617     1575
      617     1573      619     1572      619      506
      589      510      596     1598      594     1596
      595    17064-pulse