Running as regular user pi
 16777215

     4423     4365      593     1599      592      533
      565     1601      598     1594      597      502
      593      532      543     1622      590      537
      538      561      545     1618      594      532
      564      536      538     1627      596     1596
      596      533      562     1602      568      555
      571      528      546      553      542     1623
      589     1604      588     1603      588     1604
      598     1595      565     1625      598     1597
      594     1595      597      529      566      533
      541      559      547      552      543      558
      547      550      546      553      541      558
      547      552      543     1622      590      535
      570      529      545      556      539     1627
      585     1604      598     1594      598     1594
      597      528      567     1600      592     1599
      592     1599      572     5218     4429     4368
      591     1601      590      535      570     1595
      596     1596      596      530      565      534
      543     1622      597      530      544      553
      563     1603      589      537      569      530
      544     1623      590     1601      590      536
      570     1598      573      551      565      535
      539      560      549     1616      593     1599
      592     1600      591     1601      590     1604
      566     1624      588     1604      598     1594
      597      529      566      533      562      537
      548      551      544      557      538      559
      546      553      543      557      539      560
      545     1620      592      535      571      527
      567      534      540     1622      590     1601
      590     1601      590     1605      587      536
      570     1596      595     1597      595     1599
      571    20599-pulse  2100608-space

  2077596-space

     4425     4360      587     1603      588      537
      568     1624      568     1596      595      530
      565      534      540     1650      562      539
      546      553      542     1646      565      534
      561      537      547     1643      569     1596
      595      530      565     1602      568      555
      571      528      546      553      542     1648
      564     1601      592     1600      591     1600
      591     1603      568     1621      591     1600
      591     1600      591      534      572      527
      547      552      543      556      539      561
      544      553      544      555      539      560
      545      553      542     1623      589      536
      569      530      544      557      538     1628
      595     1593      598     1594      598     1594
      598      528      567     1625      567     1598
      593     1596      574     5214     4431     4364
      602     1590      593      532      563     1602
      589     1603      589      537      569      530
      544     1650      562      536      538      559
      547     1644      569      530      565      534
      540     1651      561     1602      589      537
      569     1598      573      551      565      533
      541      558      547     1620      592     1596
      595     1596      596     1595      596     1597
      574     1615      596     1595      596     1595
      596      529      566      533      541      558
      547      552      543      558      548      549
      546      554      541      558      548      551
      544     1621      591      535      572      527
      546      555      540     1622      590     1602
      590     1602      590     1604      588      535
      571     1594      598     1594      598     1596
      575    20994-pulse  1661022-space

  1635668-space

     4434     4359      588     1603      588      537
      568     1597      594     1599      592      505
      590      534      540     1650      562      539
      545      551      544     1647      567      533
      572      527      547     1644      568     1597
      594      532      564     1603      570      553
      570      529      545      554      541     1649
      563     1602      589     1601      591     1600
      590     1602      568     1620      592     1599
      592     1600      592      534      572      527
      547      552      543      556      539      562
      543      553      541      557      538      562
      543      556      540     1650      562      537
      569      530      544      557      538     1650
      562     1606      585     1603      588     1603
      588      538      568     1597      594     1599
      592     1597      573     5212     4437     4362
      593     1598      593      533      562     1601
      590     1601      590      535      571      528
      546     1618      594      536      538      556
      539     1625      598      528      567      532
      543     1622      591     1601      590      534
      571     1595      565      558      568      531
      543      556      539     1624      588     1606
      586     1602      589     1602      589     1604
      567     1622      591     1600      591     1600
      591      535      571      529      546      553
      541      558      548      553      545      552
      539      559      546      553      542      557
      538     1653      569      529      566      533
      541      560      547     1616      595     1596
      596     1596      596     1595      596      529
      569     1595      593     1598      594     1599
      571    13320-pulse  1543356-space

  1515054-space

     4428     4377      591     1598      594      532
      563     1603      589     1603      589      537
      569      533      542     1647      565      536
      538      559      546     1645      568      531
      564      535      539     1654      569     1594
      597      503      592     1600      571      553
      564      535      539      560      545     1645
      567     1598      593     1598      593     1599
      593     1602      569     1619      592     1599
      592     1599      592      533      562      537
      550      549      543      556      539      562
      544      553      542      557      538      561
      545      554      540     1651      573      526
      568      531      543      558      548     1642
      571     1593      598     1593      589     1603
      588      537      568     1597      595     1596
      595     1595      573     5212     4435     4363
      596     1595      596      529      566     1599
      593     1599      592      534      571      528
      547     1618      594      533      541      556
      539     1626      597      528      567      533
      541     1623      589     1602      589      536
      570     1598      573      550      566      533
      541      558      548     1617      595     1596
      595     1597      595     1596      595     1598
      572     1617      595     1596      596     1597
      595      529      566      533      541      558
      547      552      543      558      538      559
      546      552      543      559      536      560
      546     1645      567      533      562      537
      548      553      594     1569      591     1602
      590     1600      591     1600      592      534
      572     1592      588     1605      586     1604
      566    16242-pulse  1466249-space

  1438692-space

     4431     4367      591     1598      593      532
      563     1602      589     1602      589      536
      569      529      545     1646      566      535
      539      558      547     1643      569      530
      565      534      541     1649      562     1603
      589      537      569     1598      573      551
      565      534      543      556      547     1644
      568     1597      594     1597      594     1597
      595     1599      571     1619      593     1598
      593     1598      593      533      565      534
      538      561      544      554      541      560
      545      552      543      555      540      559
      546      552      543     1648      564      534
      571      528      546      555      540     1649
      563     1602      589     1605      586     1602
      589      536      569     1596      596     1596
      596     1596      564     5221     4436     4363
      595     1596      595      530      565     1601
      591     1599      592      533      561      537
      547     1617      595      532      542      555
      540     1629      594      528      567      532
      542     1623      589     1603      589      537
      569     1600      571      552      564      535
      539      560      545     1620      592     1599
      592     1603      589     1600      591     1602
      568     1622      591     1601      591     1600
      590      535      570      529      545      554
      541      558      537      564      542      555
      540      559      549      550      542      557
      538     1653      570      530      565      534
      541      560      597     1566      595     1597
      593     1598      593     1599      592      533
      562     1604      591     1601      598     1595
      575    15515-pulse  1425551-space

  1398646-space

     4433     4362      586     1603      588      537
      568     1597      594     1597      597      528
      565      534      540     1651      562      540
      545      552      543     1647      565      534
      571      528      546     1644      568     1597
      595      530      565     1601      569      554
      562      540      545      551      544     1646
      566     1599      592     1598      593     1599
      593     1599      571     1617      595     1596
      595     1596      595      533      563      533
      541      558      547      552      543      558
      548      549      546      553      541      558
      538      561      544     1648      565      534
      571      528      546      555      540     1649
      564     1602      590     1604      587     1601
      590      535      570     1594      597     1595
      596     1596      565     5221     4439     4362
      593     1599      592      534      572     1595
      597     1594      597      528      567      533
      541     1624      588      539      545      552
      546     1619      590      535      570      528
      546     1619      593     1598      593      532
      564     1603      566      557      569      530
      544      555      540     1651      572     1593
      601     1590      598     1594      598     1596
      564     1625      598     1595      597     1594
      597      528      567      532      542      557
      538      561      544      556      539      558
      548      554      541      555      540      559
      547     1618      594      531      564      535
      539      562      595     1568      592     1599
      592     1599      592     1599      592      533
      562     1606      586     1602      589     1604
      566    14852-pulse  1394893-space

  1370447-space

     4427     4377      591     1600      591      534
      572     1593      591     1601      598      528
      567      532      543     1648      564      537
      547      550      545     1646      566      531
      563      535      539     1652      571     1593
      598      527      568     1602      568      552
      564      535      539      560      545     1645
      567     1598      594     1599      593     1597
      594     1599      572     1617      595     1596
      596     1598      594      529      566      533
      541      558      548      551      544      557
      538      559      547      552      543      557
      538      559      546     1645      567      532
      563      536      538      563      542     1647
      566     1603      589     1600      591     1601
      591      535      570     1594      597     1595
      597     1593      567     5217     4432     4366
      589     1603      589      536      569     1595
      596     1595      596      529      566      533
      541     1624      588      539      546      551
      544     1621      591      534      571      528
      546     1619      593     1600      592      532
      563     1604      567      557      570      530
      545      555      540     1651      572     1594
      598     1594      597     1594      597     1596
      564     1626      597     1593      588     1603
      588      537      569      530      544      554
      540      558      550      551      541      556
      539      559      546      553      542      556
      539     1626      597      528      567      532
      542      560      546     1642      570     1595
      596     1595      596     1595      596      532
      563     1599      592     1599      592     1602
      568    22384-pulse  1402416-space

  1378533-space

     4425     4361      596     1596      595      530
      565     1602      589     1599      592      533
      562      537      547     1644      569      532
      542      555      540     1652      571      528
      567      532      542     1649      563     1603
      589      511      594     1602      569      551
      565      534      540      559      546     1644
      568     1597      594     1598      593     1598
      594     1600      570     1620      592     1599
      595     1598      591      535      570      528
      546      553      542      557      538      563
      542      555      540      559      548      552
      542      556      539     1652      571      528
      567      532      542      559      546     1643
      570     1596      595     1596      595     1596
      596      530      565     1600      593     1599
      592     1599      571     5215     4434     4366
      589     1604      587      537      568     1597
      594     1598      593      532      563      537
      538     1630      593      532      542      556
      539     1625      597      528      567      533
      541     1623      595     1598      587      538
      568     1600      571      553      563      536
      538      561      544     1650      562     1600
      591     1601      590     1601      590     1603
      568     1622      590     1600      592     1600
      591      534      571      528      546      553
      542      559      536      562      543      554
      541      558      548      551      544      555
      540     1624      588      537      568      532
      543      557      590     1599      572     1593
      598     1593      588     1603      601      524
      599     1566      594     1598      594     1599
      571    21824-pulse  1341863-space

  1318183-space

     4432     4377      589     1602      589      537
      569     1625      567     1596      595      530
      565      534      540     1650      562      539
      546      551      544     1647      565      533
      572      527      547     1644      569     1596
      596      530      565     1604      566      554
      572      527      547      553      542     1622
      590     1601      591     1602      590     1600
      591     1602      569     1620      592     1602
      589     1599      592      533      562      537
      538      561      544      554      541      560
      546      551      544      554      541      558
      547      552      543     1622      590      535
      570      529      545      556      539     1624
      588     1603      598     1593      598     1593
      598      527      568     1597      595     1596
      594     1596      574     5212     4438     4362
      593     1599      592      532      563     1603
      589     1603      588      537      568      531
      543     1625      587      537      547      550
      545     1620      592      533      562      537
      547     1618      595     1597      593      532
      563     1604      567      557      570      529
      545      554      541     1626      586     1602
      589     1602      589     1602      589     1604
      566     1625      587     1603      588     1604
      599      526      567      531      543      556
      539      563      542      555      539      557
      538      561      545      554      541      558
      537     1627      596      530      565      535
      539      561      544     1619      593     1598
      593     1598      572     1622      590      532
      562     1602      589     1602      569     1624
      568    21610-pulse  9301623-space

   684260-space

     4419     4367      570     1621      591      534
      571     1620      572     1594      597      531
      564      532      542     1623      589      538
      546      551      544     1620      592      533
      562      537      549     1616      595     1595
      596      529      566     1627      543      554
      562      537      541      558      544     1620
      593     1625      566     1598      593     1598
      573     1620      570     1620      592     1599
      592     1599      592      534      574      525
      546      553      542      557      538      563
      543     1621      591      534      571     1620
      573     1593      597     1594      597      528
      567      532      542      560      546      551
      544     1624      588      534      571      528
      546      553      542     1623      589     1603
      588     1604      567     5219     4441     4358
      565     1626      596      529      566     1626
      565     1599      592      533      562      537
      547     1617      595      532      542      556
      539     1625      597      528      567      532
      542     1623      589     1603      588      538
      568     1627      543      553      563      536
      538      561      544     1621      592     1600
      591     1600      591     1600      591     1602
      568     1621      591     1608      585     1599
      591      534      571      528      546      553
      542      557      538      563      542     1620
      595      530      562     1603      589     1603
      589     1603      589      537      569      530
      597      504      590      507      599     1566
      594      531      595      504      591      508
      598     1567      596     1595      593     1600
      571    15397-pulse  1635448-space

  1607606-space

     4430     4361      565     1624      588      537
      568     1623      568     1598      573      553
      565      534      538     1627      596      531
      543      554      540     1624      588      537
      547      552      544     1621      590     1601
      591      535      570     1624      547      551
      565      534      543      557      546     1619
      593     1599      592     1600      571     1621
      592     1603      567     1622      569     1622
      569     1622      569      557      570      532
      542      554      541      558      547      554
      541     1648      565      534      540     1651
      571     1595      596     1594      597      528
      567      532      542      559      546      551
      544     1621      591      535      571      529
      545      554      541     1624      588     1604
      598     1593      567     5217     4431     4369
      565     1626      565      561      566     1626
      565     1599      592      534      572      528
      546     1619      593      534      540      558
      548     1620      592      530      544      555
      540     1624      598     1593      598      528
      567     1628      543      553      562      537
      547      552      543     1622      590     1602
      590     1605      566     1623      569     1624
      567     1623      568     1624      589     1603
      598      528      567      533      541      558
      547      552      543      558      547     1616
      599      526      545     1620      592     1599
      592     1600      591      534      571      527
      599      503      592      504      591     1573
      597      528      598      501      594      505
      590     1574      596     1598      594     1597
      573    15751-pulse  1345781-space

  1318425-space

     4458     4363      563     1626      565      561
      566     1626      565     1601      591      538
      568      529      545     1621      592      536
      538      559      546     1645      567      533
      562      539      546     1618      594     1597
      594      532      564     1630      541      557
      570      533      541      555      540     1626
      597     1595      597     1595      565     1627
      565     1629      572     1617      564     1628
      564     1628      564      562      564      535
      539      560      545      554      541      560
      546     1643      569      530      544     1621
      592     1600      569     1623      589      537
      569      530      544      558      548      549
      545     1620      593      533      540      559
      546      553      542     1624      588     1604
      598     1594      565     5220     4439     4364
      570     1622      569      557      570     1623
      568     1596      594      531      564      536
      538     1627      595      533      541      556
      539     1630      593      530      544      555
      540     1626      597     1595      596      530
      565     1629      541      555      571      528
      546      553      542     1623      589     1603
      588     1606      585     1604      598     1595
      565     1625      597     1595      596     1594
      597      528      567      533      541      558
      548      551      544      557      538     1628
      595      528      567     1598      593     1599
      592     1600      592      534      592      507
      600      502      592      505      590     1574
      596      529      597      502      593      506
      590     1575      619     1572      616     1577
      572    15234-pulse  1315280-space

  1294390-space

     4426     4362      564     1631      561      562
      565     1626      565     1600      570      555
      571      528      546     1620      593      533
      540      557      538     1626      596      529
      566      533      541     1623      589     1606
      586      537      568     1625      546      552
      564      535      539      560      546     1619
      594     1598      572     1620      571     1620
      571     1623      569     1621      571     1621
      570     1621      570      556      570      529
      545      554      541      558      550      551
      541     1621      591      535      539     1626
      597     1595      596     1599      562      561
      565      534      540      561      545      552
      543     1622      590      535      539      560
      545      555      540     1624      588     1603
      567     1624      567     5221     4425     4373
      565     1626      565      561      545     1647
      565     1600      570      557      570      528
      545     1620      592      535      539      558
      547     1618      594      532      543      560
      536     1626      597     1594      566      559
      567     1626      545      553      564      543
      531      560      545     1619      593     1599
      593     1599      571     1623      568     1623
      569     1621      571     1621      570     1621
      570      555      572      527      546      553
      541      557      538      563      542     1620
      592      533      541     1624      592     1600
      588     1603      588      537      568      531
      595      506      590      507      598     1568
      592      532      594      505      590      509
      596     1569      622     1569      591     1606
      564    18817-pulse  1338825-space

  1310617-space

     4431     4369      568     1621      570      556
      570     1621      570     1596      565      561
      565      537      537     1626      597      531
      544      554      541     1624      588      538
      547      552      543     1623      589     1602
      569      557      538     1655      547      551
      544      555      540      563      543     1620
      592     1600      571     1621      570     1622
      569     1626      565     1624      567     1625
      566     1625      566      560      567      532
      541      557      538      561      544      557
      538     1624      598      527      547     1618
      594     1599      572     1619      572      554
      562      537      548      553      542      555
      539     1625      601      524      546      552
      543      556      539     1626      597     1594
      597     1593      568     5218     4438     4366
      561     1628      564      561      565     1626
      566     1599      571      555      571      528
      546     1619      593      534      540      558
      548     1621      592      530      544      556
      539     1626      597     1595      565      560
      566     1603      568      554      572      528
      546      553      542     1623      590     1602
      568     1627      565     1624      567     1627
      564     1625      566     1626      566     1628
      564      561      565      534      540      559
      547      552      543      558      547     1615
      597      531      543     1619      593     1598
      573     1620      572      554      593      506
      599      503      592      504      591     1574
      597      529      597      502      593      506
      590     1575      616     1578      614     1577
      572    16140-pulse  1256249-space

  1230061-space

     4429     4361      566     1627      565      561
      565     1626      565     1604      567      556
      570      530      545     1621      592      536
      538      559      548     1622      589      538
      538      556      537     1628      594     1598
      572      552      564     1634      538      559
      546      551      543      556      539     1625
      596     1597      563     1633      560     1632
      563     1626      570     1622      569     1620
      572     1621      573      548      562      539
      536      561      547      553      542      559
      545     1620      592      530      548     1652
      559     1601      566     1624      567      557
      572      528      545      557      541      557
      545     1619      592      535      540      556
      548      552      543     1621      590     1601
      572     1620      568     5217     4429     4370
      566     1625      566      559      568     1624
      566     1599      571      555      572      528
      546     1619      593      535      551      547
      547     1618      594      531      543      556
      539     1626      597     1595      597      529
      566     1626      544      554      562      537
      548      551      544     1621      591     1600
      591     1600      571     1621      571     1623
      568     1622      569     1623      569     1622
      569      556      570      529      545      554
      541      558      548      553      541     1623
      590      535      570     1595      596     1595
      564     1627      564      562      597      502
      592      509      596      501      594     1572
      588      537      599      500      595      504
      591     1574      617     1574      618     1576
      574    14023-pulse  1354037-space

  1326700-space

     4423     4378      570     1619      572      554
      541     1651      540     1625      566      560
      545      554      541     1623      589      539
      546      551      544     1621      591      535
      539      562      544     1646      566     1600
      570      556      539     1654      547      550
      545      558      537      559      546     1619
      593     1599      572     1620      571     1621
      572     1622      568     1621      570     1622
      570     1622      569      556      573      526
      545      554      541      558      538      563
      542     1621      591      534      540     1624
      589     1602      567     1624      567      559
      568      531      543      558      547      550
      545     1623      589      533      541      558
      547      552      543     1648      564     1600
      570     1621      571     5214     4436     4361
      573     1617      564      561      565     1600
      570     1620      571      554      541      558
      537     1627      595      532      542      555
      540     1628      594      528      546      553
      542     1623      589     1602      568      557
      538     1630      572      550      545      554
      541      558      538     1626      596     1594
      566     1628      563     1624      567     1626
      565     1624      567     1623      569     1622
      568      557      538      561      545      554
      541      558      537      564      542     1621
      595      530      540     1624      588     1603
      568     1623      568      557      590      509
      598      503      591      506      589     1575
      596      529      597      502      592      506
      599     1566      628     1563      625     1568
      623    15245-pulse  1365305-space

  1338653-space

     4436     4360      566     1622      569      557
      538     1627      596     1596      566      559
      544      556      539     1626      596      532
      543      555      540     1625      598      528
      547      552      541     1624      588     1604
      567      559      546     1622      570      554
      544      555      547      552      543     1622
      591     1601      569     1623      569     1624
      568     1624      567     1623      568     1624
      568     1625      566      562      543      553
      542      557      538      561      544      557
      538     1625      597      528      546     1620
      592     1599      571     1621      571      555
      540      559      546      555      540      558
      538     1631      592      530      544      555
      539      559      546     1619      593     1599
      572     1620      571     5214     4434     4368
      568     1624      567      558      547     1619
      593     1598      573      553      542      558
      538     1627      595      532      542      559
      537     1625      597      528      546      553
      541     1623      589     1602      568      556
      540     1629      572      551      544      556
      539      560      545     1620      592     1600
      574     1618      570     1622      569     1625
      566     1624      567     1626      565     1626
      565      560      545      554      540      559
      546      553      542      560      546     1621
      591      531      543     1623      589     1603
      568     1624      567      558      601      499
      595      506      589      508      598     1567
      624      501      594      506      590      510
      596     1573      619     1570      621     1573
      619    14475-pulse  1334511-space

  1310490-space

     4458     4354      572     1619      572      554
      562     1631      560     1602      568      558
      548      551      544     1622      590      538
      547      551      544     1622      590      534
      540      560      546     1619      593     1599
      572      554      562     1635      536      559
      567      532      542      558      548     1618
      594     1598      593     1601      591     1600
      570     1624      568     1623      569     1623
      592     1600      567      559      568      532
      543      557      538      561      545      557
      538     1625      599      527      546     1619
      593     1599      572     1620      571      554
      572      527      550      552      540      557
      538     1627      595      530      544      556
      539      560      545     1620      592     1601
      570     1621      571     5216     4433     4368
      566     1627      565      560      566     1600
      592     1600      570      556      570      529
      545     1624      588      537      548      550
      545     1620      592      534      540      559
      546     1619      593     1600      570      555
      540     1628      574      550      545      554
      541      558      547     1622      590     1599
      572     1620      571     1621      570     1624
      567     1624      567     1624      567     1625
      566      559      546      553      541      558
      548      555      540      559      547     1617
      595      530      544     1621      591     1600
      570     1623      569      556      591      508
      597      504      591      506      599     1566
      594      532      595      504      591      508
      597     1568      624     1568      623     1570
      621    21838-pulse