Running as regular user pi
 12091929

  3473020-space

     4422     4383      567     1652      547      553
      542     1625      566     1626      565      535
      571      555      542     1624      565      563
      542      556      539     1653      538      562
      544      556      539     1655      547     1618
      573      553      542     1653      539      559
      546      554      541      558      547     1620
      571     1647      544     1649      543     1624
      567     1629      563     1626      564     1628
      574     1619      572      554      541      559
      547      556      539      558      547      528
      567      557      538      561      544      556
      539      560      545     1647      545      556
      539      559      546      555      540     1651
      540     1652      539     1627      564     1632
      570      553      541     1625      566     1627
      565     1627      575     5213     4433     4372
      565     1650      541      559      547     1645
      546     1621      570      555      540      560
      545     1646      545      557      538      560
      545     1650      542      555      540      559
      546     1646      545     1621      570      556
      539     1656      547      551      543      556
      539      561      545     1648      543     1623
      568     1625      570     1623      565     1629
      573     1619      572     1621      571     1623
      569      556      538      561      545      555
      540      559      598      503      592      505
      590      509      596      503      594      505
      598     1594      597      503      592      507
      598      503      592     1572      619     1573
      618     1573      618     1574      617      508
      597     1569      623     1573      619     1573
      619    16793-pulse  2036801-space

  2013671-space

     4435     4356      568     1650      541      558
      547     1647      544     1645      546      527
      568      557      538     1627      564      563
      542      555      541     1651      539      560
      546      553      542     1649      542     1623
      568      558      540     1653      546      552
      543      556      539      560      545     1646
      545     1621      572     1621      570     1622
      569     1624      567     1623      568     1627
      564     1624      567      559      546      553
      542      558      538      562      544      557
      538      560      546      555      541      557
      537     1654      538     1628      564      562
      544      555      540      562      544     1649
      543     1620      571     1621      571      555
      540      559      546     1646      545     1620
      571     1620      571     5214     4433     4367
      570     1650      542      556      539     1626
      565     1627      565      561      545      554
      541     1653      538      560      545      552
      543     1648      543      556      539      560
      545     1647      544     1620      571      555
      540     1654      538      560      545      554
      541      558      547     1647      544     1645
      546     1619      572     1620      571     1623
      569     1621      569     1623      568     1624
      567      558      547      552      595      504
      594      505      597      504      591      506
      599      500      595      504      591     1600
      591     1574      566      560      597      502
      592      509      597     1593      598     1567
      624     1568      627      499      593      506
      599     1593      598     1568      624     1570
      621    21022-pulse  1631024-space

  1607699-space

     4430     4370      564     1653      538      561
      544     1650      541     1648      543      556
      539      534      571     1646      545      556
      538      559      548     1644      546      553
      542      558      538     1654      538     1654
      547      552      543     1651      540      557
      538      561      544      555      540     1652
      539     1653      540     1627      563     1627
      564     1630      571     1618      574     1618
      573     1619      572      553      542      557
      538      561      544      555      540      561
      544      553      542      559      536     1655
      547     1619      572     1620      571      555
      540      559      546      558      537     1650
      542     1624      567      558      547      552
      543      556      539     1653      538     1626
      565     1626      566     5224     4433     4364
      573     1646      545      553      541     1650
      541     1625      566      559      546      553
      542     1652      539      560      545      551
      543     1648      543      556      539      560
      545     1645      547     1619      571      555
      540     1627      564      559      546      553
      542      558      538     1657      544     1619
      572     1620      571     1621      570     1624
      569     1621      568     1624      567     1625
      566      560      545      554      593      506
      602      497      595      507      599      499
      597      503      592     1600      592     1574
      565     1628      563      562      596      503
      591      510      596     1594      597     1569
      622      503      595      505      597      502
      593     1598      593     1573      618     1575
      616    21212-pulse  1461265-space

  1439045-space

     4428     4371      573     1645      545      554
      544     1622      566     1626      565      561
      544      555      540     1652      539      562
      544      553      541     1624      567      559
      546      553      542     1650      541     1651
      543      556      546     1621      570      554
      541      558      547      553      542     1650
      541     1626      565     1625      566     1626
      566     1628      573     1643      541     1625
      564     1628      564      562      544      556
      539      560      545      554      541      560
      545      553      542      556      539     1652
      539      560      545     1646      545      554
      541      559      547      558      537     1624
      567     1625      566      560      546     1646
      545      555      540     1653      538     1627
      564     1626      565     5222     4435     4368
      569     1648      543      557      538     1627
      564     1627      564      561      544      557
      539     1652      539      562      543      554
      541     1650      541      559      546      553
      542     1652      539     1624      567      558
      547     1646      545      553      543      557
      539      560      546     1646      544     1622
      570     1622      569     1623      568     1629
      562     1625      566     1626      566     1626
      565      560      545      554      542      557
      547      552      543      558      589      508
      598      502      593     1598      593      506
      599     1595      544      553      594      506
      590      512      593     1596      595     1570
      621      504      591     1601      590      509
      597     1569      623     1569      622     1572
      619    20044-pulse  1520053-space

  1499353-space

     4456     4362      564     1657      545      552
      543     1649      542     1624      568      558
      547      552      543     1651      540      560
      545      552      543     1649      542      558
      537      562      543     1622      569     1626
      565      558      547     1647      545      553
      542      558      547      526      569     1654
      538     1624      566     1652      539     1627
      564     1630      571     1622      569     1620
      571     1621      570      555      539      560
      545      554      541      558      548      553
      541      556      539     1653      539     1628
      564      562      543     1648      546      554
      539      561      545      556      538     1651
      540      560      545      554      541     1651
      539      561      545     1647      544     1622
      569     1622      569     5219     4439     4366
      571     1645      546      554      541     1651
      540     1625      569      556      546      554
      541     1651      540      561      544      554
      541     1651      540      559      546      554
      540     1650      540     1626      565      560
      545     1649      542      556      539      563
      542      554      541     1651      540     1625
      566     1626      565     1628      564     1629
      572     1618      573     1620      571     1621
      570      559      536      560      545      554
      541      559      547      555      592      505
      590     1603      547     1647      546      553
      593     1572      566      559      598      501
      594      507      598     1591      590      510
      599      500      591     1600      591      509
      597     1595      596     1569      622     1573
      619    18529-pulse  1478566-space

  1451352-space

     4432     4374      563     1653      538      562
      544     1648      543     1623      568      560
      535      562      544     1648      543      558
      547      550      544     1648      544      556
      539      562      544     1648      543     1623
      568      558      538     1631      571      553
      542      561      544      552      543     1649
      542     1650      541     1626      566     1629
      564     1655      546     1619      572     1620
      571     1622      569      557      541      558
      544      555      540      560      545      556
      539      559      547     1645      546     1620
      572     1621      570     1622      569      557
      538      562      544      558      537     1653
      541      558      545      555      540      559
      546      553      541     1651      540     1626
      565     1627      565     5221     4438     4363
      571     1648      543      557      538     1629
      563     1628      573      553      542      558
      538     1654      547      554      541      557
      538     1653      538      562      544      556
      539     1653      539     1628      564      562
      543     1653      539      557      538      561
      544      556      539     1652      539     1627
      564     1629      573     1619      572     1623
      568     1622      569     1624      567     1624
      567      559      546      554      593      506
      599      501      594      508      598      500
      595     1600      591     1573      566     1626
      565     1627      564      562      596      508
      587      509      596     1594      597      503
      592      507      598      501      593      506
      599     1596      595     1568      623     1572
      619    15014-pulse  1565041-space

  1543644-space

     4436     4356      569     1649      546      554
      538     1627      564     1655      547      527
      568      558      547     1645      547      556
      538      558      547     1647      545      555
      540      558      547     1645      546     1624
      567      555      539     1655      547      551
      544      555      540      560      546     1646
      545     1622      569     1622      569     1624
      567     1628      564     1629      562     1627
      564     1628      573      553      542      557
      538      561      544      555      540      563
      543      554      541     1651      540      560
      545     1646      545     1621      570      559
      536      560      545      556      539     1652
      539      560      545     1621      570      556
      539      560      546     1646      544     1648
      543     1622      569     5219     4436     4368
      569     1648      543      557      538     1627
      564     1629      573      553      543      557
      537     1655      547      555      540      558
      538     1655      547      553      542      558
      551     1616      572     1620      571      555
      540     1628      573      550      544      555
      541      559      545     1647      544     1622
      569     1624      567     1626      566     1629
      572     1618      573     1620      571     1622
      569      557      538      563      543      556
      539      561      544      557      590      508
      598     1594      545      555      592     1603
      536     1628      573      552      595      505
      590      511      594     1596      595      505
      590     1603      599      500      594      505
      590     1603      599     1568      623     1574
      617    19208-pulse  1579239-space

  1555822-space

     4454     4367      567     1652      539      534
      571     1624      567     1623      569      557
      538      561      544     1648      543      559
      547      551      546     1647      543      557
      538      535      570     1649      543     1650
      541      559      547     1648      543      555
      540      560      546      553      541     1651
      540     1653      538     1630      573     1646
      545     1623      568     1622      569     1626
      565     1624      567      559      546      554
      541      559      547      553      543      559
      546      551      544     1649      543      555
      539      560      545     1646      545      554
      540      559      546      555      540     1653
      538      558      547     1645      546     1620
      571      555      540     1653      538     1627
      564     1627      574     5217     4431     4370
      567     1652      539      560      545     1646
      545     1621      570      556      539      560
      545     1650      541      557      538      559
      546     1646      545      554      541      559
      547     1647      545     1619      571      555
      540     1654      547      550      545      555
      540      559      546     1648      543     1620
      571     1621      570     1623      568     1626
      566     1624      566     1625      566     1626
      565      561      544      555      592      507
      598      501      593      508      597      500
      595     1598      593      506      599      501
      594     1598      595      505      598      501
      593      508      597     1594      597      502
      592     1600      591     1578      614      509
      596     1595      596     1570      622     1573
      618    21207-pulse  1541211-space

  1519600-space

     4429     4368      566     1653      539      535
      571     1647      544     1622      569      556
      539      561      544     1648      543      560
      546      551      544     1648      543      557
      538      561      544     1648      544     1625
      566      530      564     1656      546      552
      543      556      539      534      571     1647
      544     1623      569     1623      569     1623
      568     1626      565     1628      564     1652
      539     1627      564      562      544      556
      539      560      545      554      541      560
      546     1643      547     1645      546      553
      542      558      538     1654      547      553
      546      554      538      563      542      555
      539      560      545     1647      545     1647
      544      556      540     1652      538     1628
      564     1627      574     5216     4430     4368
      569     1648      543      557      538     1653
      538     1627      564      562      545      554
      540     1652      539      563      543      554
      541     1651      540      560      546      553
      544     1647      541     1625      566      559
      546     1621      570      554      541      558
      547      554      542     1649      542     1624
      567     1625      566     1627      564     1633
      568     1619      572     1620      571     1621
      570      556      539      562      544      554
      541      558      547      554      593     1597
      543     1623      568      557      590      512
      593     1595      597      503      592      507
      598      503      592      505      590      509
      596     1595      597     1569      622      504
      591     1601      590     1576      625     1569
      625    19467-pulse  1529497-space

  1499611-space

     4428     4375      572     1646      545      555
      540     1652      540     1627      565      561
      545      555      541     1624      567      561
      545      552      543     1648      543      556
      539      560      545     1646      547     1619
      571      555      541     1653      537      560
      545      554      541      558      547     1649
      543     1620      571     1621      571     1622
      570     1650      542     1622      568     1624
      567     1625      566      560      545      554
      541      558      550      550      542      559
      546     1644      547     1644      547      552
      543     1648      543     1623      568      556
      539      561      545      556      539      558
      547      552      543     1648      544      559
      536      560      545     1646      545     1620
      571     1620      571     5216     4430     4372
      564     1651      540      559      546     1645
      546     1621      570      555      540      559
      546     1646      545      557      538      559
      546     1646      545      557      538      558
      547     1645      546     1619      572      553
      541     1652      539      559      547      552
      543      556      539     1653      538     1627
      564     1628      573     1622      569     1623
      568     1622      570     1622      568     1624
      568      558      547      552      543      556
      538      561      544      557      590     1599
      540     1625      569      556      598     1593
      546     1619      572      554      593      506
      599      502      593      504      592      507
      597     1594      597      503      592      507
      598     1594      598     1568      626     1568
      620    17738-pulse  1517746-space

  1495464-space

     4431     4364      573     1645      546      553
      542     1649      542     1624      568      558
      547      526      569     1648      543      532
      574      549      544     1647      545      555
      540      559      547     1644      546     1645
      549      550      542     1652      540      558
      537      562      544      556      539     1652
      539     1629      563     1628      573     1618
      573     1621      570     1646      546     1623
      568     1620      571      555      540      559
      546      553      542      557      538      563
      543     1648      544      554      540      559
      546     1646      546     1620      571      555
      540      562      543      555      539      558
      537     1654      547     1618      573      553
      542      557      538     1655      537     1628
      573     1617      574     5211     4435     4366
      570     1646      545      554      540     1625
      567     1625      566      559      546      553
      543     1649      541      560      545      552
      543     1648      543      557      538      561
      544     1650      541     1622      569      557
      538     1629      572      551      544      556
      539      560      546     1645      545     1620
      571     1621      571     1621      570     1627
      564     1623      568     1624      567     1624
      567      559      546      553      595      504
      590      509      596      505      590     1600
      592      508      597      502      593     1599
      595     1570      618      508      598      502
      593      508      598      500      595     1570
      621     1572      620      504      591      508
      597     1594      597     1569      622     1572
      619    20173-pulse  1500181-space

  1471301-space

     4426     4387      574     1645      543      556
      539     1654      538     1628      574      552
      543      556      541     1651      538      564
      542      556      539     1653      539      561
      544      555      540     1653      539     1626
      565      561      545     1649      541      556
      539      561      545      555      540     1652
      539     1626      565     1627      564     1628
      573     1622      569     1646      545     1621
      570     1622      569      556      539      561
      545      557      537      559      546      555
      540     1649      542      558      547      552
      543      556      539     1628      563      561
      544      555      540      562      544      553
      541     1650      541     1651      540     1629
      563      561      545     1647      544     1622
      569     1622      569     5219     4428     4376
      561     1654      547      552      543     1622
      569     1624      567      557      538      562
      544     1648      543      558      547      550
      545     1650      542      555      540      559
      546     1645      546     1620      571      554
      540     1628      565      559      545      554
      541      558      547     1645      546     1620
      571     1621      573     1618      570     1624
      567     1622      569     1622      569     1624
      567      557      538      562      544      555
      592      507      598      503      592     1597
      594      505      593      506      596      503
      592     1600      591      508      597      502
      593      508      597      500      595     1597
      594     1571      620     1572      619      507
      599     1567      624     1571      620     1570
      621    16731-pulse  1776738-space

  1748350-space

     4432     4361      565     1652      539      560
      545     1647      545     1621      570      555
      540      562      543     1646      545      556
      539      559      546     1646      545      554
      541      532      573     1621      571     1620
      572      554      540     1654      547      552
      543      555      540      564      541     1646
      545     1648      543     1623      568     1624
      567     1629      572     1617      564     1628
      573     1619      572      553      541      558
      540      559      544      555      539      562
      544     1646      545      555      541     1651
      540      559      547     1644      545      554
      541      558      547      555      540      557
      538     1654      547      552      546     1646
      542      558      537     1655      547     1619
      572     1619      573     5215     4431     4370
      566     1652      539      560      545     1647
      545     1621      569      556      539      561
      545     1647      544      557      538      560
      546     1648      543      554      541      558
      547     1644      547     1619      572      553
      541     1653      539      558      537      562
      543      556      539     1653      539     1628
      564     1631      570     1619      572     1621
      570     1619      572     1620      571     1622
      569      555      539      560      545      554
      541      558      547      554      593     1596
      543      560      535     1653      538      561
      596     1595      544      556      591      508
      598      503      591      505      590     1601
      599      500      595     1596      595      504
      591     1601      591     1578      613     1577
      624    16257-pulse  1656262-space

  1627844-space

     4431     4370      567     1649      543      530
      564     1628      573     1645      546      554
      541      561      544     1645      546      556
      539      558      547     1645      546      553
      542      557      538     1655      536     1654
      547      552      543     1624      567      557
      538      561      545      558      537     1651
      540     1652      540     1626      565     1627
      564     1631      571     1618      573     1620
      571     1621      570      555      539      560
      549      551      541      558      547      554
      541     1649      543      557      539     1653
      538     1629      572     1619      572      554
      541      558      547      554      541      557
      538     1654      538      561      544      555
      539      560      545     1647      544     1648
      543     1622      569     5219     4428     4377
      570     1645      546      554      541     1625
      567     1625      566      560      545      554
      541     1624      566      561      544      553
      542     1652      539      557      538      561
      544     1648      543     1623      568      558
      538     1657      544      552      543      556
      539      560      545     1647      545     1621
      570     1626      565     1624      567     1628
      564     1627      565     1628      573     1620
      571      554      541      559      547      553
      542      558      590      512      593     1597
      542      561      587     1602      547     1619
      572     1620      571      555      592      508
      597      504      592      505      599     1593
      598      501      594      506      599      500
      595     1597      594     1574      616     1574
      617    16279-pulse  3436319-space

  3410576-space

      226    12088

      229    13159-pulse  4093111-space

  4065396-space

      745     1778      256     5384      252     2961
      232    16147-pulse  3256164-space

  3231499-space

     4430     4365      562     1654      547      552
      543     1649      544     1621      567      559
      547      553      543     1623      568      560
      545      552      543     1651      540      558
      547      552      542     1649      542     1651
      540      559      546     1622      569      555
      540      559      546      553      541     1650
      541     1626      566     1628      563     1628
      573     1622      569     1621      570     1622
      569     1626      565      558      538      562
      543      556      539      560      545      556
      539      558      537      562      543      557
      538      560      545     1647      544      555
      540      559      546      555      540     1649
      542     1652      539     1623      568     1624
      567      558      547     1618      573     1620
      571     1619      572     5215     4434     4367
      567     1651      541      559      545     1647
      544     1621      570      556      539      560
      545     1646      548      553      539      558
      537     1654      547      552      543      556
      538     1653      538     1629      563      562
      543     1651      540      557      538      562
      544      556      539     1652      542     1624
      565     1627      564     1628      573     1620
      571     1620      571     1620      571     1621
      570      555      539      560      598      501
      594      505      593      509      594      503
      592      507      598      502      593      506
      599     1592      599      501      594      505
      590      512      593     1595      596     1570
      622     1570      621     1571      620      508
      587     1576      625     1567      624     1570
      621    22531-pulse  1902567-space

  1876967-space

     4430     4367      569     1646      545      554
      541     1651      540     1628      563      560
      545      554      541     1624      566      561
      545      552      543     1649      544      555
      538      561      545     1647      544     1621
      570      556      539     1654      550      547
      545      554      541      558      547     1645
      547     1619      572     1646      544     1622
      569     1624      567     1623      568     1624
      567     1654      537      559      546      553
      541      558      548      551      543      558
      537      560      545      554      541      558
      547     1646      546     1645      546      553
      542      558      538      564      541     1648
      544     1624      567     1622      569      556
      539      561      545     1647      544     1621
      571     1619      571     5215     4433     4367
      567     1651      540      560      545     1619
      572     1620      571      554      541      559
      547     1645      546      558      537      557
      538     1653      538      561      544      555
      540     1651      540     1625      567      559
      545     1648      543      554      541      558
      547      553      542     1649      542     1627
      564     1625      566     1625      566     1628
      573     1617      565     1627      574     1618
      573      553      542      557      538      561
      544      555      540      561      599      498
      594      505      590      510      595     1597
      594     1571      567      558      599      500
      594      508      598     1592      599     1567
      625     1567      624      502      593      506
      599     1596      595     1567      624     1571
      620    13460-pulse  1473477-space

  1451053-space

     4429     4364      572     1646      545      555
      543     1623      565     1627      564      562
      544      556      539     1653      538      563
      545      552      540     1651      540      559
      546      553      541     1650      541     1625
      570      556      546     1648      544      554
      541      558      547      552      543     1649
      542     1625      566     1625      566     1626
      565     1629      572     1618      573     1649
      542     1621      570      556      539      560
      545      555      540      559      546      555
      540      559      537      561      544     1621
      570     1648      543     1623      568      558
      537      565      540      558      547     1643
      538     1628      573      553      542      557
      538      562      543     1650      542     1649
      541     1624      567     5221     4435     4366
      572     1647      543      556      539     1653
      538     1628      573      553      542      558
      549     1643      547      555      540      557
      538     1653      538      561      544      555
      540     1651      540     1626      565      560
      545     1649      542      556      539      560
      545      554      542     1650      540     1626
      566     1627      565     1627      564     1630
      571     1619      572     1620      571     1621
      570      556      539      560      545      555
      540      558      547      554      592      505
      590      509      596     1596      595     1571
      568     1628      563      559      598      501
      594      507      598     1592      599     1566
      625      502      593      504      590      509
      597     1595      597     1568      623     1571
      620    20278-pulse  1660316-space

  1631835-space

     4429     4364      562     1654      538      562
      543     1623      569     1623      568      558
      547      554      540     1649      543      559
      547      550      544     1647      544      556
      539      560      545     1649      542     1621
      570      557      538     1654      546      550
      545      554      541      558      547     1645
      546     1619      571     1620      571     1620
      571     1624      567     1648      543     1622
      569     1623      568      558      537      562
      546      553      539      560      545      556
      538      559      546      553      542     1650
      541      558      547     1646      545      553
      541      558      547      554      541     1649
      542     1650      541      558      550     1616
      572      553      541     1651      540     1626
      566     1625      566     5222     4434     4372
      565     1625      566      560      546     1646
      546     1621      570      555      539      560
      545     1647      544      557      538      560
      546     1649      542      555      540      559
      546     1646      545     1621      570      556
      539     1656      546      551      544      556
      539      561      545     1648      544     1623
      568     1627      564     1626      566     1628
      573     1617      564     1628      573     1620
      571      554      541      559      546      553
      594      505      589      512      593      504
      591      509      597     1598      593      504
      591     1601      590      509      596      503
      592      509      596     1594      598     1568
      622      503      592     1601      591      509
      596     1570      621     1574      617     1574
      617    16314-pulse  1476348-space

  1451197-space

     4459     4362      564     1651      540      560
      545     1620      571     1623      568      555
      539      560      546     1646      545      556
      539      558      547     1646      546      527
      568      557      538     1627      564     1628
      573      552      543     1654      537      558
      537      562      543      556      539     1653
      538     1628      573     1620      572     1647
      543     1651      548     1642      541     1652
      539     1656      535      561      545      555
      540      559      546      553      542      559
      546      551      544     1649      544     1622
      568      558      547     1645      546      553
      542      558      537      564      541     1651
      540      556      539      561      545     1647
      544      556      539     1653      538     1629
      563     1627      574     5213     4436     4365
      569     1623      569      557      547     1618
      573     1619      572      553      541      558
      547     1644      550      552      540      557
      538     1654      547      553      543      557
      538     1654      538     1629      572      552
      543     1625      567      557      538      561
      544      555      540     1651      540     1629
      562     1627      564     1628      573     1620
      571     1620      571     1620      571     1621
      570      556      539      560      545      554
      541      558      547      557      590      504
      591     1601      538     1628      573      553
      594     1572      567      559      599      500
      593      508      597     1593      598      502
      593      507      599     1594      598      502
      596     1570      618     1574      617     1577
      624    12959-pulse  1452999-space

  1430993-space

     4435     4373      572     1646      545      557
      537     1652      539     1627      564      561
      544      529      565     1652      539      563
      544      554      540     1651      540      559
      546      527      568     1650      541     1624
      567      533      572     1622      570      554
      541      559      547      553      542     1650
      541     1626      565     1625      566     1652
      539     1654      547     1642      542     1650
      538     1654      548      552      543      557
      538      561      544      555      540      562
      560      538      541     1650      541     1625
      566     1625      566     1652      539      564
      542      555      540      561      544     1646
      545      554      541      559      547      553
      543      557      538     1654      537     1628
      573     1617      574     5216     4430     4369
      568     1623      568      557      538     1628
      573     1619      572      554      541      560
      546     1645      546      556      539      558
      547     1645      546      554      541      559
      547     1648      543     1620      571      555
      540     1654      547      550      545      555
      540      561      545     1645      546     1619
      572     1620      572     1621      571     1627
      564     1623      568     1650      541     1625
      566      560      545      554      594      505
      599      500      595      506      599      498
      597     1594      597     1569      570     1625
      566     1623      569      557      591      509
      597      505      591     1599      592      507
      599      500      594      505      590      509
      596     1595      596     1570      621     1572
      622    19830-pulse  1809864-space

  1784802-space

     4426     4371      566     1649      542      557
      538     1654      538     1629      573      553
      542      558      547     1619      572      555
      539      558      547     1647      545      553
      542      557      543     1649      548     1618
      572      553      542     1630      561      558
      547      552      543      556      539     1652
      539     1626      565     1628      565     1653
      547     1647      544     1646      545     1648
      543     1652      539      558      548      552
      543      556      539      560      545      557
      538      559      546     1646      546      554
      540     1652      539     1626      565      561
      545      555      540      561      544     1646
      545      554      540     1625      566      560
      545      554      540     1652      540     1628
      564     1627      574     5213     4433     4368
      568     1624      568      558      546     1619
      572     1620      571      555      540      559
      546     1646      548      553      539      559
      546     1646      545      554      541      559
      547     1645      545     1621      570      554
      540     1627      564      560      545      554
      541      559      547     1645      546     1624
      568     1622      569     1623      568     1652
      539     1652      539     1625      565     1627
      565      561      544      555      540      559
      546      553      594      511      595      500
      595     1597      542      558      590     1602
      547     1619      572      553      595      505
      599      502      593     1571      620      505
      589     1602      600      500      595      504
      594     1598      591     1575      616     1578
      624    12894-pulse  1482918-space

  1455186-space

     4460     4356      570     1647      544      555
      540     1626      565     1653      538      535
      571      554      540     1652      539      563
      543      555      540     1652      539      560
      545      555      542     1624      566     1626
      565      534      571     1622      569      554
      541      558      550      549      543     1648
      543     1622      569     1649      543     1649
      548     1646      539     1650      541     1651
      540     1651      540      559      546      556
      539      557      538      561      544      557
      538      559      547     1645      546      553
      542      557      538     1654      537      561
      544      554      540      561      545     1618
      573      552      543     1625      566     1623
      569      557      538     1627      564     1628
      574     1644      547     5213     4437     4365
      568     1624      567      558      547     1619
      572     1619      572      554      541      558
      547     1644      547      554      541      556
      538     1653      538      561      544      555
      540     1652      539     1627      574      552
      543     1625      566      556      538      561
      545      554      541     1650      540     1625
      567     1625      565     1652      539     1629
      573     1617      574     1619      573     1619
      571      555      540      560      545      554
      541      558      599      502      592      505
      590     1603      547      551      595      504
      591     1601      538      561      596      503
      592      509      596     1595      596      502
      592     1573      618     1574      617      509
      596     1569      621     1571      621     1572
      619    15578-pulse  1485620-space

  1462977-space

     4427     4361      573     1645      546      554
      543     1648      540     1625      566      560
      545      554      541     1651      540      561
      544      554      541     1649      541      558
      547      552      543     1621      570     1621
      570      555      539     1653      538      559
      546      553      542      557      538     1653
      538     1628      563     1653      538     1654
      538     1656      546     1644      546     1649
      542     1647      544      555      540      559
      546      553      541      558      547      554
      541     1650      541     1624      567      559
      546      553      542     1650      541      559
      547      553      546      556      547      550
      545      554      541     1651      540     1625
      566      560      546     1621      571     1621
      570     1647      544     5220     4426     4373
      565     1628      573      553      542     1649
      542     1624      567      558      547      552
      546     1620      569      558      547      550
      545     1646      545      554      541      558
      547     1646      546     1619      572      554
      541     1627      564      560      545      554
      541      559      550     1642      545     1621
      571     1621      570     1648      543     1651
      540     1649      542     1650      541     1624
      567      559      546      552      542      557
      538      561      597      504      591     1598
      540     1625      566      559      598      501
      594     1599      592      506      599      500
      595      506      599      498      597      502
      593     1598      593     1575      616      506
      599     1567      624     1567      624     1569
      622    20497-pulse  1500532-space

  1479062-space

     4454     4360      564     1628      566      559
      544     1622      570     1648      543      556
      539      560      545     1620      571      558
      538      558      547     1645      546      553
      542      557      538     1654      538     1630
      561      561      544     1649      542      556
      539      560      545      554      541     1651
      540     1653      538     1652      539     1653
      538     1656      546     1647      544     1644
      547     1645      546      554      541      558
      547      552      543      556      539      562
      543     1646      545     1621      571      555
      540     1626      566     1626      568      558
      544      555      540      561      544      553
      542      557      538     1654      538      562
      544      555      541     1651      539     1627
      565     1652      538     5225     4431     4366
      570     1621      570      556      539     1627
      565     1627      564      562      545      555
      539     1652      539      562      543      554
      541     1651      540      560      546      554
      541     1650      541     1625      566      559
      546     1621      570      554      541      558
      548      551      543     1649      542     1623
      568     1650      541     1625      569     1625
      564     1626      565     1627      564     1628
      573      552      543      558      537      561
      597      502      592      509      597     1593
      599     1567      572      554      593     1575
      616     1573      618      507      598      501
      593      508      597      500      595      504
      591     1601      590      508      597      502
      593     1598      593     1572      619     1577
      615    19314-pulse  1649370-space

  1627763-space

     4430     4370      564     1628      576      550
      543     1623      568     1650      541      559
      546      553      542     1623      568      562
      544      552      543     1648      543      556
      539      561      545     1646      545     1624
      568      554      540     1627      564      559
      546      553      542      557      538     1653
      538     1629      563     1654      547     1644
      547     1647      545     1648      543     1646
      545     1647      545      555      540      559
      546      553      542      557      538      563
      544     1645      545      554      540      559
      546     1645      546     1620      571      555
      543      556      546      555      539      558
      547     1645      546     1620      571      554
      540      559      547     1644      546     1620
      571     1646      545     5220     4426     4374
      563     1628      573      553      541     1625
      566     1626      565      561      546      554
      540     1652      539      563      542      555
      540     1652      539      560      545      554
      544     1648      540     1626      565      560
      545     1623      568      556      539      560
      546      555      540     1651      540     1626
      565     1653      538     1627      564     1633
      569     1619      572     1620      571     1621
      571      555      540      560      545      553
      594      505      590      511      594     1596
      543      556      591      509      597     1598
      593     1570      569      557      591      509
      596      505      590      508      598     1595
      597     1570      621      503      592      508
      598     1568      623     1569      623     1571
      623    19420-pulse  1559457-space

  1531439-space

     4433     4374      573     1645      546      554
      540     1626      565     1654      538      562
      544      556      539     1654      548      554
      541      557      538     1654      548      552
      543      530      566     1654      537     1654
      547      553      542     1652      539      559
      546      553      542      558      547     1644
      547     1646      545     1647      544     1649
      543     1653      538     1651      540     1653
      539     1654      538      562      543      559
      535      561      544      555      540      561
      544     1645      546      554      541      559
      547      553      542     1650      541      558
      537      562      544      558      548      550
      545     1646      545     1650      541     1647
      544      556      539     1653      538     1628
      573     1645      548     5214     4431     4370
      566     1626      565      560      545     1621
      571     1621      570      556      539      561
      545     1647      544      558      548      550
      545     1650      541      555      539      560
      545     1621      570     1623      569      557
      538     1631      571      552      543      556
      539      561      545     1647      544     1622
      569     1626      565     1650      541     1627
      564     1626      565     1627      564     1628
      573      552      543      557      538      561
      544      555      592      509      597     1593
      546      557      590      506      599      500
      595     1570      621      504      591      509
      597      504      591      507      599     1594
      597     1567      624     1568      623      503
      592     1573      618     1577      615     1576
      625    15820-pulse  1625878-space

  1595963-space

     4424     4387      570     1651      540      531
      564     1654      547     1645      545      554
      540      559      546     1622      569      557
      538      559      546     1646      545      555
      540      560      545     1647      546     1620
      569      557      545     1624      571      526
      569      531      564      562      544     1653
      538     1624      567     1652      539     1654
      538     1658      545     1646      544     1649
      542     1651      540      560      545      554
      541      559      550      550      542      560
      545     1645      546      554      541     1625
      566      560      545     1622      570      555
      540      560      546      556      539      558
      547     1646      545      554      541     1655
      536      561      545     1647      544     1622
      569     1648      543     5220     4436     4368
      568     1621      570      556      539     1627
      565     1629      573      552      543      557
      538     1654      547      555      540      558
      547     1645      546      554      540      559
      546     1646      545     1622      569      557
      538     1629      572      552      544      555
      539      561      545     1648      544     1623
      568     1624      567     1655      536     1629
      572     1618      573     1619      571     1621
      572      554      539      560      545      555
      540      559      598      503      592     1598
      541      559      598     1571      568      555
      592     1574      617      509      596      503
      591      510      595      502      593     1574
      617      508      597     1569      622      504
      591     1575      616     1576      628     1566
      622    17669-pulse  1577724-space

  1551798-space

     4450     4368      568     1648      544      530
      565     1627      565     1629      562      561
      545      555      540     1651      540      561
      544      553      542     1649      542      559
      537      535      570     1648      543     1648
      543      556      538     1629      573      551
      544      555      539      559      546     1645
      546     1619      572     1646      545     1648
      543     1650      541     1649      542     1650
      541     1654      537      560      546      553
      541      558      548      551      544      557
      538     1651      540      559      546     1646
      545     1620      571     1647      545      555
      540      559      546      555      540      557
      541     1650      538      561      544      554
      541      558      547     1644      547     1618
      574     1617      573     5213     4437     4365
      569     1623      568      558      548     1618
      573     1619      572      554      541      558
      547     1644      547      554      544      553
      539     1653      539      561      544      555
      540     1651      540     1625      567      559
      545     1622      569      554      540      559
      546      553      542     1650      541     1628
      564     1651      540     1652      539     1654
      547     1616      565     1628      563     1628
      573      552      543      556      539      560
      545      554      593      508      597     1595
      544      553      594     1571      568     1624
      567     1625      566      561      597      501
      593      508      597      500      595     1597
      595      504      591      509      597      502
      593     1601      590     1572      619     1575
      616    13747-pulse