Running as regular user pi
 16777215

     4427     4371      596     1596      595      531
      564     1604      588     1602      589      537
      568      531      543     1623      589      539
      545      552      544     1622      589      537
      568      532      543     1623      589     1603
      588      538      571     1597      570      554
      562      538      547      553      543     1649
      563     1603      598     1595      596     1596
      596     1599      571     1619      593     1603
      589     1599      592      534      572      528
      546      553      542      557      538      563
      542      554      540      560      546      552
      543      556      538     1653      570      530
      565      534      540      561      544     1622
      590     1599      592     1600      592     1601
      590      536      570     1597      595     1596
      595     1596      575     5216     4432     4369
      589     1604      588      537      568     1598
      593     1600      592      534      571      529
      545     1623      589      536      538      559
      546     1619      593      532      562      537
      538     1627      597     1596      595      530
      564     1603      567      556      570      529
      545      555      540     1628      594     1595
      596     1596      595     1598      594     1601
      570     1620      591     1601      590     1602
      589      538      568      532      543      557
      541      559      544      557      538      560
      546      554      541      558      547      553
      542     1623      590      536      571      529
      544      556      538     1625      598     1594
      598     1594      597     1599      593      530
      564     1602      590     1603      589     1606
      575    21254-pulse  3511268-space

  3484078-space

     4459     4357      591     1598      593      532
      563     1601      590     1601      591      537
      568      529      545     1620      592      535
      539      558      547     1618      594      531
      564      536      569     1595      597     1595
      596      529      566     1601      570      554
      562      540      544      552      543     1622
      591     1601      591     1601      590     1602
      590     1603      567     1623      590     1601
      591     1600      591      534      574      524
      547      552      543      556      539      561
      544      552      543      556      539      560
      545     1619      594     1598      592      533
      572      527      547      554      540     1622
      590     1601      593     1598      590      535
      570      529      545     1620      592     1599
      592     1599      572     5211     4438     4360
      595     1596      596      530      565     1600
      591     1598      593      532      563      536
      538     1627      596      532      543      554
      544     1621      588      538      568      531
      543     1621      591     1600      591      534
      572     1596      564      559      568      532
      542      557      538     1627      596     1596
      596     1599      592     1596      595     1597
      573     1616      596     1596      595     1594
      597      528      567      532      542      557
      538      561      544      557      538      558
      547      554      540      555      540     1625
      598     1594      597      528      567      533
      562      539      545     1618      594     1596
      595     1596      595      531      564      535
      539     1626      599     1593      596     1598
      572    15137-pulse  1885181-space

  1860790-space

     4426     4366      592     1599      592      533
      572     1593      591     1600      588      537
      569      530      544     1620      592      536
      539      559      547     1645      567      530
      564      534      540     1625      598     1594
      598      528      567     1603      567      553
      563      536      538      561      545     1620
      592     1600      591     1601      590     1600
      591     1602      569     1620      592     1600
      595     1597      591      534      571      528
      546      553      541      558      548      553
      542      556      539      559      546     1619
      593     1597      594     1597      594      531
      564      535      570      530      543     1621
      591     1597      594      531      564      535
      571      528      546     1619      593     1599
      592     1597      574     5211     4437     4361
      594     1598      593      531      564     1601
      590     1601      590      535      570      528
      546     1622      590      534      540      557
      539     1626      597      529      566      532
      562     1602      589     1603      589      535
      570     1596      574      549      567      532
      563      536      538     1627      599     1593
      595     1596      595     1596      595     1598
      573     1618      595     1596      595     1596
      596      530      565      534      540      559
      547      552      546      555      548      549
      546      553      542     1623      589     1603
      588     1603      616      510      569      531
      542      558      547     1616      596     1595
      596      530      565      534      540      562
      543     1618      594     1597      594     1599
      572    22334-pulse  1552338-space

  1531055-space

     4434     4366      590     1602      590      535
      570     1595      596     1596      596      530
      565      534      540     1625      599      530
      544      552      563     1601      590      535
      570      529      566     1598      593     1601
      590      506      589     1603      567      556
      571      528      546      553      542     1622
      590     1603      589     1601      590     1601
      590     1603      567     1625      587     1601
      590     1601      590      535      570      529
      545      553      541      557      538      563
      551      546      541      558      547     1617
      595      530      565     1600      592      534
      571      531      544      554      541     1622
      591     1600      591      534      571     1594
      597      529      566     1599      592     1598
      593     1598      573     5216     4430     4367
      591     1599      592      534      571     1594
      598     1593      598      527      569      530
      543     1621      591      537      538      559
      546     1618      594      531      564      535
      543     1622      598     1594      598      528
      567     1600      571      553      563      536
      538      560      547     1618      593     1598
      593     1598      593     1599      595     1598
      569     1620      592     1599      592     1599
      592      534      571      528      549      551
      543      555      539      561      544      552
      543      556      539     1625      597      528
      567     1601      590      532      563      536
      538      562      543     1619      593     1599
      593      532      562     1604      588      536
      569     1595      596     1595      596     1601
      569    19259-pulse  1419296-space

  1390638-space

     4436     4367      591     1598      593      507
      588     1603      589     1603      588      537
      568      534      541     1622      590      537
      547      550      566     1599      593      533
      562      537      548     1617      597     1595
      595      531      564     1601      569      554
      563      537      547      551      548     1617
      592     1600      591     1600      591     1600
      591     1603      568     1620      592     1600
      592     1600      592      534      571      528
      570      529      542      557      538      563
      543      554      541     1624      588     1603
      589      537      569     1597      594      530
      565      534      540      561      544     1618
      594      531      564      535      539     1629
      594      528      566     1598      593     1598
      593     1597      573     5212     4434     4367
      591     1598      593      532      563     1602
      589     1604      587      537      569      530
      544     1620      592      535      539      558
      548     1617      596      529      565      534
      540     1624      588     1603      588      537
      568     1598      571      554      563      535
      570      529      545     1620      592     1599
      592     1603      588     1600      591     1603
      568     1622      590     1601      590     1602
      590      534      571      528      546      553
      542      557      538      563      542      554
      540     1624      601     1590      598      528
      567     1598      593      533      562      536
      538      563      543     1620      593      533
      571      528      567     1598      593      532
      563     1602      589     1605      586     1604
      567    16595-pulse  1606605-space

  1579262-space

     4427     4371      587     1602      589      536
      569     1596      595     1597      594      534
      561      536      569     1596      596      532
      542      556      540     1625      597      528
      567      532      541     1626      587     1603
      598      527      567     1600      571      553
      563      537      538      561      544     1621
      592     1600      592     1599      592     1599
      592     1603      568     1620      592     1600
      591     1600      592      534      575      524
      567      532      542      557      538      563
      543      554      541     1624      598     1593
      598     1595      597     1593      598      527
      567      531      543      558      547     1615
      598      527      567      531      543      556
      539      559      546     1618      594     1597
      595     1596      565     5218     4440     4360
      594     1597      595      530      565     1601
      591     1599      592      533      562      537
      538     1627      596      531      543      553
      562     1605      586      536      570      529
      565     1599      592     1600      592      534
      571     1597      563      559      568      531
      543      556      538     1626      596     1595
      596     1598      593     1595      597     1596
      564     1625      597     1594      597     1595
      597      527      567      532      542      557
      538      561      545      556      539      558
      547     1621      591     1597      594     1598
      593     1598      593      532      563      536
      569      533      542     1619      592      533
      562      537      568      531      543      556
      539     1625      601     1591      597     1596
      574    15306-pulse  1595322-space

  1575225-space

     4435     4374      591     1603      588      535
      570     1595      597     1595      596      529
      566      534      572     1595      597      529
      545      552      543     1621      591      534
      571      528      547     1618      597     1594
      593      532      563     1604      567      557
      570      529      566      533      541     1624
      590     1602      588     1603      588     1603
      598     1595      564     1629      594     1594
      597     1595      597      529      566      533
      562      537      548      551      545      557
      548      549      546     1619      593      533
      562     1603      588     1607      595      527
      568      532      563      538      547     1616
      596      529      566     1599      593      534
      561      539      547     1617      596     1596
      596     1595      565     5224     4433     4365
      593     1597      594      531      564     1601
      591     1604      588      534      571      528
      567     1598      593      534      540      557
      538     1627      596      530      565      536
      539     1625      598     1593      598      527
      568     1599      571      553      567      532
      570      529      545     1619      593     1598
      593     1598      593     1598      594     1599
      570     1619      593     1598      593     1599
      596      530      572      527      547      552
      543      556      539      562      544      553
      542     1623      590      535      572     1594
      596     1594      597      528      567      532
      563      538      546     1616      596      529
      566     1598      593      532      563      536
      538     1627      596     1596      596     1599
      571    18040-pulse  1488027-space

  1467014-space

     4434     4367      598     1593      600      525
      567     1598      593     1598      593      532
      563      537      538     1627      598      531
      542      554      541     1624      590      535
      570      529      544     1620      592     1599
      592      533      562     1605      565      558
      568      531      543      556      539     1626
      597     1596      596     1595      596     1595
      596     1597      573     1617      596     1596
      596     1596      595      530      565      534
      571      528      546      553      542      559
      548      549      545     1620      592      533
      572      527      547     1618      594      532
      564      539      535      563      543     1620
      592      533      562     1603      589     1602
      589      536      569     1597      594     1596
      595     1595      565     5225     4432     4366
      592     1598      593      532      563     1602
      589     1602      589      536      570      529
      564     1600      591      537      548      549
      567     1599      593      533      562      541
      565     1597      594     1598      593      532
      563     1605      565      558      568      531
      543      558      538     1626      597     1594
      597     1594      597     1594      600     1593
      573     1616      596     1596      596     1596
      595      530      565      536      570      527
      547      552      543      558      547      550
      545     1620      592      533      562      537
      571     1594      594      531      564      536
      570      531      543     1620      592      534
      572     1594      599     1593      597      528
      566     1599      592     1599      592     1605
      566    18981-pulse  1419019-space

  1390479-space

     4458     4359      588     1600      591      535
      571     1595      597     1595      596      529
      566      536      569     1593      598      529
      545      553      543     1649      564      536
      570      529      566     1627      565     1599
      592      533      572     1595      565      558
      568      531      543      559      536     1626
      597     1595      596     1595      596     1596
      596     1599      572     1616      596     1596
      596     1595      596      529      566      533
      565      534      538      561      544      556
      539     1624      588     1603      588      538
      568      532      544     1621      590      536
      570      530      566      536      539      558
      547      552      543     1622      593     1598
      590      536      570     1595      596     1596
      595     1596      575     5212     4434     4364
      594     1597      594      532      563     1603
      588     1605      587      537      568      531
      564     1601      590      538      547      550
      565     1603      589      534      571      528
      546     1619      593     1599      592      534
      572     1597      564      559      567      532
      563      536      538     1628      595     1597
      595     1600      591     1598      593     1600
      570     1620      592     1599      592     1601
      591      534      571      528      567      532
      542      557      538      563      542     1620
      592     1603      589      534      571      528
      546     1618      594      531      564      536
      570      531      543      554      542      558
      546     1618      594     1598      593      532
      563     1602      589     1606      586     1605
      565    16446-pulse  1496481-space

  1466988-space

     4456     4357      590     1604      588      509
      596     1594      597     1594      597      529
      566      533      541     1626      586      539
      545      552      543     1648      564      535
      570      529      566     1600      591     1599
      592      534      571     1596      574      549
      567      533      562      537      548     1620
      592     1596      595     1596      595     1597
      594     1599      572     1618      594     1597
      594     1597      593      532      564      535
      539      560      548      551      541      559
      546     1616      596     1595      596      529
      566     1599      594     1598      593      532
      562      536      538      563      543      554
      540      559      547     1618      594      531
      564      536      538     1626      596     1595
      596     1595      565     5222     4435     4367
      591     1598      594      532      563     1603
      589     1604      588      536      569      530
      544     1621      591      536      548      549
      567     1598      596      530      562      537
      568     1597      594     1598      594      532
      563     1604      566      558      568      529
      545      554      541     1624      588     1603
      588     1603      598     1596      595     1596
      564     1626      597     1594      597     1595
      596      528      567      532      563      536
      538      561      544      557      538     1625
      598     1597      594      528      567     1598
      593     1598      593      533      562      537
      547      554      541      556      540      559
      545     1619      593      532      563      536
      538     1627      596     1596      598     1595
      572    17403-pulse  1587431-space

  1567237-space

     4454     4364      593     1600      591      532
      563     1603      589     1603      598      527
      568      532      543     1624      589      538
      547      550      545     1620      592      534
      572      527      547     1618      598     1593
      595      530      565     1602      568      555
      571      528      567      532      542     1624
      588     1602      588     1603      588     1603
      588     1605      565     1627      585     1604
      598     1594      598      528      567      533
      562      537      548      552      543      557
      538     1625      599      527      568      531
      542     1622      590     1605      587      535
      570      528      566      535      539      558
      538     1627      595     1597      595      533
      563      534      571     1593      598     1594
      598     1594      566     5224     4433     4365
      594     1597      594      531      564     1601
      590     1601      593      532      570      529
      545     1619      592      535      539      558
      568     1597      594      531      565      534
      539     1625      598     1593      598      528
      567     1599      571      553      566      533
      538      561      545     1620      592     1599
      592     1600      592     1601      590     1602
      568     1621      591     1601      591     1601
      593      532      569      530      566      534
      540      559      547      554      540     1622
      590      535      571      528      546     1620
      592     1598      593      532      564      535
      570      531      543      553      541     1626
      586     1602      589      536      569      530
      544     1621      592     1600      591     1603
      567    18113-pulse  1468164-space

  1446829-space

     4425     4363      592     1600      594      532
      571     1594      597     1595      596      529
      566      534      541     1624      590      537
      545      552      564     1601      591      535
      570      529      545     1619      593     1602
      589      533      562     1605      565      558
      568      532      564      536      538     1627
      595     1597      595     1596      596     1596
      596     1598      572     1620      592     1596
      595     1596      595      530      565      535
      571      528      546      553      543      559
      546     1615      597      528      567      532
      542      557      538     1626      596      529
      566      536      538      560      545      552
      543     1622      591     1601      590     1601
      590      543      564     1594      596     1595
      596     1595      565     5224     4433     4367
      591     1599      592      534      572     1594
      598     1594      597      528      568      532
      562     1603      589      539      546      551
      544     1622      591      535      570      529
      548     1617      593     1599      592      533
      562     1605      566      558      569      530
      545      554      540     1624      598     1594
      598     1594      597     1594      600     1593
      574     1615      597     1594      597     1594
      597      528      567      533      541      557
      538      561      545      556      539     1623
      589      536      569      529      566      533
      541     1626      585      537      569      530
      544      557      538      559      547     1618
      594     1598      593     1597      594      531
      564     1601      590     1601      590     1606
      565    19260-pulse  1529301-space

  1507186-space

     4432     4380      596     1596      596      504
      591     1600      592     1599      592      534
      572      527      568     1597      594      533
      542      555      570     1594      597      528
      567      532      563     1602      589     1602
      592      508      595     1599      572      552
      564      535      570      529      545     1620
      593     1600      592     1599      592     1600
      591     1603      568     1622      593     1599
      590     1601      590      535      570      529
      566      532      542      557      538      563
      543     1621      591      533      562     1603
      589      537      569     1596      595      530
      565      537      537      561      544      553
      543     1622      590      536      570     1596
      595      531      564     1602      589     1601
      590     1601      569     5220     4426     4370
      587     1603      588      537      568     1597
      595     1596      595      530      565      535
      539     1624      588      539      545      551
      544     1621      591      534      571      527
      547     1620      592     1597      594      531
      564     1603      567      556      570      529
      545      553      542     1623      588     1603
      588     1603      588     1603      588     1608
      562     1624      598     1594      597     1595
      597      529      566      533      563      536
      548      551      544      557      538     1624
      598      527      568     1597      594      531
      567     1598      590      535      571      529
      566      535      539      558      547     1618
      594      531      565     1601      590      535
      570     1595      597     1595      597     1596
      574    20026-pulse  1620091-space

  1591580-space

     4420     4387      592     1600      592      534
      571     1594      597     1594      597      503
      592      535      538     1624      589      539
      546      551      544     1620      592      533
      562      537      547     1620      593     1597
      595      534      562     1604      566      556
      570      529      545      558      537     1624
      588     1603      588     1603      588     1603
      588     1607      564     1624      598     1593
      598     1593      598      527      568      532
      546      553      539      560      545      556
      539     1624      588      537      568     1596
      595     1597      594     1596      595      530
      565      534      540      561      544      552
      543     1622      593      532      571      528
      567      532      542     1623      589     1602
      589     1601      570     5216     4430     4372
      586     1603      588      537      568     1597
      593     1599      593      532      563      536
      538     1627      596      532      542      555
      540     1628      595      528      567      532
      562     1603      589     1603      588      537
      568     1600      570      552      564      535
      539      560      545     1619      593     1598
      593     1601      590     1598      593     1600
      570     1619      593     1598      593     1599
      593      532      563      536      538      560
      545      554      541      560      546     1617
      595      533      562     1600      591     1600
      591     1601      591      535      571      528
      567      534      541      556      538     1627
      596      530      565      534      540      559
      547     1618      594     1600      591     1599
      571    16408-pulse  2706441-space

  2680008-space

     4428     4359      588     1601      591      535
      571     1594      597     1597      594      529
      566      533      562     1603      589      539
      546      551      544     1621      591      534
      573      527      546     1618      594     1598
      594      532      563     1604      566      558
      572      527      565      534      540     1625
      597     1594      597     1594      597     1595
      597     1596      564     1625      597     1595
      596     1595      600      526      566      533
      562      537      547      552      543      558
      538     1624      588      537      568     1598
      594     1596      596     1595      596      529
      566      533      541      560      546      551
      544     1623      590      533      562      537
      548      551      544     1620      592     1599
      592     1600      571     5214     4436     4364
      591     1601      591      535      571     1595
      596     1594      597      529      566      533
      541     1624      588      539      545      555
      561     1600      591      534      571      528
      546     1618      594     1598      593      533
      562     1604      566      557      569      530
      544      555      539     1626      597     1597
      594     1594      597     1595      597     1597
      574     1616      596     1597      595     1595
      596      529      566      533      541      558
      547      552      543      558      538     1628
      595      527      568     1597      594     1597
      594     1597      594      532      565      535
      538      563      543      554      541     1624
      589      537      569      530      544      555
      540     1627      585     1603      588     1604
      566    14390-pulse