Running as regular user pi
  3059638

  3029826-space

     4422     4383      565     1630      562      561
      544     1647      545     1647      544      555
      540     1654      537      560      546     1648
      544      554      541     1651      541      559
      547      553      542     1625      567      558
      538     1654      538      564      542     1648
      544     1648      547     1646      543     1649
      542      558      538     1628      564      562
      544     1651      541      556      539      560
      545      554      541      558      547     1644
      547      552      543     1648      544      558
      538     1652      540      560      546     1619
      572      553      542      557      538     1655
      537      561      544     1649      542      555
      540     1652      540      560      546     1649
      543     1646      546      554      541     1650
      541      557      549     5211     4435     4366
      562     1627      565      560      545     1620
      572     1621      571      553      542     1649
      542      557      539     1654      547      550
      545     1649      543      553      542      557
      538     1653      539      560      545     1620
      571      556      539     1652      540     1651
      541     1625      566     1625      566      559
      546     1622      569      553      542     1652
      540      558      538      561      544      555
      540      559      546     1647      545      553
      542     1650      541      560      545     1644
      547      552      543     1652      540      556
      591      508      598     1568      624      502
      593     1600      592      506      601     1590
      594      505      596     1568      623     1568
      623      502      593     1601      590      508
      545    17730-pulse  1537777-space

  1511106-space

     4425     4377      571     1618      573      552
      543     1622      570     1621      573      552
      541     1624      567      558      547     1646
      546      552      544     1622      571      555
      539      560      546     1619      572      527
      568     1623      569      558      547     1644
      537     1652      540     1626      566     1625
      566      533      573     1620      572      552
      543     1650      541      556      540      559
      546      553      543      556      539     1656
      536      560      545     1646      545      556
      539     1650      542      558      538     1655
      537      561      545      554      541     1650
      541      558      538     1656      546      551
      544     1624      568      554      541     1650
      541     1650      541      558      537     1629
      563      560      545     5213     4437     4362
      573     1619      573      553      542     1650
      542     1622      569      556      539     1652
      540      559      546     1647      545      552
      543     1648      543      556      539      560
      545     1646      545      554      541     1651
      541      559      546     1616      565     1626
      566     1626      566     1629      563      560
      546     1620      572      554      541     1652
      540      558      538      561      545      554
      540      559      547     1645      547      552
      543     1649      543      558      599     1593
      536      560      598     1568      624      502
      593      506      600     1592      600      500
      597     1597      593      503      592     1599
      592      507      599     1566      625     1569
      623      499      596     1595      597      504
      539    14591-pulse  1764665-space

  1739772-space

     4429     4370      567     1623      569      556
      539     1625      569     1648      541      558
      547     1644      547      552      544     1624
      568      555      540     1653      539      559
      547      552      543     1648      544      529
      566     1625      566      564      541     1644
      547     1618      574     1617      564     1627
      565      562      544     1646      545      554
      541     1652      539      531      564      561
      544      554      541      561      544     1643
      538      561      545     1646      546      529
      566     1649      542      557      540     1651
      539      533      572      553      542     1622
      569      556      539     1627      568      555
      547     1618      573      552      543     1648
      544     1622      570      555      541     1651
      540      558      547     5212     4438     4360
      565     1626      567      558      546     1645
      547     1618      573      553      542     1649
      542      557      541     1652      546      551
      544     1647      544      555      540      559
      547     1645      547      553      542     1648
      543      558      538     1651      540     1625
      567     1628      564     1624      567      558
      547     1643      538      561      544     1649
      543      555      540      558      547      551
      544      555      592     1599      540      559
      599     1592      547      557      590     1596
      543      556      592     1599      592      507
      599      500      595     1571      621      503
      592     1601      591      506      599     1566
      626      500      595     1599      593     1569
      622      503      592     1599      592      509
      544    12805-pulse  1652856-space

  1627340-space

     4434     4374      564     1652      540      560
      546     1646      545     1623      569      529
      566     1626      566      560      546     1648
      544      554      541     1652      540      558
      547      552      543     1648      544      556
      539     1626      566      562      544     1645
      546     1619      573     1619      573     1619
      572      553      543     1623      568      558
      538     1656      546      551      544      555
      540      560      546      553      545     1647
      542      558      538     1628      564      563
      542     1647      545      554      541     1651
      541      558      538      561      544     1648
      544      555      540     1653      538      562
      543     1645      547      527      568     1649
      543     1622      569      556      539     1653
      539      558      547     5212     4439     4361
      573     1618      573      554      542     1649
      542     1624      568      558      538     1654
      547      552      543     1653      538      556
      539     1626      565      560      545      554
      541     1651      541      562      545     1643
      547      554      541     1649      543     1622
      569     1623      569     1622      569      556
      539     1652      539      560      546     1647
      545      553      544      555      539      560
      546      553      541     1650      542      558
      538     1654      538      564      597     1566
      570      556      592     1600      539      560
      598      501      593     1598      594      505
      599     1594      598      499      596     1595
      596      503      592     1573      622     1570
      619      507      599     1593      599      503
      540    13403-pulse  1623450-space

  1599686-space

     4426     4387      571     1647      544      556
      540     1655      537     1627      564      536
      570     1622      569      556      539     1655
      547      552      544     1647      545      529
      567      558      547     1645      547      526
      569     1652      540      559      547     1643
      538     1627      564     1654      538     1629
      572      552      543     1649      543      557
      539     1629      573      551      544      555
      540      563      543      553      542     1650
      541      558      547     1645      547      555
      540     1651      542      557      538     1654
      538      562      544      556      539     1653
      539      561      545     1653      539      556
      539     1653      539      561      545     1647
      545     1647      545      554      539     1652
      540      559      546     5214     4437     4365
      570     1649      543      556      539     1653
      539     1628      564      562      544     1648
      546      553      539     1629      573      550
      545     1648      544      555      540      559
      546     1647      545      554      541     1651
      540      561      545     1646      546     1620
      574     1619      570     1621      570      556
      539     1653      539      561      544     1651
      540      556      539      561      545      555
      540      559      546     1646      545      554
      541     1655      537      562      544     1645
      546      553      594     1597      542      558
      590      509      596     1596      596      502
      593     1600      592      505      590     1601
      591      509      597     1568      623     1568
      624      502      593     1598      593      508
      545    21613-pulse  1611668-space

  1583149-space

     4450     4363      564     1651      540      559
      546     1645      547     1619      573      553
      542     1626      566      557      538     1655
      547      550      545     1621      571      555
      540      561      546     1644      546      527
      567     1652      540      559      546     1644
      538     1659      543     1618      573     1619
      573      553      542     1650      541      558
      548     1646      545      552      543      556
      539      560      545      554      541     1624
      568      558      537     1654      538      564
      542     1651      541      555      539     1652
      539      560      547      553      541     1650
      542      558      538     1656      546      552
      544     1648      547      552      540     1652
      540     1626      566      560      546     1646
      545      553      542     5219     4429     4373
      564     1650      541      558      547     1618
      573     1619      573      552      543     1648
      543      556      539     1654      548      550
      545     1650      542      554      540      559
      547     1645      546      553      542     1650
      541      561      545     1643      538     1627
      564     1627      564     1627      565      564
      542     1619      572      553      542     1651
      541      557      539      561      545      554
      541      559      546     1644      547      552
      543     1648      544      557      538     1651
      540      562      596     1592      547      553
      595      504      591     1600      591      508
      598     1595      597      500      594     1597
      595      504      591     1600      592     1573
      618      507      601     1590      598      503
      540    16408-pulse  1636436-space

  1615589-space

     4434     4372      564     1657      535      562
      544     1647      544     1646      545      554
      541     1651      541      559      548     1620
      571      552      543     1622      569      556
      539      561      545     1646      549      551
      541     1651      541      561      545     1645
      546     1646      546     1622      570     1621
      570      555      540     1652      539      560
      545     1648      547      550      542      557
      538      560      545      554      541     1650
      541      558      547     1618      574      553
      541     1649      543      557      539     1653
      539      561      545      555      540     1655
      537      560      545     1648      544      554
      541     1650      541      558      547     1645
      547     1618      573      552      543     1648
      544      555      540     5221     4427     4371
      567     1650      542      558      547     1644
      547     1618      573      553      542     1648
      543      556      539     1654      538      559
      546     1646      546      557      538      558
      547     1644      547      552      543     1649
      543      558      547     1643      538     1627
      565     1627      564     1628      564      561
      544     1651      541      529      566     1654
      538      559      546      553      542      557
      538      560      545     1646      546      553
      541     1650      541      561      597     1592
      547      552      595     1596      599      501
      591      508      598     1568      624      502
      593     1574      617      507      599     1594
      598      500      594     1597      594     1571
      620      506      590     1602      593      508
      542    18759-pulse  1508811-space

  1482866-space

     4456     4359      568     1647      545      555
      540     1651      540     1627      565      558
      547     1618      573      552      543     1650
      541      556      539     1653      539      560
      546      527      568     1649      542      557
      538     1653      539      563      543     1650
      542     1647      545     1621      570     1622
      569      556      539     1654      537      561
      544     1623      568      556      539      560
      546      553      542      557      538     1656
      535      561      544     1622      570      558
      538     1652      539      560      545     1622
      570      555      540      559      546     1645
      546      553      542     1652      540      558
      550     1641      547      552      543     1649
      543     1622      569      556      539     1654
      538      560      546     5214     4437     4363
      571     1646      545      554      542     1624
      566     1626      566      560      545     1646
      546      554      541     1655      537      558
      547     1644      547      553      543      557
      538     1654      538      562      545     1647
      543      558      537     1627      565     1627
      565     1627      568     1624      565      561
      545     1647      545      555      540     1653
      538      559      546      554      541      557
      538      561      544     1648      544      556
      539     1652      540      562      544     1649
      543      553      594     1597      542      558
      590      510      596     1596      595      505
      590     1603      599      498      597     1568
      623      502      593     1573      619     1576
      616      507      599     1567      625      503
      540    13813-pulse  1513833-space

  1486978-space

     4426     4368      569     1644      547      526
      569     1622      570     1622      573      553
      539     1626      566      560      546     1648
      544      554      541     1650      541      534
      572      552      543     1649      552      547
      539     1654      538      562      544     1650
      541     1620      572     1647      545     1621
      570      555      540     1627      565      560
      546     1621      570      553      542      557
      538      561      544      555      541     1654
      537      559      546     1645      546      555
      540     1624      567      558      547     1646
      546      552      543      556      539     1652
      540      533      572     1647      545      552
      543     1651      540      556      539     1652
      540     1626      566      560      546     1646
      546      552      541     5218     4432     4368
      566     1651      540      559      546     1646
      546     1619      573      553      542     1650
      542      558      537     1657      548      549
      543     1649      543      557      539      561
      545     1646      545      554      541     1652
      540      560      545     1644      547     1618
      573     1619      573     1622      569      554
      541     1651      541      559      547     1647
      544      553      542      557      539      561
      543      555      540     1652      539      560
      545     1647      545      557      591     1573
      566      560      598     1594      545      554
      593      506      599     1593      599      501
      594     1601      590      506      599     1592
      599      500      595     1571      621     1571
      621      504      591     1601      590      511
      542    14780-pulse  1684824-space

  1663759-space

     4435     4356      571     1647      545      554
      541     1624      567     1625      567      559
      547     1645      547      553      544     1649
      541      557      539     1653      539      561
      545      528      567     1651      544      556
      546     1619      572      555      540     1650
      542     1624      567     1626      566     1625
      566      560      546     1646      546      554
      541     1626      569      529      573      552
      543      556      539      560      545     1646
      546      554      541     1651      541      562
      544     1645      547      553      542     1650
      542      558      538      562      544     1651
      541      556      539     1654      538      559
      546     1645      546      553      542     1651
      541     1623      568      557      538     1626
      565      559      546     5217     4431     4368
      569     1648      544      555      540     1652
      540     1626      565      562      544     1646
      545      555      540     1653      539      559
      547     1645      547      556      539      557
      538     1653      538      561      545     1647
      545      557      538     1651      542     1624
      566     1626      566     1626      565      560
      545     1647      548      552      540     1654
      538      559      546      553      542      558
      538      562      544     1647      546      554
      541     1650      541      560      598     1591
      538      562      596     1595      548      552
      592      507      598     1593      598      501
      594     1574      618      506      590     1603
      589      509      596     1569      622     1569
      622      503      592     1573      619      511
      542    18963-pulse