Running as regular user pi
 16777215

     4448     4336      590     1603      567      532
      594     1597      593     1599      571      528
      588      512      572     1620      571      532
      563      532      593     1599      591      508
      597      502      592     1601      591     1606
      585      512      594     1602      568     1623
      589      510      595     1598      593     1601
      590     1601      590     1603      588     1605
      617     1577      575      522      570     1623
      568      531      595      505      621      478
      596      503      591      508      587      515
      571     1620      591     1602      589     1604
      587      512      593      507      567     1629
      593      503      592      510      564      534
      571      529      618      481      593     1599
      571     1621      591      508      587     1606
      595     1596      595     5197     4459     4343
      594     1599      592      507      587     1606
      596     1597      594      505      570      531
      594     1598      572      530      565      533
      593     1600      570      529      587      514
      612     1583      586     1603      588      511
      594     1600      570     1620      571      530
      617     1574      596     1596      574     1619
      572     1621      623     1573      586     1606
      564      533      572     1621      591      509
      617      483      570      531      595      503
      592      508      597      505      570     1621
      591     1602      589     1608      593      503
      570      529      566     1627      596      504
      591      511      563      534      592      508
      619      480      595     1598      592     1600
      591      508      587     1606      596     1598
      596    19626-pulse  2899631-space

  2878250-space

     4433     4367      569     1649      545      555
      538     1654      547     1619      572      554
      541      559      547     1619      573      556
      539      557      538     1654      538      562
      544      556      539     1652      539     1630
      562      561      544     1623      568     1622
      569      557      538      561      544     1649
      543     1622      569     1623      568     1651
      540     1654      547      553      542     1647
      544     1648      543      557      538      561
      544      555      540      559      546      556
      539     1650      540     1626      566     1626
      565      561      545      555      540     1655
      536      560      545      556      538      559
      546      553      541      558      548     1644
      547     1646      545      554      541     1651
      540     1625      566     5221     4435     4368
      569     1622      569      557      538     1628
      564     1628      574      552      544      556
      538     1654      538      564      541      556
      539     1653      538      561      544      555
      543     1649      539     1626      565      561
      544     1650      541     1623      569      557
      537      562      544     1648      543     1623
      568     1623      568     1627      564     1627
      564      560      545     1620      571     1620
      571      555      540      560      598      500
      594      505      590      511      595     1595
      596     1570      569     1625      566      556
      591      508      597     1594      597      502
      592      509      597      500      595      505
      590      510      596     1595      596     1570
      621      504      591     1575      616     1581
      621    19236-pulse  1729315-space

  1708336-space

     4452     4360      573     1647      544      554
      541     1651      540     1626      565      561
      545      555      540     1661      532      561
      543      554      541     1651      540      560
      546      553      542     1650      541     1654
      537      560      546     1647      544      553
      542     1624      567      558      547     1646
      545     1620      571     1621      570     1622
      569     1651      543     1646      542      558
      537     1654      538      562      544      555
      539      560      546      553      541      560
      545     1644      547     1618      573     1619
      572      553      541      558      547     1648
      543      554      541      560      545      552
      543      557      538      561      544     1621
      570     1623      569      556      539     1627
      564     1626      565     5221     4436     4366
      570     1621      571      555      540     1626
      565     1628      564      563      543      556
      539     1652      539      562      543      554
      541     1651      540      559      546      556
      538     1650      540     1626      566      560
      545     1623      568      556      539     1628
      564      561      544     1648      543     1623
      568     1624      567     1629      562     1629
      573     1617      573      552      543     1623
      568      557      539      561      595      504
      591      508      597      504      590     1599
      592     1573      566     1629      562      560
      597      502      592     1600      591      509
      597      505      590      507      598      502
      594      505      599     1593      598     1568
      624      502      593     1573      618     1579
      622    18749-pulse  1658804-space

  1635945-space

     4437     4363      571     1647      544      556
      539     1655      536     1628      564      562
      544      556      539     1627      565      563
      542      557      538     1653      538      561
      544      555      540     1652      539     1627
      564      565      540     1651      540      532
      573      552      543     1649      542     1624
      567     1626      565     1652      539     1627
      564     1631      571     1619      575     1618
      571      555      540      560      546      554
      541      558      547      552      543      558
      547     1644      537     1654      538     1628
      573      553      542      558      538     1654
      550      549      543      559      547      551
      544      555      540      559      546     1646
      545     1646      546      553      540     1625
      566     1625      566     5224     4432     4366
      572     1646      544      530      565     1653
      538     1628      564      562      543      556
      542     1651      538      563      542      555
      539     1653      538      561      544      555
      540     1653      538     1627      564      561
      544     1650      541      556      539      561
      545     1650      541     1622      569     1623
      568     1624      567     1624      567     1628
      563     1625      566     1626      565      561
      545      555      540      559      598      504
      591      506      599      502      593     1597
      595     1571      568     1624      568      557
      601      499      595     1570      621      505
      590      510      595      502      593      506
      599      500      595     1600      591     1597
      594      505      589     1602      590     1577
      624    20665-pulse  1580697-space

  1559743-space

     4427     4385      573     1648      543      554
      541     1651      540     1625      566      534
      571      554      541     1658      534      560
      544      553      542     1650      541      559
      546      553      542     1650      541     1628
      563      560      546     1622      570     1646
      545      554      540     1625      567     1651
      539     1627      564     1628      574     1619
      572     1625      566      555      540     1625
      566      560      545      554      541      559
      547      553      542      557      538      565
      541     1648      543     1649      542     1624
      567      558      547      552      543     1652
      539      557      538      564      542      555
      540      559      546      553      542     1649
      542     1625      566      558      547     1645
      546     1618      573     5217     4430     4369
      567     1650      541      559      546     1646
      545     1620      571      556      539      559
      546     1646      545      556      539      558
      547     1645      546      554      541      561
      544     1645      546     1646      545      554
      541     1653      538     1627      565      559
      545     1646      546     1620      571     1621
      571     1621      573     1619      570     1624
      567      557      539     1627      565      561
      545      554      594      506      599      500
      595      505      590      511      595     1595
      596     1596      543     1626      565      558
      599      500      595     1597      594      506
      589      512      593      504      591      509
      598      502      592     1600      592     1574
      617      508      597     1594      597     1573
      618    18778-pulse  1508794-space

  1483454-space

     4427     4374      563     1653      538      535
      570     1649      543     1624      568      558
      547      553      542     1649      541      560
      545      553      543     1649      543      556
      537      562      543     1649      543     1623
      569      556      538     1631      574     1615
      572      554      541      559      546     1646
      545     1621      571     1623      568     1622
      569     1625      566      557      538     1654
      538     1631      561      536      570      556
      539      560      545      554      541      560
      545     1645      546     1620      571     1646
      545      555      540      559      546     1646
      545      554      541      560      545      556
      540      557      538      561      544     1648
      543     1623      568      558      537     1656
      546     1618      572     5216     4433     4371
      573     1645      546      555      540     1650
      540     1625      566      560      545      554
      541     1650      540      561      544      552
      543     1649      542      558      537      562
      543     1648      543     1650      542      557
      538     1655      546     1618      573      553
      542      557      538     1630      561     1627
      564     1628      573     1619      572     1622
      569      554      541     1624      567     1625
      566      560      545      554      541      558
      599      500      595      506      602     1588
      538     1628      573     1619      572      553
      594      506      599     1593      598      501
      594      508      598      499      596      503
      592      507      598     1594      597     1572
      619      503      592     1601      590     1578
      624    13183-pulse  1503230-space

  1479494-space

     4457     4363      573     1645      546      527
      567     1653      538     1626      566      560
      545      554      541     1651      540      561
      545      552      543     1650      541      557
      538      561      544     1647      544     1648
      543      530      565     1659      543      552
      543     1650      541      559      547     1646
      545     1622      570     1648      543     1623
      568     1626      565     1625      566      563
      543     1645      545      554      541      558
      547      552      542      557      538      563
      543     1649      543     1622      569     1623
      568      558      537      562      543     1622
      569      557      542      560      542      555
      540      560      546      553      541     1651
      540     1626      565      561      546     1646
      544     1620      571     5217     4432     4369
      565     1654      537      561      544     1649
      543     1623      568      559      547      553
      542     1627      564      561      544      553
      542     1649      541      558      547      552
      543     1649      543     1623      567      558
      547     1647      544      554      541     1651
      540      560      546     1646      545     1621
      570     1622      569     1623      568     1627
      564     1625      566      560      545     1646
      545      555      540      559      546      553
      542      560      587      511      595     1569
      570     1622      569     1623      568      558
      589      511      595     1595      596      504
      591      510      595      502      593      506
      599      500      595     1597      594     1598
      593      507      598     1593      598     1570
      621    21526-pulse  1451578-space

  1431100-space

     4431     4363      571     1649      542      555
      540     1626      566     1626      565      561
      545      554      541     1652      539      561
      544      553      541     1650      541      532
      573      552      543     1649      542     1627
      564      558      537     1656      546      552
      543      556      539     1627      564     1628
      563     1628      573     1619      572     1620
      571     1626      565     1621      570     1622
      570      556      539      560      545      554
      541      559      547      555      541      558
      546     1644      537     1654      547     1619
      573      553      542      557      541     1650
      538      562      544      558      538      560
      545      554      541      558      547     1645
      548     1619      571      554      541     1651
      540     1625      567     5224     4433     4369
      569     1648      543      556      539     1653
      539     1627      567      559      544      556
      539     1652      539      563      543      554
      541     1651      540      559      547      552
      541     1650      541     1625      566      559
      546     1621      570      553      544      555
      537     1654      547     1618      573     1619
      572     1620      571     1622      569     1624
      567     1624      567     1626      566      560
      545      557      538      558      547      552
      543      556      538      563      595     1595
      544     1622      570     1623      568      556
      591      508      597     1594      597      502
      592      509      597      500      594      508
      588      508      597     1594      597     1595
      597      503      592     1573      618     1577
      614    18307-pulse  1508314-space

  1479388-space

     4435     4362      564     1655      547      553
      542     1625      566     1626      565      561
      544      555      543     1650      539      563
      543      555      540     1652      539      561
      545      555      540     1653      539     1626
      565      560      545     1648      543     1621
      571      529      569     1622      565     1627
      564     1654      547     1644      547     1646
      545     1622      569      554      540     1652
      540      560      545      554      541      559
      547      555      540      556      538      562
      543     1646      545     1620      571     1621
      570      556      539      560      547     1645
      546      553      540      560      545      552
      543      556      539      560      545     1646
      545     1620      571      555      540     1651
      540     1625      566     5223     4435     4365
      571     1621      570      555      540     1651
      540     1627      565      560      545      554
      541     1650      541      560      545      552
      543     1649      542      557      538      562
      544     1647      544     1622      569      531
      564     1656      547     1618      572      553
      541     1650      541     1626      566     1626
      568     1624      564     1628      573     1621
      570      553      541     1624      568      558
      546      553      542      557      538      562
      544      555      540      562      596     1593
      545     1623      568     1621      570      556
      592      508      598     1594      597      502
      593      508      599      499      594      504
      590      509      597     1595      597     1595
      596      503      592     1603      588     1576
      625    16793-pulse  1476802-space

  1447280-space

     4429     4362      564     1658      544      553
      541     1625      566     1652      539      561
      545      555      540     1652      540      562
      543      554      541     1624      567      559
      546      553      542     1652      539     1626
      565      561      545     1624      567     1623
      569      531      564      564      541     1648
      543     1624      567     1652      540     1653
      538     1658      544      553      542     1650
      541     1625      566      560      546      553
      541      558      547      552      543      559
      547     1644      547     1619      572     1620
      571      555      540      559      545     1647
      544      556      539      562      543      554
      541      559      546      553      542     1653
      538     1625      566      560      545     1646
      545     1620      571     5219     4439     4367
      570     1619      572      554      541     1651
      540     1627      565      560      545      555
      540     1652      539      563      543      555
      540     1652      539      563      542      554
      541     1651      540     1626      566      560
      545     1622      569     1621      570      555
      540      559      546     1645      546     1620
      571     1623      568     1621      570     1623
      568      556      539     1626      565     1628
      563      561      544      555      539      559
      546      553      594      508      598     1593
      546     1622      569     1620      571      555
      592      507      598     1594      598      502
      593      509      597      501      595      504
      590      509      596     1595      596     1570
      621      504      591     1575      619     1574
      624    17370-pulse  1477418-space

  1451206-space

     4432     4370      567     1648      543      556
      539     1653      538     1656      536      562
      544      556      539     1652      539      536
      569      554      541     1650      540      560
      545      527      568     1650      541     1626
      565      561      545     1649      542      559
      536     1653      539      561      544     1648
      543     1623      568     1625      567     1625
      565     1655      546     1618      573      553
      542     1624      570      556      546      553
      542      558      548      551      544      558
      537     1652      539     1627      566     1627
      574      552      543      557      538     1654
      538      562      544      558      547      551
      547      552      540      560      546     1647
      545     1622      570      556      539     1628
      565     1627      574     5213     4436     4367
      567     1625      566      560      547     1620
      570     1622      569      557      538      562
      544     1648      543      559      549      548
      544     1648      543      556      539      561
      544     1648      543     1623      568      559
      546     1619      571      552      543     1649
      542      558      538     1654      547     1619
      572     1620      571     1621      570     1625
      566     1626      565      559      546     1647
      545      555      540      560      545      554
      541      559      547      555      592     1601
      538     1626      565     1627      564      562
      596      504      591     1601      591      509
      595      506      589      508      598      502
      593      506      599     1593      598     1568
      626      500      592     1574      617     1577
      625    14006-pulse  1414043-space

  1390871-space

     4455     4359      567     1651      540      559
      546     1622      569     1621      570      556
      539      560      545     1646      545      557
      538      559      547     1645      545      555
      540      559      546     1646      546     1620
      571      555      543     1626      573      551
      544      556      539     1627      564     1628
      573     1620      571     1620      571     1621
      570     1624      567     1624      570     1622
      566      560      545      555      541      559
      546      553      541      558      547      555
      540     1651      540     1626      565     1628
      564      562      543      556      539     1654
      538      565      540      558      547      550
      545      555      540      559      546     1646
      545     1620      571      556      539     1625
      566     1625      566     5223     4433     4365
      571     1622      570      554      540     1626
      566     1627      564      562      543      556
      539     1657      535      564      541      556
      539     1653      539      561      545      554
      541     1652      539     1625      565      560
      545     1623      568      556      539      561
      545     1624      567     1622      569     1624
      567     1625      566     1627      564     1631
      570     1619      572     1620      571      555
      540      559      546      553      594      505
      593      507      596      505      590     1600
      591     1575      564     1628      573      553
      595      505      590     1576      625      500
      595      507      599      499      596      503
      592      508      598     1598      594     1569
      622      504      591     1601      590     1577
      624    20966-pulse  1470983-space

  1443314-space

     4430     4368      569     1647      545      555
      540     1652      539     1627      564      561
      547      552      541     1651      540      535
      570      553      542     1624      567      559
      547      553      544     1648      542     1624
      567      559      546     1621      570     1621
      574      552      540     1652      539     1627
      565     1628      564     1654      548     1644
      546     1622      569      555      540     1652
      539      560      545      554      541      559
      547      552      543      556      539      562
      543     1621      570     1622      569     1624
      567      532      573      552      543     1649
      542      558      537      564      541      556
      539      561      545      558      537     1652
      539     1626      565      561      545     1647
      544     1622      569     5219     4442     4362
      572     1646      545      555      540     1654
      538     1628      564      562      543      556
      539     1654      538      564      541      556
      539     1656      535      562      544      556
      539     1652      539     1627      564      561
      544     1650      541     1622      569      556
      539     1652      539     1627      564     1628
      564     1628      573     1619      572     1621
      570      554      541     1625      566      559
      546      553      542      558      537      562
      544      556      539      563      595     1595
      547     1619      570     1622      569      556
      591      509      597     1595      596      504
      592      510      595      502      592      507
      598      501      594     1599      592     1574
      618      508      600     1566      623     1572
      619    15515-pulse  1545544-space

  1519642-space

     4426     4372      565     1652      539      561
      545     1622      570     1625      566      558
      547      553      543     1650      541      561
      545      553      542     1651      540      561
      545      553      541     1651      540     1626
      565      561      545     1649      542     1623
      569      557      538      561      544     1648
      543     1649      542     1625      566     1625
      566     1629      573      551      544     1648
      543     1652      539      558      547      552
      543      556      538      561      544      557
      539     1651      540     1626      566     1626
      564      562      544      556      539     1653
      538      562      544      558      548      550
      548      551      541      559      547     1645
      546     1620      572      554      540     1652
      540     1625      575     5213     4437     4368
      566     1653      538      562      545     1622
      568     1625      567      559      546      554
      541     1651      540      562      547      551
      541     1652      539      561      544      555
      540     1653      538     1629      574      553
      541     1653      538     1627      564      562
      544      556      539     1653      541     1625
      573     1619      572     1621      570     1625
      566      558      550     1643      545     1621
      570      556      539      561      545      555
      540      559      598      503      592     1601
      538     1625      566     1627      564      562
      596      504      591     1602      589      509
      596      505      590      508      598      501
      594      505      590     1602      590     1605
      596      501      594     1598      593     1574
      617    13710-pulse  1433900-space

  1411043-space

     4453     4364      572     1646      545      555
      543     1649      539     1627      565      561
      544      555      540     1652      539      562
      544      555      539     1651      540      560
      545      554      541     1625      566     1625
      566      561      545     1648      543      555
      540     1626      566      560      545     1647
      544     1650      542     1623      567     1625
      566     1628      573     1618      563      562
      543     1649      543      557      538      561
      544      555      540      560      546      556
      539     1653      539     1626      565     1628
      573      553      542      558      537     1655
      547      553      541      560      545      552
      543      557      538      562      544     1649
      542     1624      568      557      547     1645
      546     1619      572     5219     4427     4373
      565     1627      573      552      543     1649
      542     1624      567      558      547      553
      546     1646      542      560      546      551
      544     1647      544      555      540      559
      546     1646      545     1619      572      554
      541     1653      538      560      546     1620
      574      552      540     1651      540     1626
      565     1628      574     1619      572     1624
      567     1622      569      557      538     1628
      573      552      543      557      590      512
      593      503      592      510      596     1594
      597     1569      570     1622      569      558
      590      509      597     1595      597      503
      592      509      596      501      593      506
      599      500      595     1600      591     1572
      619      508      598     1595      597     1572
      619    20501-pulse  1460527-space

  1439285-space

     4426     4370      566     1653      541      558
      544     1648      543     1649      542      558
      547      552      543     1649      543      559
      545      552      543     1648      543      556
      538      561      545     1647      545     1624
      567      555      539     1655      547      525
      570      555      539     1653      539     1628
      563     1628      573     1619      572     1620
      571     1649      542     1626      565     1624
      567      559      547      553      542      558
      537      562      543      556      539      563
      542     1646      544     1622      570     1623
      568      558      537      562      543     1651
      540      556      539      563      543      554
      541      558      547      553      542     1649
      542     1625      566      558      546     1645
      546     1620      571     5220     4427     4374
      563     1628      573      552      543     1623
      568     1624      567      558      548      551
      543     1649      543      558      547      550
      544     1648      543      557      538      561
      548     1643      544     1622      569      557
      538     1656      545      553      542      558
      538     1654      546     1620      571     1621
      570     1623      568     1628      564     1628
      573     1618      573     1619      572      554
      541      559      548      552      541      558
      548      552      596      506      599     1591
      538     1629      573     1623      568      554
      592      507      598     1594      597      503
      592      509      596      502      593      507
      599      502      593     1599      592     1574
      617      509      596     1570      622     1573
      618    19067-pulse  1429102-space

  1399117-space

     4427     4364      573     1654      537      529
      566     1653      538     1654      547      552
      542      557      538     1657      545      555
      540      557      538     1654      547      527
      568      558      538     1629      574     1619
      571      554      540     1654      547     1617
      564      562      543     1626      565     1624
      567     1626      565     1654      547     1645
      545     1650      541      555      539     1653
      539      561      544      555      539      560
      545      554      540      562      543      555
      540     1651      540     1626      566     1627
      564      562      543      557      538     1653
      538      562      544      558      537      560
      545      554      541      559      547     1649
      542     1621      570      556      539     1654
      548     1618      573     5217     4439     4368
      569     1621      570      556      539     1653
      538     1630      572      553      541      559
      547     1620      571      557      538      560
      545     1647      544      559      536      561
      544     1648      543     1623      568      558
      547     1647      544     1621      570      555
      540     1627      564     1628      573     1620
      571     1625      566     1623      568     1627
      564      560      545     1648      543      557
      539      560      544      556      539      560
      545      555      540      562      596     1595
      544     1622      572     1621      567      559
      598      501      593     1599      592      508
      597      504      591      507      599      500
      593      506      599     1593      598     1569
      622      504      591     1574      620     1574
      624    17766-pulse  1467796-space

  1439635-space

     4430     4364      562     1654      538      562
      544     1648      543     1623      568      557
      540      559      544     1647      544      558
      537      534      571     1620      571      554
      541      558      547     1620      571     1619
      572      554      541     1653      538     1626
      565      564      542      555      540     1652
      539     1627      564     1628      573     1646
      545     1648      543      555      540     1652
      539     1626      565      561      544      558
      537      560      546      553      541      560
      545     1645      546     1620      572     1620
      572      554      539      560      546     1646
      546      554      541      560      545      552
      543      557      538      561      547     1645
      543     1623      568      558      537     1629
      573     1618      574     5213     4431     4374
      563     1627      564      562      544     1622
      571     1621      569      557      538      561
      544     1647      544      557      538      560
      546     1649      542      554      541      558
      547     1644      547     1619      572      553
      541     1628      564     1625      566      560
      545      554      541     1651      540     1625
      569     1622      566     1626      565     1629
      572      551      543     1622      569     1624
      567      558      547      552      543      556
      538      561      545      557      591     1599
      540     1628      563     1626      565      561
      597      502      593     1573      618      507
      598      504      591      506      599      500
      595      504      591     1601      590     1575
      616      510      596     1573      618     1573
      618    16009-pulse  1386056-space

  1358783-space

     4425     4380      567     1648      543      556
      539     1653      539     1627      564      564
      541      556      539     1653      539      563
      542      556      539     1653      538      562
      544      557      538     1653      538     1654
      547      553      542     1652      539      559
      546     1649      542      554      540     1626
      566     1627      565     1628      564     1630
      572     1647      544     1620      571      555
      540     1652      539      561      545      555
      540      559      546      527      568      559
      546     1644      547     1619      572     1621
      570      554      540      559      546     1646
      545      554      541      561      545      553
      542      558      551      549      543     1650
      541     1625      566      560      545     1620
      571     1622      570     5216     4432     4369
      565     1627      564      561      544     1622
      569     1621      569      556      539      560
      545     1647      544      557      538      560
      549     1643      545      554      541      559
      546     1646      545     1621      571      555
      540     1629      572      550      545     1622
      570      556      539     1627      564     1632
      570     1619      572     1621      571     1624
      567     1623      568      559      546     1645
      546      554      541      559      547      552
      543      556      539      563      595     1598
      541     1648      544     1622      569      557
      591      509      597     1596      596      505
      591      510      595      503      592      507
      598      501      593     1599      592     1574
      618      508      600     1566      622     1572
      619    15076-pulse  1255123-space

  1234146-space

     4427     4369      567     1654      537      560
      545     1647      544     1648      543      557
      538      562      544     1622      571      557
      547      550      544     1648      544      556
      539      561      545     1647      544     1626
      566      531      564     1630      572      552
      543      557      539     1653      538     1656
      546     1619      572     1646      545     1646
      545     1650      544     1619      569     1623
      568      558      547      552      543      557
      538      561      544      555      540      562
      543     1647      545     1621      570     1622
      569      556      539      561      545     1624
      568      555      540      561      544      553
      541      558      537      562      543     1648
      543     1650      541      558      538     1654
      547     1618      573     5217     4428     4372
      565     1626      565      561      545     1621
      570     1622      569      558      537      561
      544     1647      544      558      537      560
      545     1646      545      554      541      562
      544     1644      547     1618      573      553
      542     1625      566      557      538      561
      545     1646      544     1621      570     1622
      569     1622      569     1626      565     1626
      565     1625      566     1626      565      560
      545      554      542      557      547      552
      543      556      591      510      595     1594
      544     1621      570     1624      567      556
      591      509      597     1595      597      503
      592      509      597      500      595      505
      592      508      596     1595      596     1569
      622      504      591     1574      617     1580
      622    18796-pulse  1278849-space

  1258670-space

     4431     4370      566     1655      536      561
      544     1621      570     1623      568      559
      547      553      542     1626      565      561
      544      554      541     1651      540      560
      546      553      541     1651      543     1622
      566      560      545     1649      543     1621
      570      556      539     1654      538     1654
      548     1618      573     1620      571     1647
      544     1628      563      558      548     1619
      573      554      541      559      547      553
      541      558      547      554      542      559
      546     1644      547     1646      545     1621
      570      556      539      564      541     1648
      543      556      539      563      543      555
      540      559      546      553      541     1650
      541     1625      565      560      545     1622
      569     1622      569     5222     4433     4370
      567     1625      566      559      546     1646
      545     1624      567      556      539      561
      545     1621      570      558      537      560
      545     1647      544      556      540      559
      545     1647      544     1622      570      556
      539     1655      546     1621      570      553
      541     1651      540     1627      565     1627
      564     1629      572     1619      572     1623
      568      556      539     1627      564      562
      546      553      539      561      545      555
      540      560      598      504      591     1600
      539     1628      575     1619      572      554
      593      507      598     1594      597      503
      592      510      596      502      593      507
      598      501      593     1599      592     1574
      617      509      596     1570      621     1574
      617    17948-pulse  1617989-space

  1592000-space

     4426     4378      569     1647      545      555
      540     1652      539     1628      563      560
      545      554      540     1625      566      562
      543      554      541     1651      540      561
      544      554      541     1652      539     1653
      538      562      544     1624      567     1626
      565      558      547      553      543     1649
      542     1624      567     1626      566     1625
      566     1654      547      550      545     1647
      544     1622      569      556      539      561
      545      554      541      558      547      554
      541     1649      542     1624      568     1624
      566      559      546      553      542     1650
      541      559      546      555      540      558
      540      559      543      556      539     1627
      564     1628      573      552      543     1649
      543     1622      568     5218     4442     4360
      564     1628      564      562      545     1647
      543     1622      569      556      539      560
      545     1646      545      556      541      556
      547     1645      546      553      542      557
      538     1654      548     1618      580      546
      541     1652      539     1625      566      560
      545      554      541     1651      543     1623
      565     1627      564     1629      573     1621
      570      554      541     1625      566     1625
      566      560      545      554      541      560
      598      500      595      506      599     1594
      587     1575      564     1628      564      562
      596      503      592     1601      591      507
      598      504      591      506      599      500
      595      504      590     1601      590     1579
      623      500      595     1597      594     1574
      617    13818-pulse