Running as regular user pi
 16777215

     4452     4353      594     1597      594      531
      564     1601      591     1600      591      535
      571      528      570     1595      593      534
      540      557      569     1596      596      529
      566      533      562     1604      588     1601
      590      535      570     1596      564      559
      567     1597      595     1599      593     1596
      595     1596      596      530      565     1599
      593     1602      569     1619      593      533
      562      537      569      530      544      555
      540     1627      595      527      568      533
      541     1622      590     1601      591     1600
      591      535      570      527      546      552
      543      556      539      561      544      552
      543      556      539      560      545     1622
      590     1598      593     1599      593     1599
      593     1598      573     5213     4434     4368
      590     1598      593      532      563     1602
      590     1602      589      535      571      528
      546     1618      594      533      541      556
      539     1626      600      526      566      533
      541     1623      589     1602      589      537
      569     1598      573      551      564     1600
      591     1601      591     1601      591     1601
      594      532      571     1594      598     1595
      564     1625      598      528      567      532
      542      558      538      560      545     1619
      593      533      562      539      546     1617
      595     1599      592     1596      595      530
      565      534      540      559      599      500
      595      506      548      549      599      501
      594      504      591     1573      598     1593
      598     1593      598     1596      595     1595
      565    17053-pulse  3567092-space

  3542248-space

     4423     4368      590     1600      591      534
      572     1592      589     1601      590      535
      570      528      546     1618      594      533
      541      555      540     1626      597      527
      568      531      543     1621      591     1599
      592      533      572     1594      566     1624
      589      536      569     1595      596     1595
      597     1595      596     1594      597     1593
      598     1595      565      558      568     1599
      592      530      565      534      572      527
      547      552      543      555      539      561
      545     1617      596      529      567     1597
      593     1597      594      531      564      535
      570      528      546      555      540      557
      541     1623      597      528      567      532
      563     1600      591     1599      592     1599
      592     1596      574     5209     4430     4366
      589     1602      590      535      570     1594
      597     1593      598      527      568      531
      564     1599      595      532      539      557
      569     1595      597      528      567      532
      563     1601      591     1601      591      533
      572     1594      566     1623      590      535
      570     1594      600     1590      598     1593
      588     1602      589     1601      590     1604
      567      555      571     1592      588      537
      569      530      565      533      541      557
      538      561      545      559      536     1622
      590      535      570     1594      597     1594
      597      528      567      533      563      535
      539      562      543      553      541     1623
      589      536      569      530      565     1603
      589     1599      592     1599      592     1601
      569    12839-pulse  2932870-space

  2903901-space

     4429     4374      596     1595      594      531
      564     1601      591     1601      590      509
      597      528      570     1595      594      533
      541      556      570     1594      597      528
      567      532      563     1603      589     1601
      590      535      570     1597      573      550
      566     1599      595     1596      593     1599
      593     1599      592      533      572     1593
      598     1597      564     1625      598      528
      567      532      563      536      569      530
      565     1603      589      534      571      530
      544     1619      594     1598      593     1599
      592      535      571      527      568      531
      564      535      570      531      543      554
      562      537      547      552      543     1622
      590     1601      590     1601      590     1602
      590     1600      570     5216     4430     4371
      587     1601      590      535      571     1594
      597     1595      597      528      567      532
      564     1601      590      538      547      551
      565     1599      592      533      572      527
      568     1597      594     1597      594      531
      564     1604      568      556      569     1595
      596     1595      596     1595      596     1596
      599      527      565     1599      592     1601
      569     1620      592      533      562      537
      570      529      565      534      572     1592
      588      537      569      532      543     1619
      593     1600      591     1597      594      532
      563      536      570      529      566      533
      562      539      546      551      564      536
      570      528      567     1598      594     1598
      594     1598      593     1601      591     1599
      571    16903-pulse  3206927-space

  3177251-space

     4428     4373      596     1598      593      530
      565     1599      592     1599      593      532
      563      536      569     1597      594      531
      543      553      562     1602      589      537
      569      530      565     1599      594     1598
      591      534      572     1595      565     1624
      589      537      569     1599      592     1596
      595     1596      595     1596      595     1596
      597     1597      572      551      564     1600
      591      534      572      527      547      552
      543      555      543      556      547      554
      541     1621      591      534      571     1594
      597     1595      598      528      566      533
      541      558      547      554      541      556
      539     1625      598      528      567      532
      564     1601      590     1601      590     1602
      590     1600      570     5217     4430     4371
      588     1600      591      535      571     1594
      597     1595      597      528      567      531
      543     1621      591      536      538      558
      547     1617      595      533      542      554
      541     1623      589     1602      589      536
      538     1628      573     1616      596      528
      546     1619      594     1598      594     1598
      593     1601      590     1598      593     1600
      571      553      542     1622      590      535
      592      507      597      501      594      505
      590      482      623      504      539     1623
      589      536      590     1577      594     1594
      597      528      599      500      595      503
      592      508      545      552      596     1569
      591      533      593      505      590     1574
      596     1594      597     1593      601     1591
      566    17655-pulse  3387702-space

  3357772-space

     4425     4369      589     1605      586      536
      569     1595      596     1595      596      529
      565      534      541     1626      586      513
      571      551      544     1620      592      534
      572      527      547     1617      597     1594
      595      529      566     1600      570      553
      562     1602      589     1605      587     1601
      590     1601      590      535      570     1594
      597     1596      564     1624      588      537
      568      531      543      555      540      559
      546     1618      594      534      561      537
      547     1615      597     1593      598     1592
      588      537      569      531      543      554
      541      558      548      553      543      554
      541      558      548      551      544     1619
      593     1600      591     1597      594     1597
      594     1596      574     5211     4434     4365
      593     1595      596      529      545     1620
      592     1600      592      533      562      537
      548     1616      596      532      543      554
      541     1624      598      530      565      531
      543     1620      592     1599      592      533
      562     1603      567      556      571     1593
      598     1593      588     1602      589     1601
      590      535      574     1590      598     1594
      565     1623      589      536      570      529
      566      533      542      557      548     1616
      596      529      566      535      539     1623
      589     1602      592     1598      590      535
      571      528      567      531      543      556
      539      561      544      552      542      556
      539      561      545     1619      593     1598
      593     1598      594     1598      594     1602
      568    17903-pulse  3477968-space

  3453939-space

     4429     4374      593     1598      593      532
      563     1605      586     1603      588      537
      568      531      543     1621      591      536
      538      559      547     1619      593      531
      564      535      539     1625      598     1593
      598      527      547     1623      568     1617
      595      530      543     1621      591     1601
      591     1602      590     1600      591     1600
      591     1602      568      556      539     1628
      594      528      546      526      569      530
      565      534      572      527      568      533
      572     1616      597      528      544     1620
      592     1600      591      534      540      559
      547      552      543      532      576      547
      545     1620      593      533      541      558
      548     1617      595     1596      596     1596
      596     1594      566     5218     4431     4366
      589     1604      588      536      548     1616
      596     1595      596      529      544      554
      541     1627      595      529      545      551
      543     1621      591      534      540      559
      547     1617      595     1596      595      529
      545     1621      571     1618      594      531
      543     1624      588     1600      591     1600
      591     1600      591     1600      591     1603
      568      554      541     1623      589      536
      548      551      544      554      541      558
      547      555      540      558      548     1615
      597      528      546     1618      594     1598
      594      532      564      534      539      560
      546      555      540      557      538     1626
      597      528      567      532      542     1626
      586     1602      589     1602      590     1602
      568    21961-pulse