Running as regular user pi
 16777215

     4430     4381      567     1649      543      531
      565     1627      565     1627      567      559
      544     1647      545      555      540     1654
      538      559      546     1646      548      552
      541      558      547     1644      547      552
      544     1648      544      557      538     1655
      537     1626      566     1627      565     1627
      565      561      545     1649      543      555
      540     1654      538      559      546      553
      542      557      538      561      544     1650
      541      528      567     1651      541      560
      545     1644      547      552      543     1650
      542      556      539      561      545     1647
      545      554      541     1652      539      558
      538     1657      535      561      544     1647
      545     1647      545      554      541     1653
      539      557      547     5213     4438     4364
      571     1621      571      555      540     1626
      565     1625      566      560      546     1645
      546      553      542     1651      543      554
      538     1653      539      561      545      554
      541     1625      567      559      547     1645
      546      554      541     1648      543     1648
      544     1621      570     1621      570      555
      540     1651      540      559      546     1647
      544      553      542      557      539      561
      544      554      541     1625      567      558
      548     1644      547      554      593     1599
      540      556      591     1575      565      561
      597      502      593     1573      619      506
      599     1595      597      500      595     1569
      622      503      592     1599      593     1573
      619      507      598     1567      625      503
      540    14733-pulse  1484741-space

  1462676-space

     4459     4360      564     1627      564      537
      568     1620      571     1620      572      554
      541     1624      568      531      564     1630
      572      524      571     1620      571      554
      541      558      547     1617      564      561
      547     1644      544      530      565     1650
      541     1625      567     1651      542     1624
      566      559      546     1619      572      553
      542     1624      567      556      541      557
      545      553      541      557      538     1653
      538      560      545     1646      546      555
      540     1650      541      557      538     1627
      565      560      545      554      541     1650
      541      561      535     1655      547      550
      545     1620      571      554      541     1651
      541     1652      539      559      546     1645
      546      552      543     5220     4428     4369
      569     1622      569      556      539     1652
      540     1652      540      559      546     1647
      545      554      541     1652      539      559
      547     1644      547      552      543      533
      562     1653      539      560      545     1620
      571      556      539     1650      541     1651
      540     1624      568     1624      568      558
      538     1654      538      561      548     1645
      543      554      541      558      538      561
      544      555      540     1651      540      559
      600     1591      547      554      593     1595
      544      555      592     1599      593      506
      602      497      595     1570      622      504
      591     1602      590      507      598     1593
      599      500      594     1597      594     1572
      620      506      589     1602      589      486
      567    20006-pulse  1750061-space

  1723681-space

     4434     4359      568     1620      571      554
      541     1624      568     1626      566      558
      538     1654      538      561      544     1623
      568      529      566     1632      559      559
      546      527      568     1650      542      532
      564     1628      564      563      542     1650
      542     1647      545     1621      571     1621
      571      554      540     1652      539      533
      572     1647      545      552      543      556
      538      560      545      553      542     1652
      539      557      538     1653      539      536
      569     1619      572      553      542     1624
      567      557      538      560      545     1620
      572      554      541     1652      539      558
      541     1625      564      561      545     1646
      545     1646      546      554      541     1625
      567      556      539     5220     4431     4368
      566     1625      567      559      547     1646
      546     1618      573      553      542     1650
      542      557      538     1658      544      551
      544     1647      545      555      540      559
      547     1618      564      561      544     1648
      544      556      539     1624      568     1649
      542     1623      569     1625      566      556
      539     1651      540      559      547     1646
      545      552      544      556      541      558
      546      552      543     1648      543      555
      540     1651      540      561      597     1595
      544      552      595     1596      543      556
      592      507      598     1593      598      501
      595     1572      618      504      591     1600
      592      507      598     1593      598     1570
      621      501      594     1598      594      508
      545    14301-pulse  1694307-space

  1667620-space

     4434     4358      568     1620      571      554
      541     1650      541     1624      570      555
      538     1653      539      560      545     1648
      544      553      542     1649      544      529
      565      560      545     1620      572      554
      541     1650      542      559      546     1646
      535     1653      539     1626      566     1626
      566      559      546     1646      546      553
      542     1625      566      557      539      560
      545      554      541      557      538     1656
      536      534      571     1620      572      556
      539     1650      542      557      538     1654
      538      534      571      554      541     1651
      541      558      547     1647      545      553
      543     1625      566      556      539     1653
      539     1653      539      560      545     1645
      547      552      543     5215     4434     4365
      570     1621      571      554      541     1652
      540     1624      567      558      547     1644
      538      561      544     1653      539      555
      540     1625      566      559      546      553
      542     1649      542      557      538     1654
      538      562      543     1646      545     1621
      571     1621      571     1624      567      555
      540     1626      566      533      572     1647
      544      553      542      557      540      559
      545      554      541     1650      541      557
      538     1653      538      563      543     1624
      568      555      540     1651      540      559
      598      501      594     1598      594      505
      589     1606      597      499      596     1594
      597      502      593     1572      619     1576
      616      506      589     1602      600      502
      593    14607-pulse  1614651-space

  1591322-space

     4434     4374      573     1619      572      554
      541     1627      565     1651      541      533
      573     1645      547      553      542     1651
      541      557      537     1654      539      561
      544      554      541     1650      543      556
      537     1656      535      536      569     1645
      546     1645      547     1618      573     1645
      546      552      543     1648      544      556
      540     1654      538      560      546      553
      545      528      564      561      545     1647
      545      555      541     1651      540      561
      545     1646      546      552      543     1649
      543      556      539      560      545     1646
      545      554      541     1656      536      532
      573     1645      546      553      542     1649
      542     1624      567      557      538     1654
      538      560      545     5218     4431     4367
      571     1622      570      528      566     1651
      540     1624      567      558      548     1644
      538      562      544     1649      543      554
      541     1624      567      558      547      552
      544     1623      569      555      540     1651
      540      561      545     1644      538     1627
      568     1624      565     1626      566      560
      546     1646      545      554      541     1653
      539      557      538      561      545      554
      541      558      538     1654      538      561
      545     1623      569      556      592     1572
      567      558      547     1644      548      552
      596      503      593     1598      592      507
      599     1594      597      500      595     1596
      596      503      595     1571      618     1574
      618      507      598     1593      598      477
      566    21237-pulse  1591273-space

  1567065-space

     4460     4355      571     1620      571      554
      541     1653      538     1651      540      559
      547     1645      547      552      543     1624
      567      558      539     1651      540      534
      572      553      542     1650      542      557
      538     1654      541      560      542     1648
      544     1622      570     1621      570     1622
      571      554      540     1625      566      559
      546     1647      544      553      542      557
      538      561      548      552      541     1651
      540      559      547     1645      547      554
      541     1649      543      558      538     1653
      539      561      545      554      541     1651
      540      559      546     1651      541      527
      568     1650      542      558      538     1654
      538     1654      538      562      543     1647
      544      554      541     5218     4433     4367
      568     1625      567      531      564     1628
      564     1627      564      562      544     1648
      544      559      536     1655      547      550
      545     1647      545      555      541      558
      547     1645      546      552      543     1648
      543      558      547     1642      539     1626
      566     1629      563     1626      566      560
      546     1646      546      554      541     1652
      540      557      538      561      544      555
      540      559      546     1645      546      553
      542     1623      571      556      598     1566
      573      552      543     1649      543      556
      591      508      597     1596      596      502
      593     1601      591      506      599     1593
      599      501      594     1601      590     1573
      619      507      599     1593      599      503
      540    22099-pulse  1352129-space

  1322400-space

     4426     4378      570     1622      570      529
      566     1626      566     1652      540      534
      572     1648      543      553      542     1652
      540      557      538     1654      538      535
      570      555      540     1653      539      560
      546     1646      546      530      565     1651
      541     1625      570     1622      566     1626
      566      560      546     1647      545      555
      540     1655      537      559      546      553
      542      532      564      562      544     1648
      544      555      540     1655      537      562
      544     1646      545      554      541     1651
      541      559      547      553      542     1651
      541      557      538     1655      546      550
      545     1646      546      554      541     1653
      539     1624      568      558      547     1644
      547      551      544     5216     4431     4372
      566     1622      569      556      539     1626
      565     1627      565      560      546     1646
      546      554      541     1652      540      558
      538     1657      535      561      544      555
      540     1625      567      558      547     1618
      574      554      541     1650      542     1622
      569     1623      569     1623      569      557
      539     1656      536      560      545     1648
      544      554      542      557      538      561
      545      555      541     1652      539      559
      546     1619      572      555      592     1572
      568      558      537     1657      535      562
      596      503      592     1600      592      508
      598     1596      595      502      594     1572
      618      507      598     1594      598     1568
      624      502      593     1576      616      509
      544    17625-pulse  1687671-space

  1660009-space

     4453     4373      565     1651      540      560
      546     1621      571     1622      570      559
      536     1653      538      535      571     1623
      568      555      540     1652      540      560
      547      553      541     1652      539      561
      547     1645      545      556      539     1651
      544     1648      540     1626      566     1627
      565      561      544     1648      545      555
      539     1655      547      551      545      555
      540      559      546      554      541     1651
      540      559      546     1646      545      556
      539     1651      540      560      546     1646
      557      544      540      558      547     1644
      547      552      543     1651      541      557
      538     1656      535      561      545     1647
      544     1622      569      557      539     1654
      538      562      544     5217     4434     4371
      564     1628      573      552      543     1650
      542     1623      568      558      538     1655
      547      553      542     1653      539      559
      546     1646      545      555      540      559
      546     1646      545      555      541     1653
      539      562      544     1647      545     1621
      570     1622      569     1627      565      558
      538     1655      547      552      543     1651
      541      557      538      561      544      555
      542      558      547     1645      547      553
      542     1650      541      560      597     1592
      550      549      595     1570      569      557
      591      509      597     1596      596      504
      592     1604      599      498      597     1596
      596      503      592     1600      592     1574
      621      505      598     1594      598      504
      539    15480-pulse  1445521-space

  1423005-space

     4437     4373      564     1629      573      553
      542     1624      568     1625      567      559
      547     1645      547      553      542     1654
      538      533      573     1646      546      528
      567      559      547     1645      546      528
      567     1628      563      561      544     1646
      545     1647      545     1622      570     1624
      568      557      538     1654      538      562
      544     1624      568      556      539      564
      542      554      541      559      547     1645
      546      553      542     1650      541      560
      545     1619      572      553      542     1650
      542      558      547      552      543     1624
      568      535      571     1647      545      553
      542     1650      541      559      547     1645
      546     1621      571      554      541     1651
      540      558      547     5216     4432     4369
      569     1624      567      559      546     1619
      572     1620      571      555      540     1654
      538      560      545     1650      542      530
      566     1627      565      561      545      555
      543     1623      565      560      545     1647
      545      557      539     1625      567     1626
      566     1626      566     1627      564      535
      570     1648      544      556      542     1626
      573      551      544      555      540      560
      546      553      542     1651      541      559
      549     1645      545      530      618     1599
      540      559      598     1594      545      555
      593      509      596     1567      624      501
      594     1574      617      507      599     1593
      598      502      593     1598      593     1573
      619      507      598     1568      623      504
      539    20349-pulse  1790384-space

  1768596-space

     4428     4385      573     1645      547      556
      539     1623      568     1649      542      557
      538     1627      564      561      545     1650
      542      554      541     1651      541      559
      546      553      542     1650      542      534
      561     1627      564      564      542     1648
      544     1622      570     1630      563     1620
      570      529      566     1652      540      560
      546     1622      570      553      545      555
      538      562      544      555      540     1652
      540      560      546     1645      546      555
      541     1648      543      556      539     1653
      539      560      545      554      541     1651
      541      558      547     1647      545      552
      543     1649      543      556      539     1653
      539     1627      565      560      546     1645
      546      552      544     5219     4429     4370
      567     1623      568      557      538     1627
      565     1627      565      560      546     1645
      545      553      542     1652      540      558
      538     1628      564      562      544      558
      537     1652      539      560      546     1646
      545      556      539     1650      541     1652
      540     1625      567     1625      566      559
      546     1619      572      556      539     1625
      566      557      538      561      544      555
      540      559      546     1646      546      554
      541     1650      541      560      598     1592
      547      552      595     1571      569      560
      588      509      597     1595      596      503
      592     1576      616      507      598     1594
      599      501      593     1599      593     1573
      619      507      599     1567      625      503
      543    19673-pulse