Running as regular user pi
 16777215

     8949     4451      579      546      570      531
      596      527      569      556      571      528
      599      526      569      555      571      527
      599     1624      599     1654      570     1652
      602     1622      601     1650      573     1655
      600     1621      602     1649      574     1650
      605      552      543     1649      607     1618
      604      549      578      547      548     1648
      596      557      548      550      577     1649
      574      549      578      521      596     1627
      606     1645      578      548      568     1657
      578    17751-pulse    67740-space

    39648-space

     8951     2200      605    16344-pulse   586348-space

   562104-space

     8945     4454      578      547      569      529
      597      528      578      547      570      529
      598      527      579      546      570      528
      598     1626      599     1652      570     1654
      601     1624      600     1651      572     1653
      602     1622      601     1650      573      553
      574      525      602     1622      603      523
      602     1621      602      524      603     1620
      603      523      603     1623      600     1647
      576      550      577     1647      577      549
      578     1646      579      547      580     1644
      578    16627-pulse    66611-space

    39645-space

     8955     2199      595    15229-pulse   575220-space

   546404-space

     8958     4446      573      553      574      525
      601      523      572      553      574      554
      573      523      572      552      574      524
      603     1672      551     1647      576     1648
      595     1657      578     1645      578     1647
      597     1653      633     1596      565      557
      569     1654      569     1655      599      527
      568     1655      602      525      569      556
      571      528      599     1677      547      527
      600      525      570     1656      599      524
      571     1652      603     1648      575     1649
      574    21212-pulse    61212-space

    39652-space

     8957     2220      629    19750-pulse   509755-space

   484658-space

     8956     4448      571      555      574      525
      599      526      570      555      572      527
      600      525      570      554      572      526
      601     1648      576     1649      573     1650
      604     1647      629     1596      575     1653
      592     1656      630     1595      576      550
      629      470      594     1654      570     1655
      578      548      568      531      596      529
      577      548      568     1654      569     1658
      596      527      568      557      569     1653
      570     1654      600     1650      574     1651
      572    17480-pulse    67497-space

    39654-space

     8955     2196      599    16073-pulse   596067-space

   571450-space

     8953     4452      578      548      571      528
      596      529      577      548      569      530
      597      528      568      557      569      555
      571     1651      574     1651      571     1654
      601     1650      574     1651      573     1652
      602     1648      575     1649      574     1651
      604      522      573     1651      604      522
      573      552      575      550      577      522
      573      551      575      523      593     1659
      575      522      594     1655      579     1646
      577     1647      597     1655      568     1655
      578    17006-pulse    66991-space

    39648-space

     8950     2201      604    15597-pulse   645608-space

   621295-space

     8959     4445      574      554      573      550
      576      522      573      551      575      550
      567      532      574      551      576      549
      567     1683      551     1646      577     1647
      597     1653      570     1655      579     1649
      648     1600      634     1591      570      556
      570      529      598     1652      572     1652
      571      555      572      527      599     1650
      573      527      600     1652      571     1651
      572      554      573      526      601     1648
      575     1650      574      554      573     1649
      574    16688-pulse    66677-space

    39651-space

     8957     2195      600    15282-pulse