Running as regular user pi
 16777215

     4452     4369      569     1647      544      556
      539     1653      539     1653      539      537
      569      554      541     1651      541      561
      545      552      543     1649      542      532
      564      562      544     1650      542     1623
      568      558      538     1657      546      552
      543      560      535      560      545      554
      541      558      547      552      543      556
      539     1628      574     1642      540     1628
      564     1627      565     1628      564     1628
      575     1618      572     1620      572      556
      539      559      547      553      542      557
      538      562      544     1649      544      556
      539      561      545      557      538      559
      547     1646      546     1647      545     1621
      570     1622      569     1623      568     1624
      568     1624      569     5218     4429     4373
      565     1627      564      562      544     1649
      543     1621      570      555      540      560
      546     1646      546      556      539      558
      541     1651      538      561      544      555
      540     1652      540     1626      566      560
      545     1624      568      554      541      558
      547      552      543      556      539      560
      545      554      541      558      547     1650
      542     1618      573     1619      572     1619
      572     1621      570     1622      571     1621
      570     1622      570      558      547      550
      545      558      538      559      599      500
      595     1597      542      557      590      509
      596      505      590      507      599     1595
      596     1568      571     1620      571     1621
      623     1569      626     1566      622     1572
      620    15162-pulse  1485167-space

  1463560-space

     4433     4362      564     1654      547      555
      540     1623      569     1623      569      556
      539      560      545     1646      545      530
      567      557      537     1654      538      561
      544      555      540     1625      566     1652
      540      560      546     1648      543      528
      567      559      547      552      543      531
      565      560      545      554      541     1653
      539     1654      538     1626      566     1628
      564     1631      561     1628      573     1618
      573     1619      572      553      541      560
      546      553      542      556      539      560
      545      554      541     1624      567      558
      538      562      544      557      541      556
      546     1646      545     1646      546     1620
      571     1621      571     1623      569     1622
      570     1622      570     5221     4427     4373
      565     1627      565      561      545     1621
      571     1621      570      555      540      561
      545     1619      572      557      538      558
      547     1645      546      554      541      558
      551     1642      546     1646      545      555
      540     1654      538      559      546      553
      542      557      539      561      544      556
      540      560      546     1646      545     1648
      543     1651      541     1623      569     1623
      568     1624      567     1625      567     1627
      565      559      546      555      540      557
      538      561      597      502      593      506
      599     1595      544      552      595      505
      590      510      596      502      593     1598
      593     1573      619     1575      565     1626
      618     1574      617     1575      617     1577
      628    19454-pulse  1389464-space

  1367014-space

     4426     4382      565     1654      538      562
      547     1646      544     1622      569      557
      539      561      545     1647      545      557
      539      560      546     1644      546      554
      541      558      547     1644      547     1645
      550      550      542     1652      540      558
      538      562      544      555      540      559
      546      553      542     1649      549      551
      537     1655      546     1644      548     1645
      547     1624      568     1620      572     1621
      571      555      540     1652      539      562
      543      554      541      560      546      552
      543      557      539     1628      564      561
      544      555      540      562      544      557
      539     1650      541     1651      540     1626
      566     1626      565     1629      563     1628
      564     1627      575     5215     4433     4368
      571     1619      571      554      541     1651
      540     1625      566      560      546      553
      543     1649      541      560      545      553
      542     1649      543      557      539      561
      545     1648      544     1648      543      556
      539     1655      547      551      544      555
      540      559      546      552      544      556
      538     1653      538      561      545     1622
      569     1620      575     1616      572     1619
      573     1619      573     1619      572      554
      546     1647      540      560      545      552
      544      555      540      559      598      501
      594     1597      542      557      590      509
      596      506      590      507      598     1594
      598     1568      571     1620      571     1622
      622     1569      622     1569      622     1571
      620    20293-pulse  1350314-space

  1326743-space

     4433     4358      569     1649      543      530
      565     1655      536     1627      565      560
      545      554      541     1651      540      562
      544      553      542     1652      540      558
      547      553      543     1649      542     1624
      568      558      547     1650      541      553
      542      557      538      562      544      555
      540      559      546     1645      546     1647
      545     1621      570     1619      572     1620
      571     1624      567     1621      572     1620
      571      554      540      559      546      555
      541      556      539      560      546      554
      541      557      538     1653      538      561
      545      554      541      560      545      552
      544     1652      540     1649      543     1623
      569     1622      569     1623      568     1625
      567     1623      568     5221     4427     4370
      568     1625      566      558      547     1618
      574     1618      574      552      543      556
      539     1653      539      562      543      554
      541     1652      540      559      547      552
      543     1649      544     1622      569      556
      539     1629      573      551      544      555
      540      559      546      553      546      553
      539     1653      538     1653      539     1629
      573     1617      564     1628      564     1628
      564     1628      564     1628      564      561
      544      558      537      561      597      500
      595      504      591      508      598      501
      594     1571      568      557      590      510
      596      504      591      507      599     1592
      599     1567      572     1620      624     1568
      623     1568      624     1568      623     1571
      621    21435-pulse  1531475-space

  1503349-space

     4427     4381      567     1648      543      556
      539     1653      539     1628      564      562
      546      553      539     1652      539      562
      543      554      541     1651      541      559
      546      553      542     1651      541     1624
      568      532      574     1647      545      527
      569      557      539      564      542      554
      541     1651      540      559      546      553
      542     1626      566     1625      567     1624
      567     1625      566     1626      566      560
      545     1650      542     1648      544      532
      573      551      544      555      540      559
      547      553      543     1649      544      557
      538      562      544      558      538      560
      546     1646      546     1620      572     1624
      568     1621      570     1622      570     1623
      569     1622      570     5218     4432     4371
      564     1629      574      552      543     1649
      544     1622      569      556      539      561
      545     1648      544      557      538      559
      546     1646      546      554      541      559
      547     1645      546     1620      572      554
      541     1655      537      560      546      554
      541      558      547      552      543     1623
      568      558      538      562      547     1648
      541     1623      568     1624      567     1625
      566     1628      564      561      545     1621
      571     1621      570      558      538      560
      546      553      594      509      597      500
      596     1597      542      559      589      509
      596      505      590      508      598     1596
      596     1569      570     1622      622     1571
      621     1572      620     1576      615     1576
      626    15914-pulse  1335950-space

  1314727-space

     4437     4359      565     1653      541      558
      545     1647      545     1621      571      555
      540      559      546     1620      583      547
      538      559      547     1647      544      528
      567      559      547     1647      545     1623
      568      554      541     1627      565      559
      547      552      543      557      538      561
      545     1648      543      529      566     1652
      540     1655      547     1617      565     1631
      570     1619      572     1621      571      555
      540     1653      539      561      545      558
      537      559      546      553      542      557
      538      562      544     1622      570      556
      539      560      545      559      536      558
      547     1645      546     1620      571     1621
      571     1621      571     1621      570     1622
      569     1622      570     5218     4430     4375
      563     1628      573      553      543     1650
      542     1625      567      560      546      553
      542     1649      544      558      546      551
      544     1648      543      556      539      561
      548     1644      546     1620      571      555
      540     1654      538      559      546      553
      543      557      537      562      544     1649
      543      557      539     1653      539     1629
      573     1617      574     1619      573     1620
      572     1620      571      554      542     1624
      567      558      599      502      593      504
      591      509      597      503      592      507
      598     1594      597      502      593      507
      599      502      593      504      591     1601
      590     1576      621     1572      625     1567
      625     1568      624     1569      623     1573
      619    19032-pulse  1359037-space

  1338913-space

     4452     4368      569     1652      540      556
      539     1627      565     1627      565      561
      545      554      541     1652      539      561
      544      553      542     1623      568      557
      538      561      544     1647      547     1618
      571      555      540     1628      564      560
      545      554      541      559      547      552
      546     1646      542     1650      542      558
      538     1631      571     1619      573     1620
      572     1620      572     1621      570      529
      566      560      546     1647      545      556
      539      558      547      552      543      556
      539      560      545     1647      545      555
      541      561      544      554      541      556
      539     1653      538     1654      538     1628
      574     1620      571     1619      572     1620
      572     1619      572     5218     4432     4370
      569     1622      569      556      539     1654
      538     1631      571      552      543      557
      539     1654      538      564      543      555
      539     1653      539      561      546      554
      541     1652      540     1626      565      561
      545     1649      542      556      542      557
      545      554      541      558      547     1645
      546     1646      546      554      541     1654
      538     1626      566     1627      565     1627
      564     1628      567      559      544      556
      539     1652      539      562      544      554
      541      558      590      509      596      503
      593     1599      540      559      599      500
      595      506      600      497      597     1594
      597     1598      594     1569      623     1569
      622     1569      622     1570      622     1573
      619    17952-pulse  1447984-space

  1419296-space

     4432     4361      567     1649      542      532
      564     1654      547     1619      573      553
      542      560      535     1654      538      538
      568      556      539     1653      539      561
      545      555      540     1653      539     1626
      565      534      571     1649      542      556
      539      560      545      554      544      555
      547     1645      546     1646      546     1620
      571     1623      570     1620      570     1622
      570     1624      568     1623      568      532
      567      559      544      556      539      562
      544      554      541      558      547      552
      543      556      539     1652      542      558
      545      553      542      560      546      551
      544     1648      544     1648      543     1626
      565     1624      567     1625      567     1626
      566     1625      566     5222     4436     4368
      570     1646      545      528      567     1650
      541     1626      566      559      547      553
      543     1649      542      559      546      552
      543     1622      570      556      539      560
      545     1620      571     1621      571      555
      540     1656      537      560      546      553
      542      558      538      561      544     1647
      544     1648      544     1625      566     1625
      567     1623      568     1624      568     1624
      568     1624      567      559      547      552
      543      556      591      510      596      502
      593      506      590      510      599      500
      592     1601      591      509      597      503
      593      510      596      501      594     1598
      595     1597      593     1572      619     1572
      619     1573      618     1577      615     1577
      625    16519-pulse  1476546-space

  1447239-space

     4430     4370      570     1648      540      559
      546     1646      546     1647      545      528
      567      559      547     1647      544      555
      540      557      538     1654      538      562
      544      555      540     1654      538     1652
      539      561      545     1649      543      554
      541      559      547      552      543     1653
      539      557      538      561      544      555
      540     1653      538     1626      566     1627
      565     1626      565      561      545     1647
      545     1621      570     1625      567      558
      547      550      545      555      541      559
      547      553      543     1649      542      557
      539      560      545      557      538      559
      547     1645      546     1620      572     1620
      574     1618      571     1621      570     1622
      570     1622      570     5219     4429     4374
      564     1652      539      560      545     1647
      545     1622      570      555      540      559
      546     1645      547      554      540      557
      538     1653      541      558      544      555
      541     1651      540     1625      567      559
      546     1647      551      547      541      558
      538      561      544     1648      544      555
      540      559      546      553      542     1654
      537     1649      542     1624      567     1625
      566      560      546     1648      544     1621
      571     1622      570      558      590      508
      598      501      594      506      590      513
      593     1596      596      504      592      507
      598      503      592      505      590     1576
      626     1568      624     1567      624     1568
      623     1569      623     1573      619     1573
      618    17138-pulse  1427175-space

  1403124-space

     4426     4368      569     1649      543      556
      539     1630      562     1627      564      562
      544      556      540     1653      539      537
      569      554      541     1652      540      532
      573      553      543     1623      569     1622
      569      556      539     1658      544      550
      545      554      541      558      547     1645
      547      553      542      557      538     1655
      537     1629      572     1617      565     1627
      564     1628      574      552      543     1649
      543     1623      568      558      538      564
      542      556      540      560      547      552
      542      557      538     1654      538      561
      544      555      541      560      545      552
      544     1651      541     1622      569     1623
      569     1623      569     1623      569     1624
      568     1622      570     5217     4434     4369
      567     1653      539      560      545     1647
      545     1621      570      555      539      560
      547     1648      543      556      539      558
      547     1645      547      553      542      558
      538     1654      538     1629      573      552
      543     1651      540      557      538      561
      545      555      540     1629      563      560
      546      553      542     1650      541     1653
      539     1624      567     1626      566     1624
      567      558      547     1644      547     1618
      573      553      543      558      599      498
      598      501      594      505      590      509
      596     1595      544      555      593      506
      600      502      592      505      590     1602
      590     1602      590     1575      616     1579
      613     1576      616     1576      626     1568
      623    21883-pulse  1381916-space

  1355029-space

     4450     4365      563     1653      539      561
      545     1647      545     1621      573      552
      540      533      573     1645      546      555
      540      557      538     1627      564      561
      545      555      539     1625      566     1625
      566      560      546     1648      544      553
      542      561      535      562      544     1648
      544      556      539     1653      538      561
      544     1651      540     1623      569     1623
      568     1625      566      559      547     1649
      543      555      540     1651      540      561
      544      553      542      558      538      562
      544      556      539     1654      538      561
      545      555      540      561      545      552
      543     1649      543     1624      568     1623
      568     1624      568     1624      567     1625
      567     1626      566     5220     4430     4373
      564     1653      538      562      544     1649
      543     1623      569      557      538      561
      544     1648      544      557      547      550
      545     1647      544      555      540      560
      546     1646      545     1621      571      555
      541     1652      538      559      547      553
      543      556      538     1653      539      561
      545     1651      541      555      540     1628
      574     1617      565     1627      564     1628
      564      561      545     1621      571      555
      540     1651      540      562      544      553
      597      502      590      509      597      502
      593     1599      540      559      599      500
      595      506      599      498      597     1596
      596     1569      623     1569      623     1569
      623     1572      620     1569      622     1571
      620    14700-pulse  1304754-space

  1278509-space

     4436     4369      569     1647      545      555
      540     1653      539     1629      562      561
      545      555      540     1652      540      561
      544      553      542     1650      542      559
      536      561      544     1647      544     1622
      570      530      566     1654      547      553
      542      554      541      558      547     1618
      573      553      543     1649      542     1624
      569     1626      564     1626      566     1627
      565     1654      538      562      547     1619
      571      555      539      560      546      555
      540      557      538      561      545      554
      541      558      549     1643      547      552
      543      556      539      562      544      553
      542     1650      541     1624      567     1625
      567     1626      566     1626      566     1626
      566     1625      567     5218     4434     4368
      567     1651      541      559      548     1618
      572     1619      572      554      541      558
      547     1645      547      554      544      553
      539     1653      538      560      545      554
      541     1650      541     1624      567      560
      546     1646      546      552      544      556
      539      560      546     1646      546      554
      541     1654      538     1625      567     1628
      564     1627      565     1628      563     1628
      564      562      544     1648      543      556
      539      561      545      556      591      506
      599      500      596      504      592      508
      598     1594      598      502      593      506
      599      502      593      512      584     1602
      589     1575      616     1575      616     1576
      616     1576      625     1567      624     1570
      622    14053-pulse  1444081-space

  1423564-space

     4465     4356      569     1652      539      558
      538     1628      573     1619      573      527
      568      532      573     1645      546      554
      541      556      539     1653      539      561
      545      555      540     1652      539     1630
      562      561      545     1624      568      556
      539      560      545      554      541     1652
      539     1626      566      560      545      554
      541     1653      539     1651      541     1625
      567     1625      566      560      546      553
      542     1650      541     1624      569      559
      546      551      544      555      540      559
      546      553      543     1649      542      557
      538      562      544      557      538      559
      546     1646      546     1646      546     1620
      571     1621      570     1620      571     1621
      571     1619      572     5218     4431     4369
      570     1647      544      555      540     1653
      539     1626      569      557      546      554
      541     1651      542      560      545      553
      542     1649      542      558      539      561
      544     1648      544     1622      570      556
      540     1628      574      550      548      552
      541      559      547     1645      546     1620
      572      554      541      558      547     1648
      544     1619      573     1620      572     1620
      571      555      540      559      546     1649
      543     1620      571      556      539      558
      547      552      596      504      592      508
      598     1594      598      501      594      505
      591      510      595      502      593     1598
      593     1575      617     1572      620     1572
      619     1572      619     1572      619     1576
      616    18335-pulse  1438309-space

  1411191-space

     4427     4366      561     1654      547      526
      569     1649      543     1623      568      560
      535      562      544     1648      544      558
      538      560      546     1620      572      554
      541      559      546     1644      547     1618
      573      526      569     1651      541      557
      538      564      542      554      541     1651
      540     1651      540      559      546     1645
      546     1623      569     1619      572     1620
      572     1620      573      553      541      558
      541     1651      538      562      544      558
      538      559      546      553      542      557
      538      561      545     1648      544      554
      541      558      547      554      541      556
      539     1652      540     1652      543     1623
      566     1626      566     1626      566     1627
      565     1627      565     5221     4440     4361
      564     1654      538      561      544     1622
      570     1621      571      555      540      559
      547     1645      546      555      540      557
      542     1649      538      561      545      555
      540     1652      540     1627      565      561
      547     1622      568      554      540      559
      547      553      542     1650      541     1624
      567      562      544     1618      573     1621
      571     1619      572     1620      572     1621
      570      554      540      559      546     1646
      545      554      541      561      597      500
      595      504      591      509      597      502
      593     1599      592      507      599      501
      595      506      600      497      597     1596
      596     1568      623     1569      623     1569
      623     1570      625     1567      622     1573
      618    15023-pulse  1285038-space

  1258453-space

     4431     4380      568     1648      544      556
      540     1652      539     1627      565      561
      544      555      540     1652      539      562
      544      554      541     1651      540      559
      548      552      542     1650      542     1624
      567      559      546     1622      570      554
      544      556      547      527      569     1650
      542     1624      568     1625      567      559
      547     1647      544     1620      572     1620
      570     1621      570      555      543      557
      546      553      542     1650      541      560
      545      552      543      556      539      560
      545      554      541     1651      540      558
      547      552      543      558      547      550
      545     1647      545     1648      544     1622
      569     1623      569     1623      568     1624
      568     1624      568     5218     4433     4370
      565     1654      538      562      544     1623
      569     1623      569      557      539      561
      545     1647      546      556      538      562
      543     1646      546      553      542      558
      538     1654      538     1628      574      552
      544     1624      567      557      539      561
      545      554      541     1651      541     1625
      570     1622      566      559      546     1647
      545     1619      573     1620      573     1620
      571      555      540      559      546      553
      542     1650      541      560      598      500
      598      501      591      509      597      503
      592     1600      592      508      598      501
      593      508      597      500      596     1595
      595     1570      621     1570      621     1571
      621     1574      619     1571      621     1573
      619    14418-pulse  1344449-space

  1314868-space

     4430     4381      568     1654      538      559
      547     1646      546     1620      571      555
      540      559      546     1620      571      556
      539      532      573     1645      546      553
      542      532      564     1662      540     1644
      547      552      543     1651      541      557
      538      561      545      554      541     1654
      537     1625      566     1625      567     1625
      566     1628      575     1615      565     1627
      565     1626      565      560      546      553
      541      558      551      549      543      558
      537      560      546      553      542      557
      538      561      545     1647      545      554
      542      558      547      554      541      556
      539     1653      539     1653      539     1627
      567     1625      564     1628      574     1618
      573     1618      574     5213     4435     4369
      569     1646      545      555      540     1626
      566     1627      565      560      545      554
      541     1624      567      561      545      552
      544     1622      569      560      535      561
      545     1647      545     1621      570      556
      539     1628      573      551      544      554
      541      558      547     1644      547     1618
      573     1619      573     1623      569     1622
      569     1621      571     1621      571     1621
      571      554      541      558      547      552
      596      503      592      509      596      501
      594      506      600      500      596      504
      591     1601      591      509      597      502
      593      509      597      501      595     1596
      595     1572      620     1572      620     1573
      619     1573      618     1574      618     1576
      616    17410-pulse  1247438-space

  1222220-space

     4458     4359      568     1647      544      555
      540     1626      566     1626      565      534
      571      554      541     1651      540      562
      544      554      541     1661      531      558
      547      552      543     1648      543     1622
      569      557      539     1659      544      551
      544      556      540      560      545      554
      541      558      547      552      543      556
      539     1654      539     1652      539     1627
      565     1626      565     1627      566     1630
      561     1628      564     1629      574      554
      541      557      539      561      545      554
      542      557      537     1655      547      552
      543      556      539     1655      547      550
      545     1649      543     1620      572     1621
      571     1621      571     1621      571     1622
      570     1620      571     5217     4434     4368
      567     1627      565      559      546     1620
      572     1620      571      554      541      558
      547     1644      547      554      541      556
      540     1652      539      560      545      554
      541     1650      541     1626      566      558
      547     1647      545      553      542      557
      538      561      545      555      540      562
      544      553      542      557      538     1657
      546     1618      573     1619      573     1621
      571     1620      571     1620      571     1621
      571     1621      573      554      590      507
      598      501      594      505      590      509
      596     1595      596      503      592      507
      599     1569      622      501      594     1597
      593     1572      619     1572      622     1569
      619     1572      619     1572      620     1573
      618    20858-pulse  1260860-space

  1234255-space

     4428     4383      564     1653      539      561
      545     1620      571     1647      546      554
      540      559      547     1645      546      555
      540      557      538     1654      538      561
      545      554      540     1651      540     1651
      541      558      547     1647      545      553
      543      556      538      560      545      554
      541      558      538      562      544     1648
      544     1650      542     1621      569     1622
      569     1624      569     1623      568     1624
      567     1624      567      558      547      554
      541      556      539      561      545      554
      541      558      547     1646      546      553
      542      557      538     1656      546      551
      544     1648      544     1625      566     1623
      569     1623      568     1624      568     1626
      566     1624      567     5219     4432     4370
      566     1627      565      562      544     1621
      570     1622      570      556      539      560
      545     1647      545      560      535      558
      547     1645      547      552      543      556
      539     1652      539     1631      562      559
      546     1647      544      553      542      557
      538      561      545      554      541      558
      547      552      546     1646      543     1625
      567     1623      569     1623      568     1625
      567     1624      568     1624      567     1625
      566      559      546      555      595      502
      590      509      596      504      591      508
      598     1595      597      503      592      507
      598     1597      595      502      593     1573
      619     1574      618     1574      618     1578
      614     1575      616     1576      626     1569
      623    22273-pulse  1222277-space

  1202167-space

     4431     4373      564     1656      535      561
      544     1621      570     1648      544      556
      540      560      546     1647      545      555
      540      557      538     1628      564      562
      544      555      540     1652      542     1624
      565      561      545     1623      568      555
      540      560      546      553      542      557
      537      564      543     1649      543      557
      538     1656      546     1619      573     1650
      542     1647      544     1649      543     1649
      543      557      537     1656      546      528
      567      556      538      561      545      554
      541      558      547     1644      547      552
      543      559      536     1654      547      550
      545     1621      571     1621      571     1623
      569     1648      542     1649      542     1650
      542     1649      542     5221     4427     4372
      566     1625      566      559      546     1645
      546     1622      569      553      542      558
      537     1655      547      554      541      557
      538     1654      539      561      544      555
      540     1626      566     1626      565      560
      545     1622      570      554      541      558
      547      552      544      555      539      560
      546     1647      545      555      541     1654
      538     1625      567     1625      566     1626
      566     1626      566     1626      565      561
      545     1646      545      556      592      505
      590      509      596      503      593      507
      598     1593      598      501      594      505
      590     1604      598      500      595     1573
      619     1570      621     1571      621     1572
      620     1573      618     1575      617     1576
      615    15782-pulse  1235778-space

  1214421-space

     4423     4374      573     1646      546      554
      541     1624      567     1625      567      559
      546      553      542     1650      541      561
      544      552      543     1649      542      558
      538      562      544     1622      569     1626
      566      557      539     1630      572      551
      544      555      540      559      546      553
      542      557      538     1655      537     1628
      564     1630      571     1645      546     1650
      542     1647      544     1648      545     1648
      543      556      539      561      545      558
      538      559      547      552      543      556
      539      560      546     1646      546      554
      541      558      547     1649      542      552
      543     1649      542     1624      567     1624
      567     1652      539     1652      539     1653
      539     1653      539     5226     4433     4368
      570     1621      571      555      540     1625
      566     1626      569      556      546      553
      542     1650      542      560      545      552
      544     1647      543      556      540      559
      545     1646      545     1621      570      556
      539     1628      564      560      549      551
      541      558      547      552      543      556
      539     1652      539     1626      566     1629
      573     1616      565     1627      565     1627
      564     1628      564     1631      571      552
      543      556      591      510      596      501
      593      506      599      500      596      504
      591     1601      591      508      598      501
      594     1573      619      505      592     1574
      617     1578      613     1576      626     1566
      625     1567      624     1569      623     1570
      622    17033-pulse  1387063-space

  1358930-space

     4428     4386      563     1653      539      561
      545     1648      544     1622      569      556
      541      559      545     1647      544      558
      537      560      545     1647      545      555
      540      559      546     1648      544     1620
      571      555      540     1654      538      560
      546      553      542      561      535      561
      544     1648      544      556      539     1653
      538     1630      572     1646      546     1646
      545     1647      545     1648      545      555
      539     1655      536      560      545      556
      539      558      547      552      543      556
      539      560      545     1648      544      554
      540      559      546     1648      544      554
      541     1651      541     1625      569     1649
      540     1652      540     1652      540     1652
      539     1652      539     5220     4440     4361
      564     1628      574      552      543     1624
      567     1624      567      559      546      553
      542     1650      542      560      546      551
      545     1621      570      556      539      560
      545     1646      545     1621      571      555
      541     1653      538      560      546      553
      542      558      537      562      544     1648
      543      557      542     1624      565     1630
      572     1618      574     1619      573     1621
      571     1647      544      556      540     1626
      565      561      545      557      591      507
      599      504      591      505      590      510
      596     1596      595      504      591      509
      597     1597      594      504      592     1573
      617     1575      617     1575      616     1576
      616     1579      623     1566      625     1568
      623    13752-pulse  1303787-space

  1282634-space

     4426     4364      573     1620      575      552
      541     1626      566     1653      539      561
      545      555      540     1651      542      560
      544      553      542     1650      541      558
      547      552      543     1649      543     1627
      565      558      538     1631      571      553
      542      558      538      536      570      556
      539     1654      538     1628      564     1655
      548     1647      544     1647      545     1651
      541     1649      543     1650      542      558
      547      552      543      557      539      564
      542      555      540      559      546      553
      542      558      537     1655      547      553
      543      557      538     1659      543      525
      570     1621      570     1622      570     1648
      543     1650      542     1649      543     1623
      569     1622      570     5221     4427     4374
      565     1627      565      561      544     1622
      570     1625      566      557      539      560
      545     1647      545      557      538      559
      547     1645      547      552      544      555
      538     1653      539     1627      565      561
      545     1623      568      556      543      557
      546      553      542      557      538     1654
      538     1628      564     1629      574     1646
      545     1619      572     1620      571     1621
      571     1621      570      555      540      559
      598      501      594      507      599      498
      597      502      593      506      599      499
      597     1595      596      503      591      508
      598     1596      595      502      593     1598
      596     1570      619     1573      619     1573
      618     1574      618     1575      617     1576
      615    16798-pulse  1286793-space

  1262619-space

     4432     4362      565     1627      565      560
      545     1621      571     1647      544      555
      540      560      546     1646      545      556
      539      559      547     1620      572      553
      542      557      538     1654      538     1628
      574      552      543     1652      540      557
      538      561      544      555      540     1652
      540      560      545      554      541     1652
      539     1628      564     1652      540     1652
      540     1652      544      556      546     1619
      572     1619      572      553      542      559
      546      551      544      555      542      558
      546      553      543     1649      543      557
      539      561      545     1649      543      555
      540     1655      537     1626      565     1653
      539     1628      564     1630      572     1619
      572     1619      573     5217     4431     4368
      571     1623      569      555      539     1627
      565     1627      564      561      545      555
      541     1628      564      561      545      552
      542     1650      542      558      538      562
      544     1623      569     1621      570      555
      540     1628      564      560      545      554
      541      558      547     1647      544      552
      543      556      539     1652      540     1628
      564     1633      560     1624      566     1625
      566      559      546     1619      573     1619
      576      550      542      559      598      499
      597      503      593      507      599      500
      595     1597      595      504      592      507
      597     1596      596      502      593     1572
      619     1572      619     1573      619     1573
      619     1574      618     1574      618     1577
      626    19857-pulse  1289903-space

  1262436-space

     4458     4357      570     1621      571      555
      540     1652      540     1652      540      563
      543      554      541     1624      568      559
      546      551      544     1647      545      555
      540      562      544     1619      572     1646
      545      555      541     1627      564      559
      546      553      545      555      537     1654
      548      551      544     1622      570     1621
      570     1624      568     1621      571     1621
      571     1621      571      555      541     1628
      563      559      546      553      542      560
      546      551      544      555      540      559
      546      553      542     1625      567      557
      538      561      544     1623      569      554
      541     1625      567     1628      563     1626
      566     1626      566     1626      566     1626
      566     1626      566     5219     4432     4371
      564     1628      574      552      545     1621
      568     1623      568      557      538      562
      544     1621      570      558      538      563
      544     1619      572      554      541      559
      547     1619      573     1619      573      554
      541     1626      566      558      538      562
      544      555      540     1626      566      560
      546     1623      569     1621      571     1623
      569     1620      571     1620      572     1620
      571      554      541     1624      568      558
      538      562      596      505      590      507
      602      497      595      504      591      508
      598     1594      546      554      593      506
      599     1568      624      499      596     1570
      621     1571      621     1572      620     1572
      623     1570      619     1574      618     1576
      616    13094-pulse  1383132-space

  1363030-space

     4426     4379      568     1626      566      557
      538     1654      548     1645      547      553
      542      558      548     1620      572      554
      540      557      538     1654      538      562
      544      556      539     1627      568     1650
      538      561      544     1623      569      554
      541      559      547      553      543     1624
      568     1649      543      557      539     1627
      565     1656      546     1621      571     1619
      573     1620      572      555      540      558
      547     1619      572      555      540      560
      545      552      543      556      539      561
      545      554      541     1651      540      560
      546      556      539     1626      566      558
      537     1628      564     1628      574     1624
      568     1619      573     1620      572     1620
      572     1619      572     5216     4433     4370
      568     1623      569      557      538     1628
      564     1629      573      552      543      557
      538     1627      564      564      543      555
      539     1626      567      559      545      554
      541     1625      567     1652      540      560
      546     1622      570      554      541      558
      547      552      543     1622      569     1623
      568      558      548     1619      572     1621
      570     1621      571     1622      570     1622
      570      556      539      560      545     1621
      571      555      540      561      597      500
      595      504      591      509      602      498
      593     1599      541      559      599      500
      595     1572      620      504      590     1579
      613     1576      616     1575      616     1575
      617     1576      616     1577      625     1568
      623    15719-pulse  1235714-space

  1210598-space

     4460     4364      563     1628      564      562
      543     1624      568     1654      538      560
      545      555      540     1652      540      562
      543      555      540     1628      564      561
      545      555      540     1652      539     1627
      564      562      544     1627      564      557
      538      561      544      555      540     1652
      539     1627      564     1655      548     1645
      546     1649      542     1623      569     1625
      567     1629      564      560      545      555
      540      559      546      553      542      560
      545      552      543      556      539      560
      547      554      541     1651      540      559
      546      553      542     1652      539      559
      547     1622      569     1646      546     1621
      571     1622      570     1623      569     1624
      567     1624      568     5221     4441     4365
      570     1624      568      557      538     1628
      574     1646      546      554      541      559
      546     1649      542      557      539      559
      546     1646      545      555      541      559
      546     1647      545     1623      569      556
      539     1629      573      551      544      556
      539      561      545     1650      541     1622
      570     1623      568     1625      566     1629
      573     1619      573     1619      572     1621
      570      556      539      560      545      554
      593      509      596      502      593      504
      591      509      597      503      592      507
      598     1594      597      503      592      507
      600     1569      623      502      592     1574
      618     1576      616     1577      628     1564
      624     1569      623     1570      622     1573
      618    20713-pulse  1460751-space

  1439634-space

     4453     4364      572     1620      574      552
      541     1624      567     1651      540      559
      546      553      542     1650      543      559
      545      552      543     1649      542      558
      537      562      543     1649      543     1653
      539      558      547     1621      571      554
      541      559      547      553      542      558
      548      551      545      555      539     1653
      539     1629      573     1644      547     1645
      550     1643      544     1648      543     1649
      542     1651      541      559      546      556
      539      557      538      561      544      555
      540      559      546     1645      546      553
      542     1654      538      561      544      553
      542     1651      541     1625      566     1652
      539     1654      537     1654      548     1645
      546     1645      547     5218     4431     4370
      568     1623      568      558      538     1628
      574     1622      570      553      542      557
      538     1654      538      564      542      556
      539     1654      538      569      537      556
      539     1627      565     1628      564      562
      543     1625      567      560      535      562
      544      556      539      560      545      554
      541      556      550     1645      546     1622
      571     1620      570     1622      570     1623
      568     1625      567     1629      563     1627
      565      562      544      558      590      508
      598      502      593      506      599      500
      596     1596      594      506      590     1576
      627      501      593      505      590     1602
      593     1573      625     1567      624     1568
      624     1568      623     1570      622     1571
      620    16700-pulse  1416736-space

  1387232-space

     4458     4359      569     1652      539      532
      573     1645      547     1619      572      554
      541      558      537     1657      545      554
      541      557      539     1654      538      561
      544      555      540     1654      538     1627
      565      561      545     1623      568      555
      540      559      546      553      542      561
      535      561      544     1647      545     1621
      571     1623      569     1648      545     1647
      544     1648      545     1648      543     1649
      543      557      542      558      545      557
      538      559      546      553      542      557
      538      562      544     1648      544      556
      540     1652      539      537      569      555
      540     1652      540     1626      566     1630
      562     1627      564     1628      574     1645
      547     1619      572     5217     4432     4370
      568     1624      568      558      547     1619
      574     1619      571      554      541      559
      547     1645      547      555      541      556
      538     1653      539      561      545      555
      541     1651      540     1626      566      560
      546     1624      568      554      541      558
      547      552      543      556      539      560
      546     1646      546     1622      569     1622
      570     1621      571     1621      570     1622
      570     1623      569     1622      570      556
      539      560      598      503      592      505
      590      509      597      505      590      506
      599     1592      599      500      595     1597
      595      507      600      498      597     1596
      596     1567      624     1568      624     1569
      623     1569      625     1567      622     1573
      619    15118-pulse  1355154-space

  1334921-space

     4427     4373      564     1657      545      552
      543     1649      543     1623      569      557
      539      561      545     1649      543      557
      538      560      546     1646      545      554
      541      558      547     1645      550     1616
      572      554      541     1626      565      559
      547      552      543      557      539      561
      545     1649      543      555      540     1652
      540     1628      564     1627      565     1630
      561     1655      548     1620      572      553
      542     1624      567      560      546      555
      540      557      538      562      544      555
      540      560      546     1646      545      554
      541     1655      537      561      544      553
      542     1650      541     1624      567     1630
      563     1624      567     1625      567     1625
      566     1650      542     5221     4427     4373
      565     1626      565      560      545     1621
      571     1624      567      556      539      560
      546     1646      546      556      539      559
      546     1619      574      552      542      558
      538     1654      538     1628      564      562
      544     1624      571      553      539      560
      546      553      542      557      538     1654
      538      561      544     1647      546     1622
      568     1622      570     1622      569     1623
      569     1626      565      557      538     1628
      564      562      544      558      590      508
      598      501      594      506      590      511
      595     1596      596      504      591     1601
      591      511      594      504      591     1603
      589     1574      617     1575      617     1576
      616     1576      626     1568      624     1570
      622    15858-pulse  1465881-space

  1439272-space

     4424     4371      567     1648      543      530
      565     1627      565     1627      567      559
      544      556      539     1653      539      563
      543      528      567     1651      541      559
      548      552      542     1650      542     1624
      568      558      547     1620      571      553
      546      553      539      561      545      554
      541     1651      540     1652      540     1626
      571     1624      574     1616      564     1628
      564     1654      538     1631      561      562
      544      555      540      560      546      555
      540      557      538      562      544      555
      540      560      546     1647      544      554
      541     1651      541      560      545      552
      543     1623      569     1626      566     1623
      569     1623      569     1649      542     1625
      566     1624      568     5219     4432     4371
      564     1628      574      554      542     1649
      542     1624      567      532      573      553
      543     1648      543      561      544      550
      545     1647      544      555      540      559
      546     1646      546     1627      566      553
      541     1627      564      560      546      553
      542      558      538      562      544     1649
      546     1620      569     1623      568     1626
      566     1624      568     1625      566     1625
      567     1626      566      560      546      554
      594      506      600      502      593      504
      591      509      597      502      593      507
      598     1594      599      501      593     1599
      594      508      596      501      594     1572
      620     1572      619     1573      618     1577
      615     1574      617     1575      617     1578
      624    22252-pulse  1432289-space

  1403081-space

     4425     4383      568     1650      539      560
      546     1620      572     1620      572      527
      568      558      540     1651      538      563
      542      555      540     1651      540      559
      546      553      542     1651      541     1623
      568      557      538     1655      547      551
      545      555      540      559      546     1646
      546      553      542      558      538     1654
      538     1630      572     1645      546     1645
      547     1645      546      553      543     1623
      567     1628      564      559      547      554
      541      556      539      560      545      554
      541      559      547     1645      547      553
      543     1649      541      560      545      552
      543     1648      544     1622      570     1651
      540     1649      543     1649      543     1649
      543     1648      545     5216     4435     4366
      569     1623      569      556      539     1653
      540     1626      565      561      545      555
      541     1651      541      561      545      552
      544     1648      543      557      538      561
      544     1648      544     1621      570      555
      540     1629      563      560      546      554
      541      558      538     1654      538      562
      544      555      540     1651      540     1627
      565     1625      567     1626      566     1626
      565      562      544     1620      571     1621
      571      554      540      561      597      500
      595      504      591      511      595      502
      593     1598      594      506      600     1566
      626      502      593      504      592     1601
      590     1575      616     1576      626     1567
      625     1570      622     1567      625     1569
      622    14844-pulse  1364856-space

  1342824-space

     4428     4373      564     1654      547      555
      540     1649      543     1623      569      557
      539      561      545     1648      544      532
      565      559      545     1620      571      554
      541      558      547     1644      547     1618
      576      549      543     1625      566      557
      538      562      544      555      540     1652
      540      559      547     1645      546     1619
      572     1648      544     1646      546     1649
      542     1647      546      554      540     1625
      566      559      546      553      542      560
      546      552      543      555      540      559
      546      553      542     1650      542      558
      537     1654      538      567      539      555
      540     1652      540     1626      566     1653
      539     1655      537     1655      547     1645
      546     1645      547     5218     4429     4372
      566     1625      566      560      545     1621
      571     1621      570      557      539      559
      546     1646      546      556      541      557
      538     1654      538      561      544      558
      537     1651      540     1626      566      560
      546     1648      543      554      541      564
      542      552      543     1649      543      557
      539     1627      565     1627      565     1632
      570     1617      564     1628      574     1619
      573      553      542     1626      566      559
      547      553      543      558      599      498
      597      502      593      506      599      500
      596     1599      592      504      591     1574
      617      511      596      502      593     1599
      593     1575      617     1574      618     1575
      617     1575      616     1576      629     1566
      623    17682-pulse  1427724-space

  1403147-space

     4425     4370      569     1649      543      556
      539     1627      568     1624      565      561
      545      528      567     1651      541      560
      545      552      543     1650      542      556
      539      560      545     1647      545     1620
      571      555      540     1630      561      559
      546      553      542      557      538     1653
      539     1627      565      561      545     1648
      544     1623      569     1621      571     1621
      570     1626      566      556      539      561
      545     1647      544      555      540      562
      544      554      541      558      547      553
      542      556      539     1627      565      561
      545     1647      545      557      538      559
      546     1645      546     1619      572     1620
      572     1620      572     1621      571     1621
      570     1621      570     5220     4428     4371
      567     1626      566      559      546     1645
      546     1620      572      554      541      558
      538     1657      535      563      542      556
      539     1652      540      560      546      553
      542     1650      543     1624      567      559
      546     1648      544      554      541      558
      547      552      543     1652      539     1624
      568      558      547     1618      573     1621
      571     1620      572     1619      573     1619
      572      554      541      558      547     1618
      576      550      543      558      599      498
      598      501      594      505      590      510
      596     1596      595      504      593     1600
      590      511      594      504      591     1600
      591     1574      617     1578      614     1575
      617     1575      616     1576      616     1579
      624    20210-pulse  1480239-space

  1459394-space

     4426     4378      570     1650      541      529
      566     1651      540     1625      566      534
      572      528      567     1651      542      560
      545      526      569     1649      543      530
      565      561      545     1647      545     1624
      568      555      540     1654      538      559
      546      553      542      557      538     1654
      539     1627      564     1654      548     1619
      573     1621      571     1622      570     1645
      547     1619      572      553      542      558
      538      561      544      555      542      560
      545      553      543      557      538      561
      545      555      540     1652      540      560
      545     1649      542      556      539      558
      547     1644      547     1618      573     1618
      573     1620      572     1619      573     1619
      572     1619      573     5216     4433     4367
      571     1620      572      554      541     1624
      567     1625      567      559      547      553
      543     1650      542      558      547      550
      545     1646      545      556      540      558
      547     1644      547     1618      573      552
      543     1651      541      557      539      561
      545      554      541     1651      541     1652
      540     1626      566     1627      565     1628
      574     1616      565     1627      565     1627
      568      558      545      554      593      506
      599      500      595      506      599      498
      597      502      593      506      599      500
      597     1569      622      503      592     1600
      592      509      597      500      595     1570
      625     1567      622     1570      622     1570
      622     1570      622     1571      621     1573
      619    16496-pulse  1556487-space

  1527617-space

     4428     4372      566     1652      539      561
      545     1647      545     1621      571      555
      540      559      550     1616      573      555
      540      557      538     1653      539      535
      571      554      541     1651      540     1625
      567      559      547     1647      545      553
      543      556      539      560      549     1643
      545     1621      571     1647      544     1648
      544     1651      540     1648      544     1649
      543     1648      544      556      539      560
      545      557      538      559      547      555
      541      557      539      560      545      554
      541      558      547     1644      547      554
      542      556      539      562      543     1646
      546     1620      572     1647      545     1648
      544      529      566     1626      565     1627
      565     1653      539     5223     4435     4370
      568     1621      570      556      539     1627
      565     1628      564      561      544      555
      540     1626      566      561      545      553
      543     1626      566      556      539      561
      545     1648      544     1622      570      556
      539     1629      574      550      544      556
      540      560      546     1646      546     1620
      572     1620      575     1617      571     1622
      569     1621      571     1621      570     1623
      569      556      539      561      545      554
      541      559      599      502      593      504
      591      509      597      502      596      504
      599     1593      599      502      594      504
      590      511      595     1595      597     1570
      622     1569      622     1570      622      504
      591     1575      617     1577      616     1578
      624    16730-pulse