Running as regular user pi
 15213639

  2299135-space

     4450     4363      564     1628      564      561
      544     1622      570     1622      570      555
      540      559      546     1623      569      529
      566      558      538     1628      564      561
      545      554      540     1653      539     1652
      539      560      545     1622      570      528
      567     1651      541     1628      563     1651
      540     1625      566      533      572     1619
      572     1650      542     1621      571      555
      540      559      546      527      568      558
      538     1628      577      549      543      558
      538     1627      565     1626      566     1653
      539      560      546      527      566      559
      546      553      542      559      547      550
      545      554      541      558      547     1618
      576     1641      547     1618      574     1618
      573     1617      574     5212     4435     4365
      562     1626      565      534      572     1646
      545     1622      570      554      540      559
      546     1620      572      529      566      558
      538     1628      564      565      541      555
      540     1626      566     1626      566      560
      545     1649      543      529      566     1625
      566     1652      540     1626      566     1627
      565      564      542     1620      571     1623
      569     1621      571      555      540      559
      546      527      569      557      538     1628
      564      536      570      557      538     1626
      566     1626      566     1626      566      534
      572      554      594      506      600      500
      596      506      589      508      597      502
      594      505      589     1576      626     1566
      574     1618      626     1566      577     1617
      624    17452-pulse  9937465-space

  1323351-space

     4433     4354      572     1645      546      527
      568     1650      541     1624      568      558
      538      562      544     1622      570      531
      564      559      546     1647      545      553
      542      557      538     1654      537     1628
      564      562      544     1650      542      555
      540      559      546      553      542     1624
      568     1650      541     1625      566     1624
      567     1627      564     1625      566     1626
      569     1623      566      560      545      554
      541      558      537      561      544      557
      538     1651      540      560      546     1618
      574     1618      573     1619      573      553
      542      558      538      566      539      555
      540     1651      540      559      546      553
      542      557      538     1653      538     1628
      564     1625      566     5219     4431     4369
      566     1627      565      560      546     1646
      546     1619      572      554      541      558
      537     1657      535      563      542      555
      540     1651      541      558      547      551
      544     1647      545     1621      571      554
      541     1626      565      558      547      552
      543      556      539     1655      537     1626
      566     1626      566     1626      565     1628
      573     1617      564     1627      565     1627
      565      561      545      555      593      506
      599      500      596      505      590     1572
      588      538      599     1565      616     1576
      564     1629      615      509      596      503
      592      509      596      501      594     1571
      620      505      590      509      599      500
      592     1572      619     1572      619     1575
      565    22139-pulse  6582184-space

  2261376-space

      770       63      207      443     1947       64
      206    13883

      431      795      227     1835      388      871
      277      637      260     2141      259      660
      331      844      355     1733      489     1729
      410      819      308     1915      204      686
      482      666      408      873      253     1835
      304     1835      388     1936      276     1759
      433     1863      339     1722      438     1779
      434     1734      457      639      466      658
      312      762      406      797      381      564
      490      738      357      716      358      871
      255     2925      395      605      521      632
      443      709      281     1830      497     1670
      493     1909      259     1670      521      657
      459     1706      496     1775      386     7566
     4223     4595      423     1728      463      661
      435     1861      329     1705      487      665
      388      677      470     1757      435      692
      416      915      230     1676      463      662
      444      728      367     1858      333     1744
      450      869      224     1779      214      889
      414      659      436      785      342     1702
      468     1778      413     1724      467     1699
      513     1706      465     1777      414     1727
      464     1726      465      634      409      769
      389      604      490      688      386      688
      407      667      459      715      390      892
      224      589      485     1680      512      640
      434      716      410      691      415     1776
      416     1725      487     1809      362     1725
      467      659      468     1752      356     1860
      383     1757      414    13889-pulse  1693943-space

  1667813-space

     4458     4346      612     1577      614      485
      589     1602      589     1605      618      479
      595      504      623     1569      623      478
      565      532      615     1577      614      486
      619      478      617     1574      618     1573
      618      481      614     1578      571     1617
      615      483      644     1547      613     1577
      614     1577      614     1578      614     1576
      614     1579      571      526      622     1569
      622      477      622      477      614      484
      621      478      617      482      613      488
      566      531      616      482      613      486
      619      480      595      504      621      478
      618      481      614      487      567     1623
      568     1624      588     1607      616     1572
      588     1604      587     1604      588     1604
      589     1601      599     5186     4464     4335
      589     1603      568      531      617     1574
      564     1627      617      482      592      507
      619     1572      588      512      575      522
      591     1599      592      507      567      531
      596     1595      586     1605      586      514
      570     1621      570     1619      593      506
      568     1624      568     1626      565     1623
      590     1601      591     1600      591     1603
      568      530      565     1624      598      500
      595      504      591      508      566      532
      594      504      570      532      573      526
      590      507      567      531      564      535
      570      528      598      501      573      526
      590      510      574     1616      565     1625
      597     1594      566     1625      566     1625
      598     1596      564     1625      567     1626
      597    14036-pulse  1874053-space

  1848095-space

     4421     4363      564     1651      540      559
      546     1645      546     1648      544      527
      568      557      538     1654      538      563
      542      555      540     1651      541      560
      546      551      544     1647      545     1646
      545      528      567     1652      540      557
      538     1653      539     1626      566     1652
      540     1625      566      560      546     1643
      538     1656      546     1643      538      561
      544      555      540      561      544      552
      543     1622      570      555      540      561
      545     1644      547     1618      575     1643
      547      551      544      555      540      559
      546      553      542      559      547      550
      545      554      544      555      547     1618
      573     1644      547     1618      574     1617
      565     1625      565     5220     4436     4363
      564     1627      564      561      546     1646
      545     1620      571      554      541      557
      538     1653      539      562      547      550
      542     1649      543      556      539      560
      545     1646      546     1645      547      526
      568     1651      540      557      538     1653
      539     1653      539     1629      562     1626
      566      559      546     1619      572     1621
      571     1620      572      553      542      557
      538      561      545      554      541     1650
      541      558      538      563      542     1624
      568     1621      571     1620      571      554
      593      506      599      499      596      504
      591      509      597      500      595      504
      591      507      598     1592      599     1592
      590     1578      614     1574      618     1575
      617    13896-pulse  7973956-space

  3657756-space

     4429     4354      571     1620      574      552
      562     1629      562     1603      567      558
      547      552      543     1622      593      535
      548      549      546     1646      568      531
      542      558      537     1627      596     1626
      534      560      566     1626      544     1619
      573      553      543     1648      568     1598
      570     1621      571     1620      572     1619
      572     1623      568      552      564     1627
      565      534      540      559      546      552
      543      556      539      560      546      555
      540     1622      591      535      540     1651
      572     1593      588      538      568      534
      540      556      539      562      544      553
      542     1623      590      535      570      529
      546     1618      595     1596      594     1596
      595     1594      566     5221     4425     4372
      597     1593      598      528      567     1598
      594     1597      594      531      565      535
      538     1626      597      531      544      553
      542     1622      591      535      571      528
      549     1615      594     1596      595      530
      565     1601      570     1620      594      532
      562     1629      563     1603      589     1602
      568     1622      572     1618      570     1623
      569      555      540     1625      598      528
      547      553      542      557      538      560
      546      553      542      559      546     1616
      596      529      545     1619      593     1598
      573      552      543      555      540      559
      599      502      593      504      591     1599
      572      529      598      500      595     1570
      622     1569      570     1621      623     1573
      566    19183-pulse