Running as regular user pi
 16777215

     4462     4357      568     1624      570      556
      547     1645      546     1620      572      554
      540      559      546     1646      546      558
      537      558      547     1645      546      553
      542      558      548     1644      547     1645
      546      553      542     1627      565     1652
      540      560      546     1621      571     1649
      543     1623      568     1625      567     1626
      566     1631      571      550      545     1622
      570      556      539      561      545      555
      540      560      546      554      541      565
      542     1618      573      553      542      558
      538      562      544     1649      543     1624
      571      555      537      564      541      556
      539     1653      538     1628      564     1655
      548      552      542      558      538     1654
      548     1618      574     5217     4432     4370
      568     1623      568      532      574     1618
      573     1620      572      554      542      558
      547     1646      546      556      539      558
      547     1645      547      553      542      558
      540     1651      538     1628      574      552
      543     1625      567     1624      572      555
      546     1619      572     1621      571     1622
      570     1622      569     1626      565     1626
      566      558      547     1619      573      553
      542      558      537      563      543      555
      592      507      598      503      592     1598
      542      558      590      509      596      503
      592     1603      537     1626      566      560
      597      504      591      506      599     1593
      598     1569      622     1569      623      504
      591      509      597     1596      596     1575
      617    19368-pulse  1849410-space

  1820584-space

     4450     4361      566     1649      542      557
      538     1627      565     1653      539      535
      571      555      543     1649      540      561
      545      552      543     1648      544      556
      539      560      546     1647      545     1619
      572      553      542     1625      566      557
      538     1626      568     1649      539     1652
      540     1652      540      559      546     1619
      574     1620      570     1646      546      554
      541      558      547      552      543      556
      539     1655      537      559      546      555
      540     1649      542     1623      568     1650
      542      559      537      561      544      555
      540      559      547      554      541      556
      539      560      546      554      541     1653
      538     1624      567     1651      541     1652
      540     1624      567     5218     4429     4372
      567     1622      570      555      540     1625
      567     1651      540      558      547      552
      544     1647      545      556      539      558
      537     1630      562      560      545      554
      541     1623      569     1622      569      556
      539     1627      566      558      546     1619
      573     1619      573     1619      573     1620
      575      551      541     1624      567     1626
      566     1624      568      557      538      561
      546      554      541      558      547     1644
      538      562      544      557      591     1573
      567     1628      564     1625      566      559
      599      500      595      504      591      508
      598      503      592      506      591      508
      596      503      592     1599      593     1572
      619     1572      620     1575      617     1573
      618    16685-pulse  1636733-space

  1607364-space

     4433     4374      576     1616      572      527
      568     1625      567     1652      540      560
      546      554      541     1651      541      561
      545      552      543     1649      543      557
      539      561      545     1649      544     1621
      571      555      540     1628      564     1652
      540      560      546     1623      569     1647
      545     1647      545     1648      544     1650
      543     1650      540      557      538     1628
      564      562      544      556      539      560
      545      557      538      558      548      554
      541     1649      543      556      539      561
      545      555      540     1651      541     1624
      566      560      546      555      540      557
      538     1627      564     1627      567     1651
      538      562      544      555      540     1652
      540     1625      566     5221     4438     4366
      562     1626      565      561      545     1620
      571     1621      571      554      541      558
      547     1644      547      554      541      557
      539     1653      542      558      544      554
      541     1651      541     1625      567      559
      546     1648      545     1620      571      554
      540     1626      566     1626      566     1627
      565     1630      561     1628      564     1630
      572      552      544     1622      570      557
      538      560      545      554      541      558
      599      500      596      506      590     1600
      539      560      598      505      590      506
      599     1593      599     1568      572      554
      593      508      597      500      595     1598
      594     1570      622     1570      622      504
      591      509      597     1598      594     1572
      620    17168-pulse  1807228-space

  1780326-space

     4433     4365      562     1628      564      562
      544     1622      570     1648      546      554
      539      560      546     1620      572      556
      539      558      547     1618      573      552
      549      551      538     1626      565     1653
      539      561      545     1623      569      555
      540     1655      537     1652      540     1652
      540     1625      566      559      547     1646
      546     1646      545     1644      547      552
      543      556      539      560      545      557
      538     1650      541      558      547      554
      541     1622      570     1622      570     1649
      543      556      539      560      545      554
      541      558      547      554      541      556
      539      561      545      557      538     1651
      541     1625      567     1652      540     1626
      566     1626      566     5220     4431     4371
      564     1628      574      552      543     1624
      568     1650      541      558      547      552
      543     1649      543      559      547      551
      548     1618      571      555      540      559
      546     1646      546     1620      571      554
      542     1625      565      558      547     1618
      574     1618      574     1618      576     1615
      574      552      543     1622      570     1624
      568     1621      572      555      539      559
      546      553      543      557      538     1653
      538      561      545      557      591     1573
      567     1625      567     1625      567      559
      598      501      594      505      590      509
      597      506      590      506      599      500
      595      505      591     1602      590     1575
      617     1578      614     1574      617     1576
      626    14716-pulse  1464720-space

  1438772-space

     4457     4365      573     1619      572      553
      542     1623      568     1650      542      557
      538      562      544     1621      571      557
      538      559      546     1645      547      554
      542      556      539     1652      539     1652
      540      560      546     1622      570     1650
      542      554      540     1651      540     1652
      540     1651      540     1626      565     1626
      566     1628      574      550      545     1620
      571      557      538      558      547      552
      543      556      539      560      545      556
      539     1651      541      559      547      552
      544      556      538     1653      538     1628
      564      562      544      557      538      559
      547     1647      544     1618      573     1619
      572      554      541      558      547     1645
      548     1644      547     5213     4439     4364
      571     1621      571      554      542     1624
      567     1651      541      559      546      553
      543     1649      543      559      547      551
      544     1621      571      555      540      560
      546     1646      546     1620      573      553
      541     1626      566     1624      567      559
      547     1619      572     1622      569     1646
      545     1647      545     1647      544     1623
      568      556      539     1625      566      559
      546      553      542      557      538      561
      597      503      592      509      597     1596
      544      553      594      505      590      509
      597     1594      597     1568      571      556
      592      509      597      500      595     1597
      595     1571      621     1572      620      509
      597      500      595     1597      595     1572
      619    13795-pulse  1713854-space

  1683797-space

     4433     4380      568     1624      568      558
      538     1628      564     1654      538      562
      544      555      540     1655      537      562
      543      554      541     1650      541      558
      547      552      543     1648      545     1622
      569      557      539     1629      572      551
      544     1622      570     1651      540     1649
      543     1649      542      558      538     1628
      564     1657      545     1644      547      552
      543      556      539      560      545      553
      541     1650      542      560      535      563
      542     1647      545     1620      571     1647
      545      555      540      560      545      553
      542      557      538      563      542      555
      540      559      547      552      543     1649
      543     1625      566     1648      543     1622
      570     1621      570     5219     4430     4374
      564     1626      566      560      545     1620
      571     1648      544      555      540      559
      546     1619      572      556      540      558
      548     1618      574      555      540      557
      539     1627      564     1628      564      562
      544     1624      567      556      540     1626
      565     1627      564     1628      564     1628
      564      562      547     1619      570     1624
      568     1622      570      556      539      560
      546      553      543      557      537     1628
      564      562      544      558      590     1601
      539     1627      567     1625      564      562
      596      503      592      508      598      501
      594      507      599      499      596      503
      593      507      598     1593      598     1568
      624     1568      624     1568      623     1574
      618    17850-pulse  1737896-space

  1715914-space

     4430     4362      573     1618      573      555
      540     1623      569     1649      543      556
      539      561      545     1647      545      557
      540      558      546     1646      546      554
      541      558      547     1645      547     1620
      575      551      541     1627      565     1651
      540      560      546     1620      572     1648
      544     1647      545     1647      544     1648
      544     1650      545      553      539     1626
      566      560      546      553      542      557
      538      561      545      554      541      560
      547     1643      547      552      543      556
      540      560      546     1645      547     1619
      576      550      542      560      546      551
      544     1648      544     1622      570     1648
      544      557      539      559      546     1645
      546     1618      573     5216     4431     4367
      571     1620      572      554      541     1624
      568     1624      567      559      547      554
      541     1648      543      559      547      550
      545     1646      545      554      541      558
      547     1644      547     1618      574      552
      543     1623      568     1621      570      556
      539     1625      567     1625      567     1625
      567     1624      567     1627      564     1626
      566      558      538     1627      564      561
      545      554      593      506      600      499
      595      503      592      509      596     1593
      599      501      594      505      590      509
      597     1598      594     1568      623      502
      593      509      597      500      595     1597
      594     1573      619     1572      619      506
      599      500      596     1595      596     1571
      624    19826-pulse