Running as regular user pi
 16777215

     4449     4362      573     1645      547      526
      569     1649      543     1623      568      557
      538      562      544     1622      570      557
      543      560      544     1650      538      553
      541      558      538     1653      539     1627
      563      571      535     1664      529      554
      540      559      546      551      542      557
      538     1654      539     1659      534     1654
      549     1619      568     1623      572     1618
      574     1619      570     1623      570      555
      536      559      546      554      540      560
      546     1644      541     1653      536     1627
      563      534      571      557      539      556
      548      551      543      558      547      552
      542      555      541      559      547     1648
      544     1647      543     1621      570     1620
      571     1623      568    14526-pulse  1814549-space

  1788399-space

     4427     4371      566     1649      543      556
      539     1626      566     1628      564      559
      546      526      569     1649      543      558
      547      550      545     1620      572      555
      540      558      547     1644      547     1644
      547      552      544     1623      569      554
      541      558      547      552      544      555
      540     1625      566     1651      540     1633
      560     1626      565     1624      567     1651
      541     1624      567     1628      564      559
      546      553      543      556      539      562
      544     1619      572     1645      547     1618
      573      553      542      557      538      561
      545      554      541      560      545      551
      544      555      543      556      546     1645
      546     1645      546     1619      572     1620
      571     1624      569    17722-pulse  1267736-space

  1238354-space

     4430     4363      566     1651      538      561
      545     1646      545     1620      572      554
      541      558      538     1655      536      536
      569      554      541     1650      541      532
      573      525      570     1623      569     1621
      571      555      540     1653      539      559
      547      552      543      556      539      562
      543     1645      547     1644      548     1618
      574     1620      571     1619      572     1618
      574     1618      564     1627      564      561
      545      554      544      529      573      554
      541     1648      544     1620      571     1620
      572      553      543      557      538      561
      545      554      541      560      545      551
      544      555      540      559      547     1644
      550     1641      538     1628      564     1628
      564     1629      572    20969-pulse  1070995-space

  1041374-space

     4453     4364      573     1647      545      526
      569     1648      543     1622      569      556
      539      560      545     1648      544      555
      540      557      538     1653      539      561
      545      554      541     1651      542     1651
      540      559      546     1648      544      553
      542      557      538      535      571      528
      567     1651      541     1625      567     1625
      567     1627      564     1627      565     1625
      566     1626      566     1626      566      560
      545      554      544      555      538      563
      542     1647      545     1646      545     1620
      571      554      542      557      547      552
      543      556      539      562      544      553
      542      557      538      561      545     1647
      548     1643      545     1620      571     1620
      572     1622      570    21163-pulse  1151170-space

  1125691-space

     4427     4371      567     1649      543      556
      539     1652      539     1628      563      560
      546      553      542     1649      542      559
      546      550      545     1646      546      555
      539      558      547     1644      549     1644
      546      552      543     1624      572      552
      538      560      545      554      541      558
      547     1644      547     1618      564     1629
      563     1629      573     1616      565     1626
      565     1652      543     1623      565      560
      545      554      541      558      537      564
      542     1647      544     1648      543     1621
      570      555      540      559      546      553
      542      556      539      562      544      553
      542      557      538      561      544     1647
      545     1646      546     1620      572     1621
      571     1621      570    17065-pulse  1077057-space

  1053359-space

     4428     4376      569     1648      543      556
      539     1628      564     1625      566      559
      546      553      542     1623      568      559
      546      551      544     1623      569      555
      539      559      546     1646      546     1619
      572      553      542     1628      564      557
      538      561      545      554      541      558
      547     1644      547     1645      546     1618
      573     1620      571     1618      573     1619
      573     1619      572     1619      572      553
      542      557      538      560      545      555
      540     1651      541     1623      568     1624
      568      557      538      561      545      554
      541      558      547      554      544      553
      539      560      545      553      541     1624
      567     1650      541     1625      568     1624
      567     1627      565    15292-pulse  1065308-space

  1041456-space

     4434     4376      569     1648      543      530
      565     1654      537     1625      567      559
      547      552      543     1647      544      557
      538      558      547     1646      546      552
      543      556      539     1652      540     1625
      566      559      547     1649      542      552
      543      555      539      559      546      552
      543     1647      544     1647      544     1620
      572     1622      570     1620      571     1620
      571     1620      571     1620      571      554
      541      558      547      551      544      557
      538     1650      542     1649      541     1623
      568      557      538      560      545      553
      542      557      538      563      546      551
      541      558      538      561      544     1647
      545     1646      545     1620      573     1619
      571     1622      569    15425-pulse  1175415-space

  1145843-space

     4429     4362      565     1655      537      560
      546     1645      547     1645      547      552
      543      556      539     1628      563      561
      544      553      543     1649      543      556
      539      560      545     1646      547     1619
      572      528      567     1652      540      557
      538      561      544      555      540      559
      550     1642      547     1619      573     1619
      572     1621      570     1621      571     1620
      571     1620      572     1620      572      554
      541      558      541      558      544      556
      538     1651      541     1650      541     1625
      567      559      548      551      542      557
      539      560      545      556      539      558
      547      552      543      556      540     1652
      543     1649      540     1626      566     1625
      566     1627      565    21184-pulse  1061238-space

  1037326-space

     4454     4361      566     1651      540      559
      546     1645      547     1618      573      552
      543      556      539     1626      565      562
      543      554      541     1651      540      558
      547      552      544     1647      545     1646
      545      554      541     1652      539      558
      538      561      544      554      541      558
      547     1644      538     1660      532     1626
      565     1654      538     1625      566     1625
      566     1626      566     1626      566      559
      546      553      542      557      538      562
      543     1646      547     1618      572     1619
      572      553      542      557      538      561
      545      554      541      560      549      548
      544      555      540      559      546     1645
      546     1645      546     1645      548     1618
      573     1620      571    15434-pulse  1105461-space

  1077440-space

     4422     4378      570     1646      545      555
      539     1652      540     1624      567      559
      547      552      543     1648      543      532
      573      550      545     1620      572      554
      541      558      537     1630      563     1653
      538      561      544     1623      569      554
      541      558      547      555      540      555
      540     1652      540     1651      540     1651
      540     1628      564     1625      566     1626
      566     1626      566     1626      566      563
      542      554      541      558      547      554
      541     1649      543     1649      543     1623
      569      555      539      560      545      554
      541      558      537      564      542      555
      550      549      546      553      542     1652
      539     1649      542     1623      568     1623
      568     1625      567    19581-pulse  1039611-space

  1017196-space

     4436     4370      565     1652      539      534
      574     1643      546     1619      572      553
      542      557      538     1627      565      562
      544      553      541     1624      568      558
      538      561      544     1647      545     1621
      574      552      540     1653      539      558
      547      552      543      556      539      560
      546     1646      546     1647      545     1619
      572     1622      570     1619      573     1622
      570     1619      573     1618      574      552
      544      555      540      559      546      554
      541     1649      543     1647      544     1621
      571      554      541      558      547      552
      543      558      537      561      544      552
      543      556      539      560      546     1645
      546     1644      547     1619      572     1618
      573     1620      571    13971-pulse  1243988-space

  1222215-space

     4427     4373      573     1644      547      554
      541     1647      545     1620      572      554
      541      558      538     1653      539      564
      542      553      542     1649      542      557
      539      534      571     1645      546     1648
      544      552      543     1650      542      555
      540      559      546      553      542      557
      538     1652      541     1625      565     1626
      566     1628      564     1651      540     1628
      563     1625      567     1624      568      558
      538      561      544      555      540      561
      546     1643      547     1618      574     1618
      574      552      544      555      540      559
      549      550      543      558      547      549
      546      553      542      557      538     1653
      539     1652      539     1627      565     1625
      566     1627      565    13358-pulse