Running as regular user pi
 16777215

     4456     4359      568     1622      570      556
      539     1653      539     1653      538      562
      546      553      539     1653      539      563
      543      555      540     1625      566      560
      546      554      546     1622      565     1652
      539      561      545     1649      542      556
      539     1630      561     1654      547     1619
      572     1620      571      555      540     1627
      565     1654      547     1617      564      562
      544      556      539      561      545      554
      541     1651      540      559      546      555
      540     1649      541     1650      541     1626
      566      559      546      554      541      558
      547      553      543      559      546      551
      544      555      540      559      546     1646
      546     1646      546     1620      571     1621
      571     1620      573     5215     4431     4373
      564     1629      573      553      541     1625
      568     1626      565      561      544      556
      539     1653      539      563      542      555
      540     1629      562      560      545      554
      541     1650      541     1651      540      559
      546     1623      569      554      540     1626
      566     1627      565     1628      574     1619
      572      554      541     1625      567     1628
      564     1627      565      561      544      556
      539      560      545      554      541     1652
      540      560      545      556      539     1651
      540     1629      563     1627      564      562
      596      504      591      509      597      502
      593      509      596      502      593      506
      599      500      595     1597      594     1572
      620     1572      619     1575      616     1575
      617    15829-pulse  3165877-space

  3142217-space

     4423     4385      572     1619      572      528
      567     1627      564     1651      541      559
      547      553      543     1623      569      558
      547      550      549     1643      545      554
      541      558      547     1618      574     1644
      547      552      543     1627      564      556
      539      560      546      553      542     1649
      543     1649      543     1650      542     1622
      569     1624      567     1622      570     1624
      567     1621      571      554      540      559
      547      552      543      556      539      563
      543     1650      542      554      541     1624
      568     1649      542     1624      568      558
      538      564      541      556      539      558
      537     1653      538      561      545      554
      541      558      548     1643      539     1652
      538     1626      566     5222     4435     4363
      565     1628      564      561      545     1621
      571     1621      571      555      540      559
      546     1621      570      554      541      556
      539     1625      567      559      547      552
      543     1622      571     1647      543      556
      539     1628      574      550      545      554
      541      557      538     1630      562     1627
      565     1627      565     1627      565     1629
      573     1618      563     1628      564     1628
      564      561      544      555      540      559
      547      555      540      558      589     1599
      540      559      546     1618      573     1618
      573     1620      572      553      594      505
      590      511      594      503      592     1599
      592      507      598      504      591      505
      590     1574      617     1573      618     1575
      616    21527-pulse  2281586-space

  2253643-space

     4455     4359      568     1621      570      529
      566     1626      565     1653      539      561
      547      552      540     1651      541      561
      545      552      543     1648      544      555
      539      559      555     1610      572     1644
      547      552      543     1624      568      556
      539     1629      563     1652      540     1626
      565     1626      565      560      545     1621
      571     1621      570     1619      572      553
      542      557      538      561      545      554
      541     1624      568      557      538      563
      543     1620      571     1620      571     1621
      571      554      541      558      537      561
      544      555      540      560      545      552
      543      556      539      560      546     1649
      564     1599      572     1620      571     1621
      571     1620      573     5213     4436     4365
      570     1622      570      556      539     1629
      595     1595      565      561      545      554
      540     1625      598      530      544      553
      541     1627      586      537      547      552
      543     1623      590     1602      568      557
      538     1631      571      551      543     1622
      569     1623      568     1624      568     1627
      564      559      547     1619      572     1622
      569     1621      571      555      541      559
      546      554      541      558      547     1619
      593      533      541      560      597     1566
      576     1617      572     1621      571      555
      592      508      598      501      593      506
      590      512      594      505      591      508
      597      502      593     1599      593     1574
      618     1574      617     1578      614     1577
      624    15759-pulse  2165805-space

  2137835-space

     4425     4376      561     1628      573      553
      542     1649      563     1603      568      558
      549      550      542     1623      589      538
      546      551      544     1622      591      535
      539      560      547     1620      592     1600
      571      555      571     1623      538      560
      545      554      544      555      547     1618
      594     1598      572     1620      571     1620
      571     1624      567     1622      569     1622
      569     1623      569      556      570      530
      545      554      541      559      547      554
      541     1622      591      535      539     1652
      571     1596      564     1626      565      560
      566      533      541      560      546      551
      544     1624      589      534      540      559
      546      553      542     1624      589     1604
      598     1593      568     5218     4428     4370
      567     1624      567      558      547     1618
      574     1618      572      553      542      557
      538     1627      596      531      543      554
      541     1627      565      557      538      561
      544     1621      592     1599      571      554
      541     1627      565      557      538      561
      544      555      541     1624      568     1623
      568     1626      565     1623      568     1626
      565     1624      567     1624      567     1624
      568      557      538      561      545      554
      541      558      538      563      542     1646
      545      557      538     1623      568     1624
      568     1624      568      557      590      509
      596      506      589      506      599     1592
      599      500      595      504      591      508
      598     1594      598     1571      621     1570
      621    15827-pulse  2355859-space

  2326306-space

     4428     4379      569     1625      567      556
      539     1652      571     1594      566      560
      545      554      541     1626      586      539
      546      551      544     1621      591      534
      540      559      546     1634      579     1597
      573      552      543     1650      542      555
      539     1651      571     1596      564     1624
      567     1624      568      558      569     1622
      569     1599      572     1616      596      529
      566      533      541      558      538      561
      544     1620      596      529      562      538
      546     1616      596     1595      596     1595
      596      529      567      533      540      558
      537      561      544      557      538      558
      547      552      543      556      539     1625
      601     1590      588     1603      589     1602
      589     1601      569     5216     4429     4370
      567     1621      592      533      562     1629
      562     1603      588      536      570      529
      545     1619      593      534      540      557
      538     1626      597      531      543      553
      542     1622      590     1601      570      555
      571     1595      565      559      546     1617
      564     1627      565     1626      565     1626
      566      563      543     1619      573     1620
      571     1618      573      552      543      557
      538      562      544      554      541     1624
      589      537      538      563      542     1620
      592     1599      574     1617      572      554
      541      558      547      552      543      556
      591      510      596      501      593      505
      591      508      597     1567      593     1599
      572     1620      572     1620      575     1618
      622    17455-pulse  2497489-space

  2474882-space

     4427     4362      574     1617      595      530
      567     1624      565     1601      591      535
      570      529      545     1646      567      535
      539      559      547     1617      595      530
      564      534      540     1651      571     1594
      598      531      564     1626      544      553
      563      536      538      561      544     1647
      566     1600      591     1599      592     1599
      592     1601      570     1619      593     1602
      589     1599      593      532      562      537
      538      561      545      554      541      560
      545     1644      568      529      565     1626
      566     1599      592     1599      593      533
      565      534      548      553      542      556
      539     1626      597      528      567      533
      542      558      538     1654      569     1596
      595     1596      565     5223     4433     4362
      566     1626      596      529      566     1599
      593     1599      593      533      562      537
      551     1614      595      532      542      555
      539     1625      598      527      547      552
      543     1622      591     1599      571      554
      562     1631      540      557      538      561
      544      554      544     1620      589     1602
      568     1622      569     1622      570     1625
      567     1622      569     1622      569     1622
      569      556      539      560      545      557
      538      557      538      563      542     1620
      592      533      541     1623      589     1603
      568     1623      568      557      538      561
      544      556      591      506      599     1566
      594      534      592      504      591      508
      598     1566      594     1597      573     1620
      623    20506-pulse  1930554-space

  1908642-space

     4454     4360      566     1625      567      561
      565     1623      568     1597      594      531
      564      535      539     1625      597      537
      538      553      542     1649      563      536
      569      530      544     1647      565     1603
      588      534      571     1622      538      559
      567     1624      567     1598      594     1599
      593     1598      593      533      562     1629
      563     1605      566     1624      588      537
      568      531      543      556      539      560
      545     1620      593      533      562      539
      547     1616      595     1596      595     1597
      595      530      565      535      540      560
      549      550      541      560      546      551
      544      556      539      560      546     1619
      593     1598      598     1594      593     1598
      593     1598      573     5216     4430     4367
      571     1620      592      533      562     1603
      589     1603      588      537      568      533
      542     1622      590      538      547      550
      545     1621      592      534      540      559
      546     1622      591     1598      572      553
      563     1631      540      557      538     1628
      595     1595      565     1626      565     1626
      565      560      545     1623      569     1622
      570     1620      571      554      541      559
      547      552      543      556      539     1626
      597      528      546      555      540     1622
      590     1601      569     1622      573      553
      539      560      545      554      541      558
      589      511      594      503      592      507
      599      500      595     1571      589     1601
      569     1622      569     1622      569     1624
      623    19757-pulse  2119817-space

  2097227-space

     4425     4371      597     1595      597      529
      566     1625      566     1599      592      533
      562      537      538     1653      570      531
      550      548      540     1650      562      537
      569      530      544     1647      566     1599
      592      511      584     1631      539      558
      569      530      544      555      540     1625
      598     1595      596     1594      597     1594
      597     1597      564     1626      597     1598
      593     1595      596      530      565      534
      540      559      546      553      542      559
      547     1618      595      530      565     1626
      565     1600      591     1600      591      534
      574      525      546      555      540      557
      538     1626      597      529      566      533
      541      558      548     1618      594     1596
      594     1597      574     5215     4432     4366
      593     1598      592      533      561     1603
      588     1603      588      537      568      531
      546     1619      590      537      548      549
      546     1619      593      533      562      537
      548     1619      594     1596      574      551
      565     1628      542      555      540      559
      546      553      546     1619      590     1601
      570     1621      570     1621      570     1624
      567     1621      571     1620      571     1620
      571      554      541      558      547      555
      540      556      539      561      544     1619
      593      532      542     1624      589     1604
      567     1624      567      559      547      553
      543      559      599      498      597     1567
      593      535      591      505      590      509
      597     1568      592     1598      572     1621
      623    20444-pulse  5070456-space

   747487-space

     4367     4456      512     1676      494      605
      490     1700      491     1674      538      562
      513      585      540     1624      546      608
      487      610      464     1727      485      588
      518      581      514     1706      517     1673
      486      611      494     1675      539      558
      515      611      516      556      518     1672
      519     1673      518     1699      493     1673
      519     1675      516     1645      568     1650
      541     1678      492      580      536      591
      493      579      516      608      466      634
      492      631      485      562      512      588
      518      581      545     1620      541      611
      494      579      516      612      514     1648
      543     1676      494     1696      496     1670
      520      579      537     1680      491     1701
      511     1679      492     5265     4385     4438
      494     1748      443      580      515     1675
      518     1674      517      609      486      586
      520     1698      493      608      487      584
      542     1651      541      583      491      581
      545     1647      513     1652      571      580
      494     1676      515      554      228      949
      522      551      512     1652      539     1627
      543     1700      491     1673      518     1676
      516     1674      517     1648      564     1654
      537      561      513      586      520      604
      491      584      511      589      516      580
      515      583      543      560      514      581
      545     1620      540      584      521      578
      517      558      547     1669      512     1680
      512     1679      543     1649      542      555
      519     1699      493     1676      515     1674
      517    16028-pulse  2266077-space

  2237894-space

     4433     4378      590     1602      589      537
      569     1597      594     1599      592      533
      575      525      547     1618      594      534
      540      558      548     1618      595      530
      564      535      539     1628      595     1596
      595      531      564     1604      567      557
      569     1600      591     1598      593     1600
      592     1600      591      535      571     1596
      595     1599      572     1618      594      532
      563      537      569      531      564      535
      570     1599      593      531      564      538
      547     1617      595     1597      594     1598
      594      532      562      538      568      532
      564      536      569      532      543      555
      571      528      567      533      562     1606
      585     1604      598     1595      597     1596
      595     1596      576     5212     4434     4373
      585     1604      598      528      566     1599
      593     1600      590      536      570      530
      565     1600      591      537      548      550
      566     1602      589      534      571      528
      567     1599      592     1600      591      535
      571     1599      572      551      564     1602
      590     1603      588     1604      598     1594
      597      528      567     1598      593     1601
      569     1621      591      535      570      530
      565      533      540      559      546     1619
      593      533      562      540      544     1619
      593     1600      591     1601      590      536
      570      530      565      534      540      559
      546      555      540      558      537      561
      544      555      540     1626      596     1596
      596     1597      594     1601      590     1601
      570    16014-pulse  2266041-space

  2238396-space

     4454     4366      571     1618      573      553
      542     1624      568     1650      541      560
      545      552      543     1647      544      557
      538      559      547     1644      547      552
      543      556      540     1624      565     1625
      566      559      546     1620      571      552
      543      556      542      557      545     1646
      545     1620      571     1646      545     1647
      546     1648      542     1648      543     1649
      543     1649      542      557      541      559
      544      555      539      560      546      555
      540      557      538      561      544      555
      540      559      547     1645      546      552
      543      556      539      562      544     1645
      546     1620      572     1649      543     1620
      571      554      541     1624      567     1650
      541     1625      567     5218     4431     4368
      566     1625      566      560      546     1621
      571     1620      571      554      541      558
      547     1644      547      555      540      557
      538     1630      562      561      545      554
      541     1650      541     1624      567      558
      547     1621      571      552      543      556
      539      560      546     1645      546     1619
      572     1623      568     1621      571     1623
      568     1622      570     1621      571     1620
      570      555      540      559      546      553
      594      504      591      510      595      502
      593      506      602      497      595      503
      592     1599      540      560      598      501
      594      507      598     1591      591     1574
      564     1627      564     1627      616      509
      597     1569      626     1566      623     1571
      620    15511-pulse  1995565-space

  1968765-space

     4425     4369      568     1621      571      555
      540     1651      540     1652      542      557
      546      554      541     1650      541      560
      546      552      543     1648      543      556
      539      560      547     1644      546     1619
      572      553      542     1626      566      558
      541     1624      564     1653      539     1653
      539     1653      539      560      545     1621
      570     1648      543     1646      545      554
      541      558      547      552      543      556
      539     1652      540      560      546      555
      540     1650      541     1624      567     1652
      540      558      547      552      543      556
      539      560      545      556      539      558
      537      562      544      559      536     1625
      566     1626      566     1626      566     1626
      565     1627      565     5218     4431     4368
      566     1625      566      560      546     1620
      571     1645      546      553      542      558
      538     1654      538      564      542      555
      543     1648      540      559      546      553
      542     1622      569     1622      569      556
      538     1630      572      550      545     1620
      572     1620      572     1620      575     1617
      571      554      541     1624      567     1627
      565     1625      567      559      548      552
      542      557      538      561      597     1594
      545      555      540      561      597     1569
      561     1627      564     1627      565      561
      597      502      592      506      599      500
      595      505      591      506      598      500
      595      504      590     1601      591     1575
      616     1579      613     1576      626     1568
      623    14660-pulse  1984710-space

  1960555-space

     4431     4375      571     1620      571      555
      540     1627      564     1651      540      559
      546      553      542     1649      542      559
      546      551      544     1622      570      554
      541      558      547     1644      538     1627
      564      561      544     1625      566      554
      541      558      547      552      543     1648
      543     1649      543     1650      542     1648
      543     1624      567     1622      569     1622
      573     1619      570      555      540      559
      546      552      543      556      539      561
      544      553      542      556      540      559
      545      553      542     1649      542      557
      538      561      545      557      538     1651
      544     1621      567     1649      542     1623
      568      557      538     1627      565     1654
      538     1626      565     5220     4439     4361
      564     1629      563      562      544     1621
      571     1646      545      554      541      558
      537     1657      535      563      542      555
      540     1651      540      559      546      553
      542     1648      543     1624      568      556
      538     1628      564      559      546      553
      542      557      538     1655      536     1625
      566     1624      567     1624      567     1625
      566     1624      567     1622      569     1622
      570      556      539      559      546      553
      594      505      594      507      595      501
      594      505      590      508      597      501
      594     1597      594      505      590      508
      598      503      591     1597      594     1571
      621     1571      620     1571      623      502
      590     1575      616     1574      617     1576
      625    22024-pulse  1942057-space

  1912641-space

     4430     4370      567     1628      564      559
      546     1619      573     1645      547      553
      542      557      538     1629      562      563
      543      554      541     1650      541      558
      548      552      544     1649      543     1621
      570      556      539     1628      574      550
      545     1647      545     1650      542     1647
      544     1648      544      556      539     1626
      565     1656      546     1642      539      561
      545      555      540      559      546      553
      542     1649      546      553      539      562
      544     1645      546     1619      573     1645
      547      553      544      556      538      561
      545      554      541      560      545      552
      543      556      539      560      545     1646
      548     1617      571     1647      545     1621
      570     1620      571     5217     4430     4368
      569     1621      571      554      540     1624
      567     1652      540      559      547      553
      543     1623      569      558      547      550
      545     1645      547      552      542      557
      538     1653      539     1626      565      560
      545     1622      570      555      540     1624
      567     1624      567     1624      567     1624
      568      559      546     1618      573     1620
      571     1618      573      553      543      556
      539      562      544      553      541     1650
      541      558      547      554      593     1569
      570     1622      570     1621      570      555
      592      507      598      501      594      505
      590      511      594      503      592      508
      599      500      595     1596      596     1569
      623     1569      623     1568      626     1567
      621    17294-pulse  1967341-space

  1940481-space

     4424     4379      569     1621      571      555
      540     1652      540     1652      542      558
      545      554      541     1625      567      561
      545      552      543     1649      543      557
      539      561      544     1647      545     1647
      545      555      540     1627      565      559
      550      549      543      557      538     1653
      538     1627      564     1654      538     1629
      573     1620      571     1618      573     1618
      573     1619      573      556      539      557
      538      561      545      554      541      560
      545      551      543      555      540      559
      546      552      543     1649      542      556
      539      560      545      556      539     1651
      541     1624      567     1654      537     1625
      566      560      546     1619      572     1646
      545     1619      572     5211     4437     4360
      564     1627      565      561      544     1622
      569     1621      570      555      540      560
      546     1645      546      555      540      557
      538     1653      539      561      545      554
      541     1650      541     1623      568      557
      539     1628      572      551      544      554
      541      558      547     1644      538     1627
      567     1650      539     1626      565     1627
      564     1625      567     1625      566     1624
      567      558      547      552      543      556
      592      507      598      503      592      504
      593      505      597      501      593      506
      589     1601      590      509      596      502
      592      508      597     1593      589     1575
      616     1575      617     1575      616      509
      596     1572      620     1569      623     1571
      621    14729-pulse