Running as regular user pi
 12144188

  3525184-space

     4427     4371      599     1592      596      529
      566     1599      592     1600      592      534
      571      528      570     1595      593      535
      539      558      568     1597      594      532
      563      537      569     1598      593     1597
      594      531      564     1603      598      525
      569      530      565      534      574     1591
      597     1595      596     1596      595     1597
      594     1600      591     1597      593     1598
      593     1599      592      534      571      528
      566      536      559      537      568      534
      540     1623      589      537      568     1598
      594     1600      592     1599      591      534
      571      528      566      535      539      558
      568     1597      594      535      560      537
      569      531      564     1601      590     1602
      589     1602      568     5220     4426     4376
      592     1597      594      531      564     1602
      590     1603      588      536      569      530
      565     1600      591      537      548      549
      566     1599      595      530      572      528
      567     1599      593     1600      591      534
      571     1597      595      529      565      534
      571      528      567     1599      592     1599
      592     1600      594     1597      591     1603
      598     1592      589     1603      588     1605
      597      528      567      532      563      535
      570      529      566      535      539     1623
      589      537      569     1599      592     1596
      595     1596      595      530      565      535
      570      531      543      555      561     1603
      588      537      568      531      564      535
      570     1594      597     1595      596     1597
      573    16989-pulse  3127061-space

  3102428-space

     4461     4360      601     1593      595      529
      565     1600      602     1591      590      536
      569      530      565     1601      590      538
      547      551      565     1601      591      534
      571      529      566     1599      592     1600
      591      535      570     1600      591     1596
      595      530      565     1600      591     1602
      590     1603      589     1602      589     1603
      599     1595      595      528      566     1602
      589      534      572      528      567      533
      562      537      568      531      564      538
      547     1616      596      531      564     1600
      591     1600      591      534      571      528
      566      533      562      539      545      555
      561     1601      590      536      569      530
      565     1600      591     1601      591     1602
      589     1601      569     5217     4432     4370
      595     1611      581      531      564     1602
      589     1603      588      537      568      531
      564     1602      592      536      546      552
      564     1602      589      537      569      530
      564     1601      590     1603      588      537
      568     1600      591     1599      592      534
      571     1594      600     1592      597     1595
      596     1596      596     1596      595     1600
      591      532      563     1604      598      528
      567      532      562      537      569      530
      564      535      574      527      544     1619
      593      533      562     1604      598     1594
      597      529      575      526      571      527
      568      533      541      556      570     1595
      596      529      566      533      572     1596
      595     1593      598     1594      597     1596
      574    22457-pulse  1732483-space

  1704334-space

     4428     4372      596     1596      595      530
      564     1600      591     1601      590      535
      573      527      565     1600      592      536
      548      549      567     1598      593      533
      562      537      568     1599      592     1599
      592      535      570     1597      594      529
      566      534      571      532      563     1599
      592     1601      590     1602      589     1603
      598     1597      594     1594      596     1596
      595     1597      594      532      563      540
      566      530      564      535      570      531
      543     1620      592      533      572     1593
      598     1595      597      528      567     1599
      592      534      571      530      544      554
      562     1603      601      524      567      532
      563     1602      589      537      569     1597
      595     1595      576     5213     4431     4373
      595     1594      597      529      566     1600
      593     1600      590      536      570      530
      565     1600      591      537      547      550
      566     1603      588      534      571      528
      567     1599      592     1599      592      534
      571     1597      594      529      566      533
      572      527      567     1598      593     1599
      592     1604      588     1602      589     1605
      596     1594      597     1595      596     1598
      593      531      564      536      569      530
      565      534      571      530      544     1620
      592      537      569     1594      598     1594
      597      529      566     1600      591      535
      570      532      542      554      572     1594
      597      529      566      534      572     1594
      597      529      566     1603      588     1604
      566    16040-pulse  1516068-space

  1491478-space

     4430     4362      596     1596      595      505
      590     1601      593     1599      589      537
      569      530      565     1600      591      537
      548      549      567     1599      592      533
      562      537      569     1596      595     1597
      594      532      563     1608      594     1593
      588      512      593     1598      593     1599
      592     1601      591     1600      590     1602
      589     1605      596      527      567     1601
      590      533      562      538      568      532
      563      536      569      530      565      536
      538     1625      597      529      566     1599
      592     1600      591     1601      590     1602
      589      540      565      534      540      557
      569     1596      595      530      565      534
      571      528      567      532      562     1604
      588     1602      568     5218     4442     4361
      593     1599      593      534      571     1595
      596     1595      596      530      565      534
      571     1594      600      528      543      554
      572     1593      598      528      567      533
      562     1604      598     1596      596      529
      566     1602      589     1601      590      535
      570     1595      600     1592      595     1597
      594     1598      594     1598      593     1602
      589      533      572     1594      598      528
      567      533      562      537      569      531
      564      535      573      528      543     1621
      591      535      570     1595      597     1595
      596     1597      595     1596      595      530
      565      537      548      549      567     1599
      592      533      572      530      565      532
      563      536      569     1595      596     1598
      572    22490-pulse  1672513-space

  1652158-space

     4424     4374      594     1603      588      534
      571     1594      597     1595      596      529
      565      534      571     1595      596      530
      543      554      562     1603      598      527
      568      532      564     1602      590     1605
      587      536      570     1598      594     1596
      595      530      565     1601      591     1600
      591     1601      590     1602      589     1602
      589     1608      594      527      568     1597
      594      532      563      536      569      530
      565      534      571      529      566      534
      539     1623      589     1604      598     1594
      597      529      566      533      565     1601
      598      527      568      533      540      556
      570      529      566      533      562     1603
      589     1602      598      527      568     1597
      594     1597      574     5211     4434     4368
      590     1600      591      534      571     1594
      597     1595      599      526      565      534
      572     1593      598      530      544      553
      563     1603      589      537      569      530
      563     1601      590     1602      589      537
      569     1598      593     1600      591      532
      564     1602      589     1603      588     1603
      588     1604      597     1594      597     1596
      594      529      566     1600      591      535
      570      532      563      533      562      537
      568      531      564      537      547     1616
      596     1595      596     1597      594      531
      564      536      569     1596      595      530
      564      537      547      550      566      537
      569      528      567     1599      593     1600
      591      534      571     1595      596     1599
      571    18269-pulse  1488316-space

  1459316-space

     4433     4375      595     1597      591      535
      570     1595      596     1596      595      531
      564      535      573     1593      596      532
      543      554      572     1594      597      529
      566      533      572     1595      596     1594
      597      530      565     1602      589      534
      571      528      567      532      567     1599
      588     1604      598     1594      597     1595
      596     1599      571     1618      594     1598
      593     1599      593      533      572      527
      568      535      560      536      570      532
      542     1621      591      535      570     1595
      596     1597      595     1596      595      530
      564      535      571      530      544      553
      562     1602      589      540      565      531
      564      535      570     1595      596     1597
      594     1597      573     5215     4431     4371
      597     1595      596      530      565     1601
      591     1602      589      535      570      529
      565     1599      592      536      549      549
      567     1597      596      529      563      536
      569     1596      595     1596      595      531
      564     1603      599      525      569      530
      565      534      571     1594      598     1594
      597     1594      600     1592      596     1597
      573     1616      596     1595      596     1597
      594      530      565      535      571      528
      567      533      562      539      546     1617
      595      531      567     1598      590     1602
      589     1604      598      528      567      532
      563      539      546      553      563     1601
      590      536      570      530      565      534
      571     1594      597     1598      593     1598
      572    16869-pulse  1526914-space

  1503551-space

     4430     4368      598     1594      597      528
      567     1601      590     1599      592      533
      572      527      568     1597      594      534
      540      557      570     1595      594      531
      564      536      570     1596      596     1597
      594      531      567     1601      566     1624
      588      538      567     1599      592     1600
      592     1600      590     1602      589     1604
      598     1596      574      549      567     1602
      589      507      598      527      568      531
      564      535      570      529      566      535
      539     1625      587      537      568     1597
      594     1598      593      533      562      538
      568      531      564      540      544      550
      566     1600      592      534      571      528
      567     1598      593     1600      591     1600
      591     1600      571     5216     4430     4372
      596     1597      595      530      564     1601
      591     1601      590      536      570      530
      565     1603      588      537      548      549
      566     1599      592      534      572      528
      567     1603      589     1598      592      534
      572     1595      564     1626      597      528
      566     1602      589     1601      591     1601
      590     1603      589     1604      599     1596
      573      550      566     1600      591      535
      570      529      566      534      571      528
      570      530      562      539      545     1618
      594      532      562     1603      598     1594
      600      526      566      534      572      528
      567      535      539      558      569     1597
      594      532      563      537      569     1596
      595     1597      594     1598      593     1602
      569    21235-pulse  1461260-space

  1439365-space

     4438     4364      591     1601      590      538
      568     1595      596     1596      595      531
      564      535      570     1595      596      533
      541      555      571     1594      597      529
      566      534      572     1594      597     1599
      592      530      564     1603      588      536
      569      530      565      534      571     1594
      597     1596      596     1595      596     1596
      596     1599      572     1619      593     1599
      592     1601      591      535      570      529
      565      534      572      528      567      534
      541     1623      598      527      567     1599
      593     1600      591      535      570     1598
      593      529      565      536      538      559
      567     1598      593      533      562      537
      568     1599      593      532      562     1603
      598     1593      567     5224     4433     4368
      590     1601      590      536      570     1596
      595     1597      595      531      564      536
      569     1595      596      531      543      554
      571     1594      597      529      566      534
      572     1596      595     1594      597      529
      566     1602      590      534      572      528
      567      533      562     1603      588     1604
      597     1595      596     1596      595     1602
      568     1619      593     1599      592     1599
      592      534      571      527      569      531
      563      536      569      532      542     1621
      591      535      570     1595      596     1599
      593      530      565     1600      591      535
      570      531      543      554      562     1603
      599      526      568      532      563     1601
      590      536      570     1595      596     1598
      575    19778-pulse  1439803-space

  1411116-space

     4427     4367      591     1598      593      533
      562     1603      598     1594      597      529
      566      536      559     1603      598      529
      545      553      564     1602      590      536
      570      530      565     1601      590     1600
      591      535      571     1596      574     1615
      597      529      569     1596      592     1600
      591     1601      590     1602      589     1604
      597     1596      574      550      566     1600
      592      534      571      528      567      532
      565      534      569      530      565      536
      548     1615      597      528      566     1599
      592     1601      591     1600      591     1601
      591      535      570      531      543      554
      572     1596      595      528      567      533
      562      537      568      531      564     1602
      589     1602      568     5220     4438     4366
      592     1597      594      531      564     1601
      590     1603      588      536      569      530
      565     1600      591      536      548      549
      566     1602      589      534      571      528
      567     1598      593     1599      592      534
      572     1597      574     1616      595      528
      569     1600      590     1601      590     1606
      585     1604      598     1594      597     1598
      573      551      564     1601      591      535
      569      530      565      534      571      529
      566      533      562      540      545     1619
      593      533      575     1591      597     1595
      596     1596      595     1597      594      532
      564      538      545      552      564     1601
      590      536      570      530      565      534
      571      528      566     1602      589     1602
      568    16589-pulse  1416631-space

  1386888-space

     4431     4375      593     1601      590      533
      562     1603      588     1604      598      527
      568      531      564     1604      588      537
      547      550      566     1599      592      533
      572      527      568     1597      595     1597
      593      532      563     1605      566     1624
      598      527      568     1600      591     1598
      593     1598      593     1599      592     1600
      593     1602      567      557      569     1596
      595      505      590      535      570      529
      566      533      565      534      568      533
      541     1622      590     1602      590     1602
      590      536      570      530      565     1600
      591      535      571      531      543      555
      572      528      567      532      563     1605
      587     1602      589      536      569     1596
      595     1595      575     5212     4434     4368
      590     1599      592      533      572     1593
      598     1595      596      528      567      533
      562     1603      588      539      545      552
      564     1601      591      538      567      529
      566     1599      593     1599      592      533
      562     1605      565     1625      587      537
      568     1597      594     1597      594     1598
      593     1599      593     1599      592     1601
      569      554      572     1593      598      527
      569      531      563      536      570      529
      565      534      572      530      544     1619
      593     1598      596     1596      592      533
      572      527      568     1597      594      531
      564      537      547      550      567      532
      562      537      568     1597      594     1598
      593      532      562     1603      601     1593
      574    17636-pulse  1527671-space

  1499337-space

     4447     4367      590     1599      592      534
      572     1594      597     1596      595      530
      565      537      568     1594      597      531
      543      554      562     1604      598      528
      567      533      562     1605      597     1594
      597      529      566     1601      569      555
      572      528      567      536      559     1603
      598     1594      597     1595      596     1595
      596     1599      572     1617      595     1597
      594     1598      593      532      562      537
      572      527      564      535      570      531
      543     1620      592      534      571     1594
      597     1596      595     1596      595      530
      564      535      570      531      543      554
      562     1603      591      534      568      531
      564      536      570     1596      595     1596
      595     1595      576     5210     4435     4369
      589     1600      592      534      571     1594
      598     1594      596      529      565      534
      571     1594      598      530      544      553
      562     1606      586      537      569      530
      564     1600      591     1601      591      535
      570     1598      573      550      566      533
      572      527      567     1598      593     1599
      592     1601      591     1602      589     1605
      565     1625      597     1595      596     1597
      594      530      564      534      571      528
      567      532      562      539      546     1616
      596      533      562     1601      590     1602
      590     1602      589      537      568      532
      563      538      547      551      565     1601
      591      535      570      529      566      534
      571     1594      598     1597      594     1597
      573    16209-pulse